mode: set
github.com/cgrates/cgrates/engine/kafka_logger.go:35.78,36.20 1 0
github.com/cgrates/cgrates/engine/kafka_logger.go:37.26,38.85 1 0
github.com/cgrates/cgrates/engine/kafka_logger.go:39.42,40.68 1 0
github.com/cgrates/cgrates/engine/kafka_logger.go:41.10,42.66 1 0
github.com/cgrates/cgrates/engine/kafka_logger.go:62.66,78.2 2 0
github.com/cgrates/cgrates/engine/kafka_logger.go:80.45,81.22 1 0
github.com/cgrates/cgrates/engine/kafka_logger.go:85.2,85.8 1 0
github.com/cgrates/cgrates/engine/kafka_logger.go:81.22,84.3 2 0
github.com/cgrates/cgrates/engine/kafka_logger.go:88.63,100.67 3 0
github.com/cgrates/cgrates/engine/kafka_logger.go:103.2,106.17 1 0
github.com/cgrates/cgrates/engine/kafka_logger.go:129.2,129.8 1 0
github.com/cgrates/cgrates/engine/kafka_logger.go:100.67,102.3 1 0
github.com/cgrates/cgrates/engine/kafka_logger.go:106.17,108.13 1 0
github.com/cgrates/cgrates/engine/kafka_logger.go:127.3,127.32 1 0
github.com/cgrates/cgrates/engine/kafka_logger.go:108.13,119.56 3 0
github.com/cgrates/cgrates/engine/kafka_logger.go:119.56,124.5 1 0
github.com/cgrates/cgrates/engine/kafka_logger.go:132.60,136.2 3 0
github.com/cgrates/cgrates/engine/kafka_logger.go:138.52,140.2 1 0
github.com/cgrates/cgrates/engine/kafka_logger.go:143.43,145.2 1 0
github.com/cgrates/cgrates/engine/kafka_logger.go:148.48,150.2 1 0
github.com/cgrates/cgrates/engine/kafka_logger.go:153.53,154.40 1 0
github.com/cgrates/cgrates/engine/kafka_logger.go:157.2,157.56 1 0
github.com/cgrates/cgrates/engine/kafka_logger.go:163.2,163.8 1 0
github.com/cgrates/cgrates/engine/kafka_logger.go:154.40,156.3 1 0
github.com/cgrates/cgrates/engine/kafka_logger.go:157.56,158.36 1 0
github.com/cgrates/cgrates/engine/kafka_logger.go:158.36,161.4 2 0
github.com/cgrates/cgrates/engine/kafka_logger.go:167.52,168.43 1 0
github.com/cgrates/cgrates/engine/kafka_logger.go:171.2,171.53 1 0
github.com/cgrates/cgrates/engine/kafka_logger.go:177.2,177.8 1 0
github.com/cgrates/cgrates/engine/kafka_logger.go:168.43,170.3 1 0
github.com/cgrates/cgrates/engine/kafka_logger.go:171.53,172.36 1 0
github.com/cgrates/cgrates/engine/kafka_logger.go:172.36,175.4 2 0
github.com/cgrates/cgrates/engine/kafka_logger.go:181.53,182.40 1 0
github.com/cgrates/cgrates/engine/kafka_logger.go:185.2,185.56 1 0
github.com/cgrates/cgrates/engine/kafka_logger.go:191.2,191.8 1 0
github.com/cgrates/cgrates/engine/kafka_logger.go:182.40,184.3 1 0
github.com/cgrates/cgrates/engine/kafka_logger.go:185.56,186.36 1 0
github.com/cgrates/cgrates/engine/kafka_logger.go:186.36,189.4 2 0
github.com/cgrates/cgrates/engine/kafka_logger.go:195.53,196.44 1 0
github.com/cgrates/cgrates/engine/kafka_logger.go:199.2,199.60 1 0
github.com/cgrates/cgrates/engine/kafka_logger.go:205.2,205.8 1 0
github.com/cgrates/cgrates/engine/kafka_logger.go:196.44,198.3 1 0
github.com/cgrates/cgrates/engine/kafka_logger.go:199.60,200.36 1 0
github.com/cgrates/cgrates/engine/kafka_logger.go:200.36,203.4 2 0
github.com/cgrates/cgrates/engine/kafka_logger.go:209.51,210.40 1 0
github.com/cgrates/cgrates/engine/kafka_logger.go:213.2,213.56 1 0
github.com/cgrates/cgrates/engine/kafka_logger.go:219.2,219.8 1 0
github.com/cgrates/cgrates/engine/kafka_logger.go:210.40,212.3 1 0
github.com/cgrates/cgrates/engine/kafka_logger.go:213.56,214.36 1 0
github.com/cgrates/cgrates/engine/kafka_logger.go:214.36,217.4 2 0
github.com/cgrates/cgrates/engine/kafka_logger.go:223.52,224.39 1 0
github.com/cgrates/cgrates/engine/kafka_logger.go:227.2,227.55 1 0
github.com/cgrates/cgrates/engine/kafka_logger.go:233.2,233.8 1 0
github.com/cgrates/cgrates/engine/kafka_logger.go:224.39,226.3 1 0
github.com/cgrates/cgrates/engine/kafka_logger.go:227.55,228.36 1 0
github.com/cgrates/cgrates/engine/kafka_logger.go:228.36,231.4 2 0
github.com/cgrates/cgrates/engine/kafka_logger.go:237.54,238.41 1 0
github.com/cgrates/cgrates/engine/kafka_logger.go:241.2,241.57 1 0
github.com/cgrates/cgrates/engine/kafka_logger.go:247.2,247.8 1 0
github.com/cgrates/cgrates/engine/kafka_logger.go:238.41,240.3 1 0
github.com/cgrates/cgrates/engine/kafka_logger.go:241.57,242.36 1 0
github.com/cgrates/cgrates/engine/kafka_logger.go:242.36,245.4 2 0
github.com/cgrates/cgrates/engine/kafka_logger.go:251.55,252.42 1 0
github.com/cgrates/cgrates/engine/kafka_logger.go:255.2,255.58 1 0
github.com/cgrates/cgrates/engine/kafka_logger.go:261.2,261.8 1 0
github.com/cgrates/cgrates/engine/kafka_logger.go:252.42,254.3 1 0
github.com/cgrates/cgrates/engine/kafka_logger.go:255.58,256.36 1 0
github.com/cgrates/cgrates/engine/kafka_logger.go:256.36,259.4 2 0
github.com/cgrates/cgrates/engine/kafka_logger.go:264.58,274.2 1 0
github.com/cgrates/cgrates/engine/resources.go:35.13,37.2 1 1
github.com/cgrates/cgrates/engine/resources.go:63.46,65.2 1 1
github.com/cgrates/cgrates/engine/resources.go:68.52,70.2 1 0
github.com/cgrates/cgrates/engine/resources.go:74.46,75.31 1 0
github.com/cgrates/cgrates/engine/resources.go:80.2,80.16 1 0
github.com/cgrates/cgrates/engine/resources.go:75.31,79.3 1 0
github.com/cgrates/cgrates/engine/resources.go:84.37,85.34 1 0
github.com/cgrates/cgrates/engine/resources.go:88.2,89.29 2 0
github.com/cgrates/cgrates/engine/resources.go:85.34,87.3 1 0
github.com/cgrates/cgrates/engine/resources.go:93.44,95.2 1 0
github.com/cgrates/cgrates/engine/resources.go:106.44,108.2 1 0
github.com/cgrates/cgrates/engine/resources.go:111.58,113.2 1 0
github.com/cgrates/cgrates/engine/resources.go:116.55,120.2 3 0
github.com/cgrates/cgrates/engine/resources.go:138.45,140.2 1 0
github.com/cgrates/cgrates/engine/resources.go:144.38,145.31 1 0
github.com/cgrates/cgrates/engine/resources.go:150.2,150.15 1 0
github.com/cgrates/cgrates/engine/resources.go:145.31,149.3 1 0
github.com/cgrates/cgrates/engine/resources.go:154.29,155.33 1 0
github.com/cgrates/cgrates/engine/resources.go:158.2,159.28 2 0
github.com/cgrates/cgrates/engine/resources.go:155.33,157.3 1 0
github.com/cgrates/cgrates/engine/resources.go:163.36,165.2 1 0
github.com/cgrates/cgrates/engine/resources.go:174.38,176.2 1 1
github.com/cgrates/cgrates/engine/resources.go:179.41,181.31 2 0
github.com/cgrates/cgrates/engine/resources.go:187.2,187.22 1 0
github.com/cgrates/cgrates/engine/resources.go:190.2,190.45 1 0
github.com/cgrates/cgrates/engine/resources.go:205.2,206.16 2 0
github.com/cgrates/cgrates/engine/resources.go:181.31,182.61 1 0
github.com/cgrates/cgrates/engine/resources.go:185.3,185.16 1 0
github.com/cgrates/cgrates/engine/resources.go:182.61,183.9 1 0
github.com/cgrates/cgrates/engine/resources.go:187.22,189.3 1 0
github.com/cgrates/cgrates/engine/resources.go:190.45,192.11 2 0
github.com/cgrates/cgrates/engine/resources.go:195.3,196.22 2 0
github.com/cgrates/cgrates/engine/resources.go:192.11,193.12 1 0
github.com/cgrates/cgrates/engine/resources.go:196.22,198.21 2 0
github.com/cgrates/cgrates/engine/resources.go:198.21,202.5 2 0
github.com/cgrates/cgrates/engine/resources.go:211.46,212.21 1 0
github.com/cgrates/cgrates/engine/resources.go:219.2,219.21 1 0
github.com/cgrates/cgrates/engine/resources.go:222.2,222.8 1 0
github.com/cgrates/cgrates/engine/resources.go:212.21,214.31 2 0
github.com/cgrates/cgrates/engine/resources.go:217.3,217.17 1 0
github.com/cgrates/cgrates/engine/resources.go:214.31,216.4 1 0
github.com/cgrates/cgrates/engine/resources.go:219.21,221.3 1 0
github.com/cgrates/cgrates/engine/resources.go:227.50,229.2 1 0
github.com/cgrates/cgrates/engine/resources.go:232.63,233.40 1 0
github.com/cgrates/cgrates/engine/resources.go:236.2,236.34 1 0
github.com/cgrates/cgrates/engine/resources.go:243.2,244.21 2 0
github.com/cgrates/cgrates/engine/resources.go:247.2,247.29 1 0
github.com/cgrates/cgrates/engine/resources.go:250.2,250.8 1 0
github.com/cgrates/cgrates/engine/resources.go:233.40,235.3 1 0
github.com/cgrates/cgrates/engine/resources.go:236.34,237.18 1 0
github.com/cgrates/cgrates/engine/resources.go:240.3,241.41 2 0
github.com/cgrates/cgrates/engine/resources.go:237.18,239.4 1 0
github.com/cgrates/cgrates/engine/resources.go:244.21,246.3 1 0
github.com/cgrates/cgrates/engine/resources.go:247.29,249.3 1 0
github.com/cgrates/cgrates/engine/resources.go:254.56,256.12 2 0
github.com/cgrates/cgrates/engine/resources.go:259.2,259.29 1 0
github.com/cgrates/cgrates/engine/resources.go:267.2,267.21 1 0
github.com/cgrates/cgrates/engine/resources.go:270.2,271.8 2 0
github.com/cgrates/cgrates/engine/resources.go:256.12,258.3 1 0
github.com/cgrates/cgrates/engine/resources.go:259.29,260.36 1 0
github.com/cgrates/cgrates/engine/resources.go:260.36,261.23 1 0
github.com/cgrates/cgrates/engine/resources.go:261.23,263.10 2 0
github.com/cgrates/cgrates/engine/resources.go:267.21,269.3 1 0
github.com/cgrates/cgrates/engine/resources.go:278.28,279.37 1 0
github.com/cgrates/cgrates/engine/resources.go:279.37,279.75 1 0
github.com/cgrates/cgrates/engine/resources.go:283.30,284.23 1 0
github.com/cgrates/cgrates/engine/resources.go:284.23,286.20 2 0
github.com/cgrates/cgrates/engine/resources.go:286.20,288.4 1 0
github.com/cgrates/cgrates/engine/resources.go:293.53,295.23 2 0
github.com/cgrates/cgrates/engine/resources.go:298.2,298.11 1 0
github.com/cgrates/cgrates/engine/resources.go:295.23,297.3 1 0
github.com/cgrates/cgrates/engine/resources.go:302.64,304.23 2 0
github.com/cgrates/cgrates/engine/resources.go:311.2,311.16 1 0
github.com/cgrates/cgrates/engine/resources.go:318.2,318.8 1 0
github.com/cgrates/cgrates/engine/resources.go:304.23,305.42 1 0
github.com/cgrates/cgrates/engine/resources.go:309.3,309.19 1 0
github.com/cgrates/cgrates/engine/resources.go:305.42,307.9 2 0
github.com/cgrates/cgrates/engine/resources.go:311.16,312.41 1 0
github.com/cgrates/cgrates/engine/resources.go:312.41,313.56 1 0
github.com/cgrates/cgrates/engine/resources.go:313.56,315.5 1 0
github.com/cgrates/cgrates/engine/resources.go:322.60,323.23 1 0
github.com/cgrates/cgrates/engine/resources.go:330.2,330.8 1 0
github.com/cgrates/cgrates/engine/resources.go:323.23,325.32 1 0
github.com/cgrates/cgrates/engine/resources.go:325.32,328.4 2 0
github.com/cgrates/cgrates/engine/resources.go:336.101,337.18 1 0
github.com/cgrates/cgrates/engine/resources.go:341.2,341.23 1 0
github.com/cgrates/cgrates/engine/resources.go:355.2,355.22 1 0
github.com/cgrates/cgrates/engine/resources.go:359.2,359.12 1 0
github.com/cgrates/cgrates/engine/resources.go:362.2,363.8 2 0
github.com/cgrates/cgrates/engine/resources.go:337.18,339.3 1 0
github.com/cgrates/cgrates/engine/resources.go:341.23,343.52 2 0
github.com/cgrates/cgrates/engine/resources.go:346.3,346.20 1 0
github.com/cgrates/cgrates/engine/resources.go:350.3,351.68 1 0
github.com/cgrates/cgrates/engine/resources.go:343.52,345.4 1 0
github.com/cgrates/cgrates/engine/resources.go:346.20,349.4 2 0
github.com/cgrates/cgrates/engine/resources.go:351.68,353.4 1 0
github.com/cgrates/cgrates/engine/resources.go:355.22,358.3 2 0
github.com/cgrates/cgrates/engine/resources.go:359.12,361.3 1 0
github.com/cgrates/cgrates/engine/resources.go:368.53,378.2 1 0
github.com/cgrates/cgrates/engine/resources.go:393.51,398.2 4 0
github.com/cgrates/cgrates/engine/resources.go:401.54,403.2 1 0
github.com/cgrates/cgrates/engine/resources.go:406.53,411.2 4 0
github.com/cgrates/cgrates/engine/resources.go:414.54,416.24 2 0
github.com/cgrates/cgrates/engine/resources.go:420.2,420.6 1 0
github.com/cgrates/cgrates/engine/resources.go:416.24,419.3 2 0
github.com/cgrates/cgrates/engine/resources.go:420.6,422.10 2 0
github.com/cgrates/cgrates/engine/resources.go:423.24,425.10 2 0
github.com/cgrates/cgrates/engine/resources.go:426.36,426.36 0 0
github.com/cgrates/cgrates/engine/resources.go:432.59,434.6 2 0
github.com/cgrates/cgrates/engine/resources.go:458.2,458.26 1 0
github.com/cgrates/cgrates/engine/resources.go:434.6,437.16 3 0
github.com/cgrates/cgrates/engine/resources.go:440.3,441.16 2 0
github.com/cgrates/cgrates/engine/resources.go:444.3,445.24 2 0
github.com/cgrates/cgrates/engine/resources.go:449.3,451.50 3 0
github.com/cgrates/cgrates/engine/resources.go:454.3,456.20 2 0
github.com/cgrates/cgrates/engine/resources.go:437.16,439.4 1 0
github.com/cgrates/cgrates/engine/resources.go:441.16,442.9 1 0
github.com/cgrates/cgrates/engine/resources.go:445.24,447.12 2 0
github.com/cgrates/cgrates/engine/resources.go:451.50,453.4 1 0
github.com/cgrates/cgrates/engine/resources.go:458.26,462.3 3 0
github.com/cgrates/cgrates/engine/resources.go:466.83,467.33 1 0
github.com/cgrates/cgrates/engine/resources.go:470.2,470.49 1 0
github.com/cgrates/cgrates/engine/resources.go:477.2,477.71 1 0
github.com/cgrates/cgrates/engine/resources.go:486.2,487.8 2 0
github.com/cgrates/cgrates/engine/resources.go:467.33,469.3 1 0
github.com/cgrates/cgrates/engine/resources.go:470.49,475.3 2 0
github.com/cgrates/cgrates/engine/resources.go:477.71,479.46 1 0
github.com/cgrates/cgrates/engine/resources.go:479.46,484.4 2 0
github.com/cgrates/cgrates/engine/resources.go:491.96,492.46 1 0
github.com/cgrates/cgrates/engine/resources.go:495.2,495.45 1 0
github.com/cgrates/cgrates/engine/resources.go:499.2,499.27 1 0
github.com/cgrates/cgrates/engine/resources.go:512.2,512.8 1 0
github.com/cgrates/cgrates/engine/resources.go:492.46,494.3 1 0
github.com/cgrates/cgrates/engine/resources.go:495.45,498.3 2 0
github.com/cgrates/cgrates/engine/resources.go:499.27,500.21 1 0
github.com/cgrates/cgrates/engine/resources.go:500.21,502.47 2 0
github.com/cgrates/cgrates/engine/resources.go:506.4,506.50 1 0
github.com/cgrates/cgrates/engine/resources.go:502.47,504.13 2 0
github.com/cgrates/cgrates/engine/resources.go:506.50,508.5 1 0
github.com/cgrates/cgrates/engine/resources.go:516.117,517.53 1 0
github.com/cgrates/cgrates/engine/resources.go:520.2,520.17 1 0
github.com/cgrates/cgrates/engine/resources.go:523.2,526.23 3 0
github.com/cgrates/cgrates/engine/resources.go:553.2,553.14 1 0
github.com/cgrates/cgrates/engine/resources.go:556.2,556.8 1 0
github.com/cgrates/cgrates/engine/resources.go:517.53,519.3 1 0
github.com/cgrates/cgrates/engine/resources.go:520.17,522.3 1 0
github.com/cgrates/cgrates/engine/resources.go:526.23,528.45 1 0
github.com/cgrates/cgrates/engine/resources.go:531.3,546.80 4 0
github.com/cgrates/cgrates/engine/resources.go:528.45,529.12 1 0
github.com/cgrates/cgrates/engine/resources.go:546.80,551.4 2 0
github.com/cgrates/cgrates/engine/resources.go:553.14,555.3 1 0
github.com/cgrates/cgrates/engine/resources.go:561.68,567.63 3 0
github.com/cgrates/cgrates/engine/resources.go:601.2,602.28 2 0
github.com/cgrates/cgrates/engine/resources.go:656.2,656.18 1 0
github.com/cgrates/cgrates/engine/resources.go:659.2,660.23 2 0
github.com/cgrates/cgrates/engine/resources.go:667.2,667.103 1 0
github.com/cgrates/cgrates/engine/resources.go:670.2,670.8 1 0
github.com/cgrates/cgrates/engine/resources.go:567.63,568.15 1 0
github.com/cgrates/cgrates/engine/resources.go:571.3,572.16 2 0
github.com/cgrates/cgrates/engine/resources.go:568.15,570.4 1 0
github.com/cgrates/cgrates/engine/resources.go:572.16,573.18 1 0
github.com/cgrates/cgrates/engine/resources.go:573.18,575.81 1 0
github.com/cgrates/cgrates/engine/resources.go:575.81,577.6 1 0
github.com/cgrates/cgrates/engine/resources.go:581.8,592.17 2 0
github.com/cgrates/cgrates/engine/resources.go:592.17,593.32 1 0
github.com/cgrates/cgrates/engine/resources.go:598.4,598.10 1 0
github.com/cgrates/cgrates/engine/resources.go:593.32,594.101 1 0
github.com/cgrates/cgrates/engine/resources.go:594.101,596.6 1 0
github.com/cgrates/cgrates/engine/resources.go:602.28,608.52 3 0
github.com/cgrates/cgrates/engine/resources.go:616.3,619.22 3 0
github.com/cgrates/cgrates/engine/resources.go:627.3,631.88 3 0
github.com/cgrates/cgrates/engine/resources.go:637.3,638.36 2 0
github.com/cgrates/cgrates/engine/resources.go:641.3,641.22 1 0
github.com/cgrates/cgrates/engine/resources.go:648.3,650.37 2 0
github.com/cgrates/cgrates/engine/resources.go:653.3,653.21 1 0
github.com/cgrates/cgrates/engine/resources.go:608.52,610.32 2 0
github.com/cgrates/cgrates/engine/resources.go:613.4,614.10 2 0
github.com/cgrates/cgrates/engine/resources.go:610.32,611.13 1 0
github.com/cgrates/cgrates/engine/resources.go:619.22,623.4 3 0
github.com/cgrates/cgrates/engine/resources.go:623.9,623.19 1 0
github.com/cgrates/cgrates/engine/resources.go:623.19,625.12 2 0
github.com/cgrates/cgrates/engine/resources.go:631.88,636.4 4 0
github.com/cgrates/cgrates/engine/resources.go:638.36,640.4 1 0
github.com/cgrates/cgrates/engine/resources.go:641.22,642.22 1 0
github.com/cgrates/cgrates/engine/resources.go:642.22,644.5 1 0
github.com/cgrates/cgrates/engine/resources.go:645.9,645.32 1 0
github.com/cgrates/cgrates/engine/resources.go:645.32,647.4 1 0
github.com/cgrates/cgrates/engine/resources.go:650.37,652.4 1 0
github.com/cgrates/cgrates/engine/resources.go:656.18,658.3 1 0
github.com/cgrates/cgrates/engine/resources.go:660.23,661.39 1 0
github.com/cgrates/cgrates/engine/resources.go:661.39,664.9 3 0
github.com/cgrates/cgrates/engine/resources.go:667.103,669.3 1 0
github.com/cgrates/cgrates/engine/resources.go:674.119,675.17 1 0
github.com/cgrates/cgrates/engine/resources.go:678.2,678.100 1 0
github.com/cgrates/cgrates/engine/resources.go:682.2,684.74 2 0
github.com/cgrates/cgrates/engine/resources.go:688.2,690.76 2 0
github.com/cgrates/cgrates/engine/resources.go:693.2,695.34 2 0
github.com/cgrates/cgrates/engine/resources.go:698.2,699.30 2 0
github.com/cgrates/cgrates/engine/resources.go:704.2,704.82 1 0
github.com/cgrates/cgrates/engine/resources.go:722.2,723.95 2 0
github.com/cgrates/cgrates/engine/resources.go:726.2,728.8 3 0
github.com/cgrates/cgrates/engine/resources.go:675.17,677.3 1 0
github.com/cgrates/cgrates/engine/resources.go:678.100,680.3 1 0
github.com/cgrates/cgrates/engine/resources.go:684.74,686.3 1 0
github.com/cgrates/cgrates/engine/resources.go:690.76,692.3 1 0
github.com/cgrates/cgrates/engine/resources.go:695.34,697.3 1 0
github.com/cgrates/cgrates/engine/resources.go:699.30,701.3 1 0
github.com/cgrates/cgrates/engine/resources.go:704.82,709.68 4 0
github.com/cgrates/cgrates/engine/resources.go:716.3,718.38 1 0
github.com/cgrates/cgrates/engine/resources.go:709.68,711.31 2 0
github.com/cgrates/cgrates/engine/resources.go:714.4,714.27 1 0
github.com/cgrates/cgrates/engine/resources.go:711.31,713.5 1 0
github.com/cgrates/cgrates/engine/resources.go:723.95,725.3 1 0
github.com/cgrates/cgrates/engine/resources.go:732.114,733.17 1 0
github.com/cgrates/cgrates/engine/resources.go:736.2,736.100 1 0
github.com/cgrates/cgrates/engine/resources.go:740.2,742.74 2 0
github.com/cgrates/cgrates/engine/resources.go:746.2,748.70 2 0
github.com/cgrates/cgrates/engine/resources.go:752.2,754.76 2 0
github.com/cgrates/cgrates/engine/resources.go:757.2,759.34 2 0
github.com/cgrates/cgrates/engine/resources.go:763.2,764.30 2 0
github.com/cgrates/cgrates/engine/resources.go:769.2,769.82 1 0
github.com/cgrates/cgrates/engine/resources.go:787.2,788.95 2 0
github.com/cgrates/cgrates/engine/resources.go:791.2,797.37 3 0
github.com/cgrates/cgrates/engine/resources.go:803.2,804.8 2 0
github.com/cgrates/cgrates/engine/resources.go:733.17,735.3 1 0
github.com/cgrates/cgrates/engine/resources.go:736.100,738.3 1 0
github.com/cgrates/cgrates/engine/resources.go:742.74,744.3 1 0
github.com/cgrates/cgrates/engine/resources.go:748.70,750.3 1 0
github.com/cgrates/cgrates/engine/resources.go:754.76,756.3 1 0
github.com/cgrates/cgrates/engine/resources.go:759.34,761.3 1 0
github.com/cgrates/cgrates/engine/resources.go:764.30,766.3 1 0
github.com/cgrates/cgrates/engine/resources.go:769.82,774.68 4 0
github.com/cgrates/cgrates/engine/resources.go:781.3,783.38 1 0
github.com/cgrates/cgrates/engine/resources.go:774.68,776.31 2 0
github.com/cgrates/cgrates/engine/resources.go:779.4,779.27 1 0
github.com/cgrates/cgrates/engine/resources.go:776.31,778.5 1 0
github.com/cgrates/cgrates/engine/resources.go:788.95,790.3 1 0
github.com/cgrates/cgrates/engine/resources.go:797.37,798.42 1 0
github.com/cgrates/cgrates/engine/resources.go:801.3,801.9 1 0
github.com/cgrates/cgrates/engine/resources.go:798.42,800.4 1 0
github.com/cgrates/cgrates/engine/resources.go:808.113,809.17 1 0
github.com/cgrates/cgrates/engine/resources.go:812.2,812.100 1 0
github.com/cgrates/cgrates/engine/resources.go:816.2,818.74 2 0
github.com/cgrates/cgrates/engine/resources.go:822.2,824.70 2 0
github.com/cgrates/cgrates/engine/resources.go:828.2,830.76 2 0
github.com/cgrates/cgrates/engine/resources.go:833.2,835.34 2 0
github.com/cgrates/cgrates/engine/resources.go:839.2,840.30 2 0
github.com/cgrates/cgrates/engine/resources.go:845.2,845.82 1 0
github.com/cgrates/cgrates/engine/resources.go:863.2,865.25 2 0
github.com/cgrates/cgrates/engine/resources.go:868.2,872.37 3 0
github.com/cgrates/cgrates/engine/resources.go:877.2,877.61 1 0
github.com/cgrates/cgrates/engine/resources.go:880.2,880.71 1 0
github.com/cgrates/cgrates/engine/resources.go:883.2,884.8 2 0
github.com/cgrates/cgrates/engine/resources.go:809.17,811.3 1 0
github.com/cgrates/cgrates/engine/resources.go:812.100,814.3 1 0
github.com/cgrates/cgrates/engine/resources.go:818.74,820.3 1 0
github.com/cgrates/cgrates/engine/resources.go:824.70,826.3 1 0
github.com/cgrates/cgrates/engine/resources.go:830.76,832.3 1 0
github.com/cgrates/cgrates/engine/resources.go:835.34,837.3 1 0
github.com/cgrates/cgrates/engine/resources.go:840.30,842.3 1 0
github.com/cgrates/cgrates/engine/resources.go:845.82,850.68 4 0
github.com/cgrates/cgrates/engine/resources.go:857.3,859.38 1 0
github.com/cgrates/cgrates/engine/resources.go:850.68,852.31 2 0
github.com/cgrates/cgrates/engine/resources.go:855.4,855.27 1 0
github.com/cgrates/cgrates/engine/resources.go:852.31,854.5 1 0
github.com/cgrates/cgrates/engine/resources.go:865.25,867.3 1 0
github.com/cgrates/cgrates/engine/resources.go:872.37,874.3 1 0
github.com/cgrates/cgrates/engine/resources.go:877.61,879.3 1 0
github.com/cgrates/cgrates/engine/resources.go:880.71,882.3 1 0
github.com/cgrates/cgrates/engine/resources.go:888.112,889.17 1 0
github.com/cgrates/cgrates/engine/resources.go:892.2,892.100 1 0
github.com/cgrates/cgrates/engine/resources.go:896.2,898.74 2 0
github.com/cgrates/cgrates/engine/resources.go:902.2,904.76 2 0
github.com/cgrates/cgrates/engine/resources.go:907.2,909.34 2 0
github.com/cgrates/cgrates/engine/resources.go:913.2,914.30 2 0
github.com/cgrates/cgrates/engine/resources.go:919.2,919.82 1 0
github.com/cgrates/cgrates/engine/resources.go:937.2,939.25 2 0
github.com/cgrates/cgrates/engine/resources.go:942.2,944.50 2 0
github.com/cgrates/cgrates/engine/resources.go:949.2,949.61 1 0
github.com/cgrates/cgrates/engine/resources.go:952.2,952.71 1 0
github.com/cgrates/cgrates/engine/resources.go:956.2,957.8 2 0
github.com/cgrates/cgrates/engine/resources.go:889.17,891.3 1 0
github.com/cgrates/cgrates/engine/resources.go:892.100,894.3 1 0
github.com/cgrates/cgrates/engine/resources.go:898.74,900.3 1 0
github.com/cgrates/cgrates/engine/resources.go:904.76,906.3 1 0
github.com/cgrates/cgrates/engine/resources.go:909.34,911.3 1 0
github.com/cgrates/cgrates/engine/resources.go:914.30,916.3 1 0
github.com/cgrates/cgrates/engine/resources.go:919.82,924.68 4 0
github.com/cgrates/cgrates/engine/resources.go:931.3,933.38 1 0
github.com/cgrates/cgrates/engine/resources.go:924.68,926.31 2 0
github.com/cgrates/cgrates/engine/resources.go:929.4,929.27 1 0
github.com/cgrates/cgrates/engine/resources.go:926.31,928.5 1 0
github.com/cgrates/cgrates/engine/resources.go:939.25,941.3 1 0
github.com/cgrates/cgrates/engine/resources.go:944.50,946.3 1 0
github.com/cgrates/cgrates/engine/resources.go:949.61,951.3 1 0
github.com/cgrates/cgrates/engine/resources.go:952.71,954.3 1 0
github.com/cgrates/cgrates/engine/resources.go:961.113,962.86 1 0
github.com/cgrates/cgrates/engine/resources.go:965.2,966.30 2 0
github.com/cgrates/cgrates/engine/resources.go:971.2,977.16 4 0
github.com/cgrates/cgrates/engine/resources.go:980.2,981.12 2 0
github.com/cgrates/cgrates/engine/resources.go:962.86,964.3 1 0
github.com/cgrates/cgrates/engine/resources.go:966.30,968.3 1 0
github.com/cgrates/cgrates/engine/resources.go:977.16,979.3 1 0
github.com/cgrates/cgrates/engine/resources.go:989.139,990.86 1 0
github.com/cgrates/cgrates/engine/resources.go:993.2,994.30 2 0
github.com/cgrates/cgrates/engine/resources.go:999.2,1006.16 5 0
github.com/cgrates/cgrates/engine/resources.go:1011.2,1016.21 3 0
github.com/cgrates/cgrates/engine/resources.go:1025.2,1030.8 2 0
github.com/cgrates/cgrates/engine/resources.go:990.86,992.3 1 0
github.com/cgrates/cgrates/engine/resources.go:994.30,996.3 1 0
github.com/cgrates/cgrates/engine/resources.go:1006.16,1008.3 1 0
github.com/cgrates/cgrates/engine/resources.go:1016.21,1019.17 3 0
github.com/cgrates/cgrates/engine/resources.go:1022.3,1022.17 1 0
github.com/cgrates/cgrates/engine/resources.go:1019.17,1021.4 1 0
github.com/cgrates/cgrates/engine/resources.go:1033.94,1034.20 1 0
github.com/cgrates/cgrates/engine/resources.go:1037.2,1037.17 1 0
github.com/cgrates/cgrates/engine/resources.go:1069.2,1069.8 1 0
github.com/cgrates/cgrates/engine/resources.go:1034.20,1036.3 1 0
github.com/cgrates/cgrates/engine/resources.go:1038.10,1039.28 1 0
github.com/cgrates/cgrates/engine/resources.go:1040.20,1041.39 1 0
github.com/cgrates/cgrates/engine/resources.go:1042.16,1043.35 1 0
github.com/cgrates/cgrates/engine/resources.go:1044.23,1047.47 3 0
github.com/cgrates/cgrates/engine/resources.go:1048.22,1049.48 1 0
github.com/cgrates/cgrates/engine/resources.go:1050.19,1051.31 1 0
github.com/cgrates/cgrates/engine/resources.go:1054.31,1055.50 1 0
github.com/cgrates/cgrates/engine/resources.go:1056.21,1057.43 1 0
github.com/cgrates/cgrates/engine/resources.go:1058.20,1059.42 1 0
github.com/cgrates/cgrates/engine/resources.go:1060.21,1061.31 1 0
github.com/cgrates/cgrates/engine/resources.go:1064.26,1067.53 3 0
github.com/cgrates/cgrates/engine/resources.go:1051.31,1053.4 1 0
github.com/cgrates/cgrates/engine/resources.go:1061.31,1063.4 1 0
github.com/cgrates/cgrates/engine/resources.go:1072.50,1074.25 2 0
github.com/cgrates/cgrates/engine/resources.go:1077.2,1077.21 1 0
github.com/cgrates/cgrates/engine/resources.go:1080.2,1082.36 3 0
github.com/cgrates/cgrates/engine/resources.go:1085.2,1085.22 1 0
github.com/cgrates/cgrates/engine/resources.go:1088.2,1088.19 1 0
github.com/cgrates/cgrates/engine/resources.go:1091.2,1091.16 1 0
github.com/cgrates/cgrates/engine/resources.go:1094.2,1094.15 1 0
github.com/cgrates/cgrates/engine/resources.go:1097.2,1097.48 1 0
github.com/cgrates/cgrates/engine/resources.go:1074.25,1076.3 1 0
github.com/cgrates/cgrates/engine/resources.go:1077.21,1079.3 1 0
github.com/cgrates/cgrates/engine/resources.go:1082.36,1084.3 1 0
github.com/cgrates/cgrates/engine/resources.go:1085.22,1087.3 1 0
github.com/cgrates/cgrates/engine/resources.go:1088.19,1090.3 1 0
github.com/cgrates/cgrates/engine/resources.go:1091.16,1093.3 1 0
github.com/cgrates/cgrates/engine/resources.go:1094.15,1096.3 1 0
github.com/cgrates/cgrates/engine/resources.go:1100.44,1100.71 1 0
github.com/cgrates/cgrates/engine/resources.go:1101.82,1103.57 2 0
github.com/cgrates/cgrates/engine/resources.go:1106.2,1106.38 1 0
github.com/cgrates/cgrates/engine/resources.go:1103.57,1105.3 1 0
github.com/cgrates/cgrates/engine/resources.go:1108.90,1109.23 1 0
github.com/cgrates/cgrates/engine/resources.go:1112.2,1112.20 1 0
github.com/cgrates/cgrates/engine/resources.go:1109.23,1111.3 1 0
github.com/cgrates/cgrates/engine/resources.go:1113.10,1115.17 2 0
github.com/cgrates/cgrates/engine/resources.go:1127.3,1127.32 1 0
github.com/cgrates/cgrates/engine/resources.go:1128.20,1129.24 1 0
github.com/cgrates/cgrates/engine/resources.go:1130.16,1131.20 1 0
github.com/cgrates/cgrates/engine/resources.go:1132.23,1133.27 1 0
github.com/cgrates/cgrates/engine/resources.go:1134.22,1135.26 1 0
github.com/cgrates/cgrates/engine/resources.go:1136.19,1137.23 1 0
github.com/cgrates/cgrates/engine/resources.go:1138.31,1139.35 1 0
github.com/cgrates/cgrates/engine/resources.go:1140.21,1141.25 1 0
github.com/cgrates/cgrates/engine/resources.go:1142.20,1143.24 1 0
github.com/cgrates/cgrates/engine/resources.go:1144.21,1145.25 1 0
github.com/cgrates/cgrates/engine/resources.go:1146.26,1147.30 1 0
github.com/cgrates/cgrates/engine/resources.go:1115.17,1116.15 1 0
github.com/cgrates/cgrates/engine/resources.go:1117.28,1118.36 1 0
github.com/cgrates/cgrates/engine/resources.go:1121.25,1122.33 1 0
github.com/cgrates/cgrates/engine/resources.go:1118.36,1120.6 1 0
github.com/cgrates/cgrates/engine/resources.go:1122.33,1124.6 1 0
github.com/cgrates/cgrates/engine/storage_redis.go:78.78,80.58 2 0
github.com/cgrates/cgrates/engine/storage_redis.go:84.2,86.31 3 0
github.com/cgrates/cgrates/engine/storage_redis.go:94.2,94.13 1 0
github.com/cgrates/cgrates/engine/storage_redis.go:123.2,131.45 3 0
github.com/cgrates/cgrates/engine/storage_redis.go:134.2,137.8 1 0
github.com/cgrates/cgrates/engine/storage_redis.go:80.58,82.3 1 0
github.com/cgrates/cgrates/engine/storage_redis.go:86.31,87.32 1 0
github.com/cgrates/cgrates/engine/storage_redis.go:87.32,89.4 1 0
github.com/cgrates/cgrates/engine/storage_redis.go:89.9,91.4 1 0
github.com/cgrates/cgrates/engine/storage_redis.go:94.13,96.48 2 0
github.com/cgrates/cgrates/engine/storage_redis.go:101.3,102.55 2 0
github.com/cgrates/cgrates/engine/storage_redis.go:105.3,105.21 1 0
github.com/cgrates/cgrates/engine/storage_redis.go:108.3,108.22 1 0
github.com/cgrates/cgrates/engine/storage_redis.go:117.3,120.6 1 0
github.com/cgrates/cgrates/engine/storage_redis.go:96.48,97.80 1 0
github.com/cgrates/cgrates/engine/storage_redis.go:97.80,99.5 1 0
github.com/cgrates/cgrates/engine/storage_redis.go:102.55,104.4 1 0
github.com/cgrates/cgrates/engine/storage_redis.go:105.21,107.4 1 0
github.com/cgrates/cgrates/engine/storage_redis.go:108.22,110.52 2 0
github.com/cgrates/cgrates/engine/storage_redis.go:113.4,113.39 1 0
github.com/cgrates/cgrates/engine/storage_redis.go:110.52,112.5 1 0
github.com/cgrates/cgrates/engine/storage_redis.go:113.39,115.5 1 0
github.com/cgrates/cgrates/engine/storage_redis.go:131.45,133.3 1 0
github.com/cgrates/cgrates/engine/storage_redis.go:140.104,142.32 2 0
github.com/cgrates/cgrates/engine/storage_redis.go:149.2,149.8 1 0
github.com/cgrates/cgrates/engine/storage_redis.go:142.32,144.67 1 0
github.com/cgrates/cgrates/engine/storage_redis.go:147.3,147.20 1 0
github.com/cgrates/cgrates/engine/storage_redis.go:144.67,145.9 1 0
github.com/cgrates/cgrates/engine/storage_redis.go:153.121,154.61 1 0
github.com/cgrates/cgrates/engine/storage_redis.go:157.2,157.69 1 0
github.com/cgrates/cgrates/engine/storage_redis.go:160.2,160.9 1 0
github.com/cgrates/cgrates/engine/storage_redis.go:154.61,156.3 1 0
github.com/cgrates/cgrates/engine/storage_redis.go:157.69,159.3 1 0
github.com/cgrates/cgrates/engine/storage_redis.go:161.17,165.75 1 0
github.com/cgrates/cgrates/engine/storage_redis.go:169.41,172.76 1 0
github.com/cgrates/cgrates/engine/storage_redis.go:175.10,176.83 1 0
github.com/cgrates/cgrates/engine/storage_redis.go:165.75,168.5 1 0
github.com/cgrates/cgrates/engine/storage_redis.go:172.76,174.5 1 0
github.com/cgrates/cgrates/engine/storage_redis.go:182.80,184.2 1 0
github.com/cgrates/cgrates/engine/storage_redis.go:188.94,190.2 1 0
github.com/cgrates/cgrates/engine/storage_redis.go:192.33,193.22 1 0
github.com/cgrates/cgrates/engine/storage_redis.go:193.22,195.3 1 0
github.com/cgrates/cgrates/engine/storage_redis.go:198.52,200.2 1 0
github.com/cgrates/cgrates/engine/storage_redis.go:202.53,204.2 1 0
github.com/cgrates/cgrates/engine/storage_redis.go:206.67,208.2 1 0
github.com/cgrates/cgrates/engine/storage_redis.go:210.60,213.16 3 0
github.com/cgrates/cgrates/engine/storage_redis.go:216.2,216.20 1 0
github.com/cgrates/cgrates/engine/storage_redis.go:219.2,219.18 1 0
github.com/cgrates/cgrates/engine/storage_redis.go:213.16,215.3 1 0
github.com/cgrates/cgrates/engine/storage_redis.go:216.20,218.3 1 0
github.com/cgrates/cgrates/engine/storage_redis.go:222.96,223.37 1 0
github.com/cgrates/cgrates/engine/storage_redis.go:234.2,234.8 1 0
github.com/cgrates/cgrates/engine/storage_redis.go:223.37,225.64 2 0
github.com/cgrates/cgrates/engine/storage_redis.go:230.3,230.21 1 0
github.com/cgrates/cgrates/engine/storage_redis.go:225.64,227.4 1 0
github.com/cgrates/cgrates/engine/storage_redis.go:227.9,227.26 1 0
github.com/cgrates/cgrates/engine/storage_redis.go:227.26,229.4 1 0
github.com/cgrates/cgrates/engine/storage_redis.go:230.21,232.4 1 0
github.com/cgrates/cgrates/engine/storage_redis.go:251.106,257.22 3 0
github.com/cgrates/cgrates/engine/storage_redis.go:260.2,260.36 1 0
github.com/cgrates/cgrates/engine/storage_redis.go:263.2,263.20 1 0
github.com/cgrates/cgrates/engine/storage_redis.go:269.2,269.17 1 0
github.com/cgrates/cgrates/engine/storage_redis.go:257.22,259.3 1 0
github.com/cgrates/cgrates/engine/storage_redis.go:260.36,262.3 1 0
github.com/cgrates/cgrates/engine/storage_redis.go:263.20,264.41 1 0
github.com/cgrates/cgrates/engine/storage_redis.go:267.3,267.9 1 0
github.com/cgrates/cgrates/engine/storage_redis.go:264.41,266.4 1 0
github.com/cgrates/cgrates/engine/storage_redis.go:273.117,275.18 2 0
github.com/cgrates/cgrates/engine/storage_redis.go:284.2,284.58 1 0
github.com/cgrates/cgrates/engine/storage_redis.go:280.27,282.21 2 0
github.com/cgrates/cgrates/engine/storage_redis.go:289.69,290.16 1 0
github.com/cgrates/cgrates/engine/storage_redis.go:294.2,294.16 1 0
github.com/cgrates/cgrates/engine/storage_redis.go:306.2,306.17 1 0
github.com/cgrates/cgrates/engine/storage_redis.go:309.2,312.60 3 0
github.com/cgrates/cgrates/engine/storage_redis.go:319.2,320.41 2 0
github.com/cgrates/cgrates/engine/storage_redis.go:325.2,325.99 1 0
github.com/cgrates/cgrates/engine/storage_redis.go:328.2,329.39 1 0
github.com/cgrates/cgrates/engine/storage_redis.go:332.2,332.43 1 0
github.com/cgrates/cgrates/engine/storage_redis.go:335.2,335.31 1 0
github.com/cgrates/cgrates/engine/storage_redis.go:290.16,292.3 1 0
github.com/cgrates/cgrates/engine/storage_redis.go:294.16,295.52 1 0
github.com/cgrates/cgrates/engine/storage_redis.go:295.52,296.16 1 0
github.com/cgrates/cgrates/engine/storage_redis.go:303.4,303.33 1 0
github.com/cgrates/cgrates/engine/storage_redis.go:296.16,298.42 2 0
github.com/cgrates/cgrates/engine/storage_redis.go:301.5,301.30 1 0
github.com/cgrates/cgrates/engine/storage_redis.go:298.42,300.6 1 0
github.com/cgrates/cgrates/engine/storage_redis.go:306.17,308.3 1 0
github.com/cgrates/cgrates/engine/storage_redis.go:312.60,314.42 1 0
github.com/cgrates/cgrates/engine/storage_redis.go:317.3,317.9 1 0
github.com/cgrates/cgrates/engine/storage_redis.go:314.42,316.4 1 0
github.com/cgrates/cgrates/engine/storage_redis.go:320.41,321.67 1 0
github.com/cgrates/cgrates/engine/storage_redis.go:321.67,323.4 1 0
github.com/cgrates/cgrates/engine/storage_redis.go:325.99,327.3 1 0
github.com/cgrates/cgrates/engine/storage_redis.go:329.39,331.3 1 0
github.com/cgrates/cgrates/engine/storage_redis.go:332.43,334.3 1 0
github.com/cgrates/cgrates/engine/storage_redis.go:339.120,340.23 1 0
github.com/cgrates/cgrates/engine/storage_redis.go:343.2,344.57 2 0
github.com/cgrates/cgrates/engine/storage_redis.go:347.2,347.79 1 0
github.com/cgrates/cgrates/engine/storage_redis.go:360.2,361.60 1 0
github.com/cgrates/cgrates/engine/storage_redis.go:364.2,364.8 1 0
github.com/cgrates/cgrates/engine/storage_redis.go:340.23,342.3 1 0
github.com/cgrates/cgrates/engine/storage_redis.go:344.57,346.3 1 0
github.com/cgrates/cgrates/engine/storage_redis.go:347.79,349.72 2 0
github.com/cgrates/cgrates/engine/storage_redis.go:352.3,352.30 1 0
github.com/cgrates/cgrates/engine/storage_redis.go:357.3,357.71 1 0
github.com/cgrates/cgrates/engine/storage_redis.go:349.72,351.4 1 0
github.com/cgrates/cgrates/engine/storage_redis.go:352.30,353.67 1 0
github.com/cgrates/cgrates/engine/storage_redis.go:353.67,355.5 1 0
github.com/cgrates/cgrates/engine/storage_redis.go:361.60,363.3 1 0
github.com/cgrates/cgrates/engine/storage_redis.go:367.122,369.113 2 0
github.com/cgrates/cgrates/engine/storage_redis.go:375.2,376.8 2 0
github.com/cgrates/cgrates/engine/storage_redis.go:369.113,371.3 1 0
github.com/cgrates/cgrates/engine/storage_redis.go:371.8,371.29 1 0
github.com/cgrates/cgrates/engine/storage_redis.go:371.29,374.3 2 0
github.com/cgrates/cgrates/engine/storage_redis.go:379.103,381.50 2 0
github.com/cgrates/cgrates/engine/storage_redis.go:384.2,384.91 1 0
github.com/cgrates/cgrates/engine/storage_redis.go:381.50,383.3 1 0
github.com/cgrates/cgrates/engine/storage_redis.go:387.103,389.2 1 0
github.com/cgrates/cgrates/engine/storage_redis.go:391.106,393.106 2 0
github.com/cgrates/cgrates/engine/storage_redis.go:399.2,400.8 2 0
github.com/cgrates/cgrates/engine/storage_redis.go:393.106,395.3 1 0
github.com/cgrates/cgrates/engine/storage_redis.go:395.8,395.29 1 0
github.com/cgrates/cgrates/engine/storage_redis.go:395.29,398.3 2 0
github.com/cgrates/cgrates/engine/storage_redis.go:403.87,405.48 2 0
github.com/cgrates/cgrates/engine/storage_redis.go:408.2,408.82 1 0
github.com/cgrates/cgrates/engine/storage_redis.go:405.48,407.3 1 0
github.com/cgrates/cgrates/engine/storage_redis.go:411.96,413.2 1 0
github.com/cgrates/cgrates/engine/storage_redis.go:415.75,416.15 1 0
github.com/cgrates/cgrates/engine/storage_redis.go:427.2,428.68 2 0
github.com/cgrates/cgrates/engine/storage_redis.go:431.2,431.18 1 0
github.com/cgrates/cgrates/engine/storage_redis.go:434.2,434.55 1 0
github.com/cgrates/cgrates/engine/storage_redis.go:437.2,437.8 1 0
github.com/cgrates/cgrates/engine/storage_redis.go:416.15,419.71 3 0
github.com/cgrates/cgrates/engine/storage_redis.go:425.3,425.36 1 0
github.com/cgrates/cgrates/engine/storage_redis.go:419.71,421.4 1 0
github.com/cgrates/cgrates/engine/storage_redis.go:421.9,421.20 1 0
github.com/cgrates/cgrates/engine/storage_redis.go:421.20,424.4 2 0
github.com/cgrates/cgrates/engine/storage_redis.go:428.68,430.3 1 0
github.com/cgrates/cgrates/engine/storage_redis.go:431.18,433.3 1 0
github.com/cgrates/cgrates/engine/storage_redis.go:434.55,436.3 1 0
github.com/cgrates/cgrates/engine/storage_redis.go:440.79,441.15 1 0
github.com/cgrates/cgrates/engine/storage_redis.go:446.2,446.60 1 0
github.com/cgrates/cgrates/engine/storage_redis.go:441.15,442.47 1 0
github.com/cgrates/cgrates/engine/storage_redis.go:442.47,444.4 1 0
github.com/cgrates/cgrates/engine/storage_redis.go:449.66,450.19 1 0
github.com/cgrates/cgrates/engine/storage_redis.go:458.2,458.49 1 0
github.com/cgrates/cgrates/engine/storage_redis.go:450.19,451.24 1 0
github.com/cgrates/cgrates/engine/storage_redis.go:456.3,456.9 1 0
github.com/cgrates/cgrates/engine/storage_redis.go:451.24,452.72 1 0
github.com/cgrates/cgrates/engine/storage_redis.go:452.72,454.5 1 0
github.com/cgrates/cgrates/engine/storage_redis.go:462.130,464.113 2 0
github.com/cgrates/cgrates/engine/storage_redis.go:470.2,471.8 2 0
github.com/cgrates/cgrates/engine/storage_redis.go:464.113,466.3 1 0
github.com/cgrates/cgrates/engine/storage_redis.go:466.8,466.29 1 0
github.com/cgrates/cgrates/engine/storage_redis.go:466.29,469.3 2 0
github.com/cgrates/cgrates/engine/storage_redis.go:475.104,477.49 2 0
github.com/cgrates/cgrates/engine/storage_redis.go:480.2,480.116 1 0
github.com/cgrates/cgrates/engine/storage_redis.go:477.49,479.3 1 0
github.com/cgrates/cgrates/engine/storage_redis.go:484.101,486.2 1 0
github.com/cgrates/cgrates/engine/storage_redis.go:489.109,491.106 2 0
github.com/cgrates/cgrates/engine/storage_redis.go:497.2,498.53 2 0
github.com/cgrates/cgrates/engine/storage_redis.go:501.2,502.8 2 0
github.com/cgrates/cgrates/engine/storage_redis.go:491.106,493.3 1 0
github.com/cgrates/cgrates/engine/storage_redis.go:493.8,493.29 1 0
github.com/cgrates/cgrates/engine/storage_redis.go:493.29,496.3 2 0
github.com/cgrates/cgrates/engine/storage_redis.go:498.53,500.3 1 0
github.com/cgrates/cgrates/engine/storage_redis.go:506.112,507.16 1 0
github.com/cgrates/cgrates/engine/storage_redis.go:512.2,513.50 2 0
github.com/cgrates/cgrates/engine/storage_redis.go:516.2,516.80 1 0
github.com/cgrates/cgrates/engine/storage_redis.go:507.16,508.59 1 0
github.com/cgrates/cgrates/engine/storage_redis.go:508.59,510.4 1 0
github.com/cgrates/cgrates/engine/storage_redis.go:513.50,515.3 1 0
github.com/cgrates/cgrates/engine/storage_redis.go:520.94,522.2 1 0
github.com/cgrates/cgrates/engine/storage_redis.go:525.123,527.113 2 0
github.com/cgrates/cgrates/engine/storage_redis.go:533.2,534.8 2 0
github.com/cgrates/cgrates/engine/storage_redis.go:527.113,529.3 1 0
github.com/cgrates/cgrates/engine/storage_redis.go:529.8,529.29 1 0
github.com/cgrates/cgrates/engine/storage_redis.go:529.29,532.3 2 0
github.com/cgrates/cgrates/engine/storage_redis.go:538.104,540.49 2 0
github.com/cgrates/cgrates/engine/storage_redis.go:543.2,543.90 1 0
github.com/cgrates/cgrates/engine/storage_redis.go:540.49,542.3 1 0
github.com/cgrates/cgrates/engine/storage_redis.go:547.101,549.2 1 0
github.com/cgrates/cgrates/engine/storage_redis.go:551.108,553.106 2 0
github.com/cgrates/cgrates/engine/storage_redis.go:559.2,560.8 2 0
github.com/cgrates/cgrates/engine/storage_redis.go:553.106,555.3 1 0
github.com/cgrates/cgrates/engine/storage_redis.go:555.8,555.29 1 0
github.com/cgrates/cgrates/engine/storage_redis.go:555.29,558.3 2 0
github.com/cgrates/cgrates/engine/storage_redis.go:563.89,565.48 2 0
github.com/cgrates/cgrates/engine/storage_redis.go:568.2,568.107 1 0
github.com/cgrates/cgrates/engine/storage_redis.go:565.48,567.3 1 0
github.com/cgrates/cgrates/engine/storage_redis.go:571.97,573.2 1 0
github.com/cgrates/cgrates/engine/storage_redis.go:575.102,577.103 2 0
github.com/cgrates/cgrates/engine/storage_redis.go:583.2,584.8 2 0
github.com/cgrates/cgrates/engine/storage_redis.go:577.103,579.3 1 0
github.com/cgrates/cgrates/engine/storage_redis.go:579.8,579.29 1 0
github.com/cgrates/cgrates/engine/storage_redis.go:579.29,582.3 2 0
github.com/cgrates/cgrates/engine/storage_redis.go:587.83,589.48 2 0
github.com/cgrates/cgrates/engine/storage_redis.go:592.2,592.104 1 0
github.com/cgrates/cgrates/engine/storage_redis.go:589.48,591.3 1 0
github.com/cgrates/cgrates/engine/storage_redis.go:595.94,597.2 1 0
github.com/cgrates/cgrates/engine/storage_redis.go:599.114,601.109 2 0
github.com/cgrates/cgrates/engine/storage_redis.go:607.2,608.8 2 0
github.com/cgrates/cgrates/engine/storage_redis.go:601.109,603.3 1 0
github.com/cgrates/cgrates/engine/storage_redis.go:603.8,603.29 1 0
github.com/cgrates/cgrates/engine/storage_redis.go:603.29,606.3 2 0
github.com/cgrates/cgrates/engine/storage_redis.go:611.95,613.48 2 0
github.com/cgrates/cgrates/engine/storage_redis.go:616.2,616.110 1 0
github.com/cgrates/cgrates/engine/storage_redis.go:613.48,615.3 1 0
github.com/cgrates/cgrates/engine/storage_redis.go:619.100,621.2 1 0
github.com/cgrates/cgrates/engine/storage_redis.go:623.122,625.113 2 0
github.com/cgrates/cgrates/engine/storage_redis.go:631.2,632.8 2 0
github.com/cgrates/cgrates/engine/storage_redis.go:625.113,627.3 1 0
github.com/cgrates/cgrates/engine/storage_redis.go:627.8,627.29 1 0
github.com/cgrates/cgrates/engine/storage_redis.go:627.29,630.3 2 0
github.com/cgrates/cgrates/engine/storage_redis.go:635.103,637.48 2 0
github.com/cgrates/cgrates/engine/storage_redis.go:640.2,640.114 1 0
github.com/cgrates/cgrates/engine/storage_redis.go:637.48,639.3 1 0
github.com/cgrates/cgrates/engine/storage_redis.go:643.104,645.2 1 0
github.com/cgrates/cgrates/engine/storage_redis.go:647.116,649.111 2 0
github.com/cgrates/cgrates/engine/storage_redis.go:655.2,656.8 2 0
github.com/cgrates/cgrates/engine/storage_redis.go:649.111,651.3 1 0
github.com/cgrates/cgrates/engine/storage_redis.go:651.8,651.29 1 0
github.com/cgrates/cgrates/engine/storage_redis.go:651.29,654.3 2 0
github.com/cgrates/cgrates/engine/storage_redis.go:659.97,661.48 2 0
github.com/cgrates/cgrates/engine/storage_redis.go:664.2,664.112 1 0
github.com/cgrates/cgrates/engine/storage_redis.go:661.48,663.3 1 0
github.com/cgrates/cgrates/engine/storage_redis.go:667.100,669.2 1 0
github.com/cgrates/cgrates/engine/storage_redis.go:671.124,673.114 2 0
github.com/cgrates/cgrates/engine/storage_redis.go:679.2,680.8 2 0
github.com/cgrates/cgrates/engine/storage_redis.go:673.114,675.3 1 0
github.com/cgrates/cgrates/engine/storage_redis.go:675.8,675.29 1 0
github.com/cgrates/cgrates/engine/storage_redis.go:675.29,678.3 2 0
github.com/cgrates/cgrates/engine/storage_redis.go:683.105,685.48 2 0
github.com/cgrates/cgrates/engine/storage_redis.go:688.2,688.115 1 0
github.com/cgrates/cgrates/engine/storage_redis.go:685.48,687.3 1 0
github.com/cgrates/cgrates/engine/storage_redis.go:691.105,693.2 1 0
github.com/cgrates/cgrates/engine/storage_redis.go:695.118,697.111 2 0
github.com/cgrates/cgrates/engine/storage_redis.go:703.2,704.8 2 0
github.com/cgrates/cgrates/engine/storage_redis.go:697.111,699.3 1 0
github.com/cgrates/cgrates/engine/storage_redis.go:699.8,699.29 1 0
github.com/cgrates/cgrates/engine/storage_redis.go:699.29,702.3 2 0
github.com/cgrates/cgrates/engine/storage_redis.go:707.99,709.48 2 0
github.com/cgrates/cgrates/engine/storage_redis.go:712.2,712.112 1 0
github.com/cgrates/cgrates/engine/storage_redis.go:709.48,711.3 1 0
github.com/cgrates/cgrates/engine/storage_redis.go:715.102,717.2 1 0
github.com/cgrates/cgrates/engine/storage_redis.go:719.49,721.2 1 0
github.com/cgrates/cgrates/engine/storage_redis.go:723.124,724.24 1 0
github.com/cgrates/cgrates/engine/storage_redis.go:735.2,736.71 2 0
github.com/cgrates/cgrates/engine/storage_redis.go:739.2,739.25 1 0
github.com/cgrates/cgrates/engine/storage_redis.go:742.2,743.34 2 0
github.com/cgrates/cgrates/engine/storage_redis.go:748.2,748.8 1 0
github.com/cgrates/cgrates/engine/storage_redis.go:724.24,727.76 3 0
github.com/cgrates/cgrates/engine/storage_redis.go:733.3,733.53 1 0
github.com/cgrates/cgrates/engine/storage_redis.go:727.76,729.4 1 0
github.com/cgrates/cgrates/engine/storage_redis.go:729.9,729.20 1 0
github.com/cgrates/cgrates/engine/storage_redis.go:729.20,732.4 2 0
github.com/cgrates/cgrates/engine/storage_redis.go:736.71,738.3 1 0
github.com/cgrates/cgrates/engine/storage_redis.go:739.25,741.3 1 0
github.com/cgrates/cgrates/engine/storage_redis.go:743.34,744.68 1 0
github.com/cgrates/cgrates/engine/storage_redis.go:744.68,746.4 1 0
github.com/cgrates/cgrates/engine/storage_redis.go:751.93,753.2 1 0
github.com/cgrates/cgrates/engine/storage_redis.go:755.56,757.2 1 0
github.com/cgrates/cgrates/engine/storage_redis.go:759.120,761.16 2 0
github.com/cgrates/cgrates/engine/storage_redis.go:764.2,764.18 1 0
github.com/cgrates/cgrates/engine/storage_redis.go:767.2,767.109 1 0
github.com/cgrates/cgrates/engine/storage_redis.go:761.16,763.3 1 0
github.com/cgrates/cgrates/engine/storage_redis.go:764.18,766.3 1 0
github.com/cgrates/cgrates/engine/storage_redis.go:770.120,772.111 2 0
github.com/cgrates/cgrates/engine/storage_redis.go:778.2,778.71 1 0
github.com/cgrates/cgrates/engine/storage_redis.go:772.111,774.3 1 0
github.com/cgrates/cgrates/engine/storage_redis.go:774.8,774.28 1 0
github.com/cgrates/cgrates/engine/storage_redis.go:774.28,777.3 2 0
github.com/cgrates/cgrates/engine/storage_redis.go:782.166,785.33 3 0
github.com/cgrates/cgrates/engine/storage_redis.go:788.2,795.28 4 0
github.com/cgrates/cgrates/engine/storage_redis.go:812.2,812.36 1 0
github.com/cgrates/cgrates/engine/storage_redis.go:815.2,815.8 1 0
github.com/cgrates/cgrates/engine/storage_redis.go:785.33,787.3 1 0
github.com/cgrates/cgrates/engine/storage_redis.go:795.28,797.17 2 0
github.com/cgrates/cgrates/engine/storage_redis.go:803.3,803.14 1 0
github.com/cgrates/cgrates/engine/storage_redis.go:806.3,807.71 2 0
github.com/cgrates/cgrates/engine/storage_redis.go:810.3,810.36 1 0
github.com/cgrates/cgrates/engine/storage_redis.go:797.17,798.15 1 0
github.com/cgrates/cgrates/engine/storage_redis.go:801.4,801.12 1 0
github.com/cgrates/cgrates/engine/storage_redis.go:798.15,800.5 1 0
github.com/cgrates/cgrates/engine/storage_redis.go:803.14,804.12 1 0
github.com/cgrates/cgrates/engine/storage_redis.go:807.71,809.4 1 0
github.com/cgrates/cgrates/engine/storage_redis.go:812.36,814.3 1 0
github.com/cgrates/cgrates/engine/storage_redis.go:818.118,820.20 1 0
github.com/cgrates/cgrates/engine/storage_redis.go:830.2,830.89 1 0
github.com/cgrates/cgrates/engine/storage_redis.go:820.20,822.35 2 0
github.com/cgrates/cgrates/engine/storage_redis.go:828.3,828.9 1 0
github.com/cgrates/cgrates/engine/storage_redis.go:822.35,824.18 2 0
github.com/cgrates/cgrates/engine/storage_redis.go:824.18,826.5 1 0
github.com/cgrates/cgrates/engine/storage_redis.go:833.117,835.110 2 0
github.com/cgrates/cgrates/engine/storage_redis.go:841.2,842.8 2 0
github.com/cgrates/cgrates/engine/storage_redis.go:835.110,837.3 1 0
github.com/cgrates/cgrates/engine/storage_redis.go:837.8,837.29 1 0
github.com/cgrates/cgrates/engine/storage_redis.go:837.29,840.3 2 0
github.com/cgrates/cgrates/engine/storage_redis.go:845.98,847.49 2 0
github.com/cgrates/cgrates/engine/storage_redis.go:850.2,850.113 1 0
github.com/cgrates/cgrates/engine/storage_redis.go:847.49,849.3 1 0
github.com/cgrates/cgrates/engine/storage_redis.go:853.101,855.2 1 0
github.com/cgrates/cgrates/engine/storage_redis.go:858.159,861.45 3 0
github.com/cgrates/cgrates/engine/storage_redis.go:864.2,864.22 1 0
github.com/cgrates/cgrates/engine/storage_redis.go:879.2,880.23 2 0
github.com/cgrates/cgrates/engine/storage_redis.go:887.2,887.8 1 0
github.com/cgrates/cgrates/engine/storage_redis.go:861.45,863.3 1 0
github.com/cgrates/cgrates/engine/storage_redis.go:864.22,865.57 1 0
github.com/cgrates/cgrates/engine/storage_redis.go:865.57,867.4 1 0
github.com/cgrates/cgrates/engine/storage_redis.go:867.9,867.26 1 0
github.com/cgrates/cgrates/engine/storage_redis.go:867.26,869.4 1 0
github.com/cgrates/cgrates/engine/storage_redis.go:870.8,872.72 2 0
github.com/cgrates/cgrates/engine/storage_redis.go:877.3,877.30 1 0
github.com/cgrates/cgrates/engine/storage_redis.go:872.72,874.4 1 0
github.com/cgrates/cgrates/engine/storage_redis.go:874.9,874.49 1 0
github.com/cgrates/cgrates/engine/storage_redis.go:874.49,876.4 1 0
github.com/cgrates/cgrates/engine/storage_redis.go:880.23,882.56 2 0
github.com/cgrates/cgrates/engine/storage_redis.go:885.3,885.18 1 0
github.com/cgrates/cgrates/engine/storage_redis.go:882.56,884.4 1 0
github.com/cgrates/cgrates/engine/storage_redis.go:892.85,895.40 3 0
github.com/cgrates/cgrates/engine/storage_redis.go:898.2,898.50 1 0
github.com/cgrates/cgrates/engine/storage_redis.go:901.2,903.34 3 0
github.com/cgrates/cgrates/engine/storage_redis.go:926.2,926.26 1 0
github.com/cgrates/cgrates/engine/storage_redis.go:931.2,931.18 1 0
github.com/cgrates/cgrates/engine/storage_redis.go:934.2,934.8 1 0
github.com/cgrates/cgrates/engine/storage_redis.go:895.40,897.3 1 0
github.com/cgrates/cgrates/engine/storage_redis.go:898.50,900.3 1 0
github.com/cgrates/cgrates/engine/storage_redis.go:903.34,904.22 1 0
github.com/cgrates/cgrates/engine/storage_redis.go:914.3,915.56 2 0
github.com/cgrates/cgrates/engine/storage_redis.go:918.3,919.28 2 0
github.com/cgrates/cgrates/engine/storage_redis.go:904.22,906.39 2 0
github.com/cgrates/cgrates/engine/storage_redis.go:912.4,912.12 1 0
github.com/cgrates/cgrates/engine/storage_redis.go:906.39,907.64 1 0
github.com/cgrates/cgrates/engine/storage_redis.go:910.5,910.33 1 0
github.com/cgrates/cgrates/engine/storage_redis.go:907.64,909.6 1 0
github.com/cgrates/cgrates/engine/storage_redis.go:915.56,917.4 1 0
github.com/cgrates/cgrates/engine/storage_redis.go:919.28,920.64 1 0
github.com/cgrates/cgrates/engine/storage_redis.go:923.4,923.32 1 0
github.com/cgrates/cgrates/engine/storage_redis.go:920.64,922.5 1 0
github.com/cgrates/cgrates/engine/storage_redis.go:926.26,927.62 1 0
github.com/cgrates/cgrates/engine/storage_redis.go:927.62,929.4 1 0
github.com/cgrates/cgrates/engine/storage_redis.go:931.18,933.3 1 0
github.com/cgrates/cgrates/engine/storage_redis.go:937.111,938.33 1 0
github.com/cgrates/cgrates/engine/storage_redis.go:941.2,941.87 1 0
github.com/cgrates/cgrates/engine/storage_redis.go:938.33,940.3 1 0
github.com/cgrates/cgrates/engine/storage_redis.go:944.111,946.104 2 0
github.com/cgrates/cgrates/engine/storage_redis.go:952.2,953.8 2 0
github.com/cgrates/cgrates/engine/storage_redis.go:946.104,948.3 1 0
github.com/cgrates/cgrates/engine/storage_redis.go:948.8,948.29 1 0
github.com/cgrates/cgrates/engine/storage_redis.go:948.29,951.3 2 0
github.com/cgrates/cgrates/engine/storage_redis.go:956.92,958.49 2 0
github.com/cgrates/cgrates/engine/storage_redis.go:961.2,961.107 1 0
github.com/cgrates/cgrates/engine/storage_redis.go:958.49,960.3 1 0
github.com/cgrates/cgrates/engine/storage_redis.go:964.95,966.2 1 0
github.com/cgrates/cgrates/engine/storage_redis.go:968.146,970.26 2 0
github.com/cgrates/cgrates/engine/storage_redis.go:976.2,977.96 2 0
github.com/cgrates/cgrates/engine/storage_redis.go:980.2,980.40 1 0
github.com/cgrates/cgrates/engine/storage_redis.go:985.2,985.26 1 0
github.com/cgrates/cgrates/engine/storage_redis.go:989.2,989.8 1 0
github.com/cgrates/cgrates/engine/storage_redis.go:970.26,971.85 1 0
github.com/cgrates/cgrates/engine/storage_redis.go:974.3,974.9 1 0
github.com/cgrates/cgrates/engine/storage_redis.go:971.85,973.4 1 0
github.com/cgrates/cgrates/engine/storage_redis.go:977.96,979.3 1 0
github.com/cgrates/cgrates/engine/storage_redis.go:980.40,981.29 1 0
github.com/cgrates/cgrates/engine/storage_redis.go:981.29,983.4 1 0
github.com/cgrates/cgrates/engine/storage_redis.go:985.26,988.3 2 0
github.com/cgrates/cgrates/engine/storage_redis.go:992.127,993.91 1 0
github.com/cgrates/cgrates/engine/storage_redis.go:996.2,996.8 1 0
github.com/cgrates/cgrates/engine/storage_redis.go:993.91,995.3 1 0
github.com/cgrates/cgrates/engine/storage_redis.go:999.119,1000.89 1 0
github.com/cgrates/cgrates/engine/storage_redis.go:1003.2,1003.8 1 0
github.com/cgrates/cgrates/engine/storage_redis.go:1000.89,1002.3 1 0
github.com/cgrates/cgrates/engine/datamanager.go:82.98,90.2 2 1
github.com/cgrates/cgrates/engine/datamanager.go:102.40,103.15 1 1
github.com/cgrates/cgrates/engine/datamanager.go:106.2,106.12 1 0
github.com/cgrates/cgrates/engine/datamanager.go:103.15,105.3 1 1
github.com/cgrates/cgrates/engine/datamanager.go:109.120,110.15 1 0
github.com/cgrates/cgrates/engine/datamanager.go:113.2,113.31 1 0
github.com/cgrates/cgrates/engine/datamanager.go:119.2,119.74 1 0
github.com/cgrates/cgrates/engine/datamanager.go:123.2,123.63 1 0
github.com/cgrates/cgrates/engine/datamanager.go:145.2,145.29 1 0
github.com/cgrates/cgrates/engine/datamanager.go:299.2,299.8 1 0
github.com/cgrates/cgrates/engine/datamanager.go:110.15,112.3 1 0
github.com/cgrates/cgrates/engine/datamanager.go:113.31,118.3 1 0
github.com/cgrates/cgrates/engine/datamanager.go:119.74,121.3 1 0
github.com/cgrates/cgrates/engine/datamanager.go:123.63,125.3 1 0
github.com/cgrates/cgrates/engine/datamanager.go:125.8,125.53 1 0
github.com/cgrates/cgrates/engine/datamanager.go:125.53,126.19 1 0
github.com/cgrates/cgrates/engine/datamanager.go:126.19,128.4 1 0
github.com/cgrates/cgrates/engine/datamanager.go:128.9,129.70 1 0
github.com/cgrates/cgrates/engine/datamanager.go:135.4,137.27 1 0
github.com/cgrates/cgrates/engine/datamanager.go:140.4,140.23 1 0
github.com/cgrates/cgrates/engine/datamanager.go:129.70,134.5 1 0
github.com/cgrates/cgrates/engine/datamanager.go:137.27,139.5 1 0
github.com/cgrates/cgrates/engine/datamanager.go:140.23,142.5 1 0
github.com/cgrates/cgrates/engine/datamanager.go:145.29,147.62 1 0
github.com/cgrates/cgrates/engine/datamanager.go:150.3,150.15 1 0
github.com/cgrates/cgrates/engine/datamanager.go:283.3,283.17 1 0
github.com/cgrates/cgrates/engine/datamanager.go:147.62,148.12 1 0
github.com/cgrates/cgrates/engine/datamanager.go:151.37,155.38 4 0
github.com/cgrates/cgrates/engine/datamanager.go:156.30,160.38 4 0
github.com/cgrates/cgrates/engine/datamanager.go:161.37,165.38 4 0
github.com/cgrates/cgrates/engine/datamanager.go:166.30,170.38 4 0
github.com/cgrates/cgrates/engine/datamanager.go:171.37,175.38 4 0
github.com/cgrates/cgrates/engine/datamanager.go:176.30,180.38 4 0
github.com/cgrates/cgrates/engine/datamanager.go:181.27,183.91 2 0
github.com/cgrates/cgrates/engine/datamanager.go:184.33,186.97 2 0
github.com/cgrates/cgrates/engine/datamanager.go:187.37,189.101 2 0
github.com/cgrates/cgrates/engine/datamanager.go:190.35,192.99 2 0
github.com/cgrates/cgrates/engine/datamanager.go:193.38,195.102 2 0
github.com/cgrates/cgrates/engine/datamanager.go:196.35,198.99 2 0
github.com/cgrates/cgrates/engine/datamanager.go:199.32,201.96 2 0
github.com/cgrates/cgrates/engine/datamanager.go:202.34,204.98 2 0
github.com/cgrates/cgrates/engine/datamanager.go:205.37,207.66 2 0
github.com/cgrates/cgrates/engine/datamanager.go:210.4,210.119 1 0
github.com/cgrates/cgrates/engine/datamanager.go:211.36,213.66 2 0
github.com/cgrates/cgrates/engine/datamanager.go:216.4,216.118 1 0
github.com/cgrates/cgrates/engine/datamanager.go:217.32,219.66 2 0
github.com/cgrates/cgrates/engine/datamanager.go:222.4,222.114 1 0
github.com/cgrates/cgrates/engine/datamanager.go:223.37,225.66 2 0
github.com/cgrates/cgrates/engine/datamanager.go:228.4,228.119 1 0
github.com/cgrates/cgrates/engine/datamanager.go:229.33,231.66 2 0
github.com/cgrates/cgrates/engine/datamanager.go:234.4,234.115 1 0
github.com/cgrates/cgrates/engine/datamanager.go:235.35,237.66 2 0
github.com/cgrates/cgrates/engine/datamanager.go:240.4,240.117 1 0
github.com/cgrates/cgrates/engine/datamanager.go:241.38,243.66 2 0
github.com/cgrates/cgrates/engine/datamanager.go:246.4,246.120 1 0
github.com/cgrates/cgrates/engine/datamanager.go:247.42,249.66 2 0
github.com/cgrates/cgrates/engine/datamanager.go:252.4,252.122 1 0
github.com/cgrates/cgrates/engine/datamanager.go:253.34,255.66 2 0
github.com/cgrates/cgrates/engine/datamanager.go:258.4,258.114 1 0
github.com/cgrates/cgrates/engine/datamanager.go:259.44,261.66 2 0
github.com/cgrates/cgrates/engine/datamanager.go:264.4,264.124 1 0
github.com/cgrates/cgrates/engine/datamanager.go:265.37,267.66 2 0
github.com/cgrates/cgrates/engine/datamanager.go:270.4,270.118 1 0
github.com/cgrates/cgrates/engine/datamanager.go:271.30,273.15 2 0
github.com/cgrates/cgrates/engine/datamanager.go:277.4,277.131 1 0
github.com/cgrates/cgrates/engine/datamanager.go:278.27,279.60 1 0
github.com/cgrates/cgrates/engine/datamanager.go:280.25,281.103 1 0
github.com/cgrates/cgrates/engine/datamanager.go:207.66,209.5 1 0
github.com/cgrates/cgrates/engine/datamanager.go:213.66,215.5 1 0
github.com/cgrates/cgrates/engine/datamanager.go:219.66,221.5 1 0
github.com/cgrates/cgrates/engine/datamanager.go:225.66,227.5 1 0
github.com/cgrates/cgrates/engine/datamanager.go:231.66,233.5 1 0
github.com/cgrates/cgrates/engine/datamanager.go:237.66,239.5 1 0
github.com/cgrates/cgrates/engine/datamanager.go:243.66,245.5 1 0
github.com/cgrates/cgrates/engine/datamanager.go:249.66,251.5 1 0
github.com/cgrates/cgrates/engine/datamanager.go:255.66,257.5 1 0
github.com/cgrates/cgrates/engine/datamanager.go:261.66,263.5 1 0
github.com/cgrates/cgrates/engine/datamanager.go:267.66,269.5 1 0
github.com/cgrates/cgrates/engine/datamanager.go:273.15,276.5 2 0
github.com/cgrates/cgrates/engine/datamanager.go:283.17,286.37 1 0
github.com/cgrates/cgrates/engine/datamanager.go:292.4,292.13 1 0
github.com/cgrates/cgrates/engine/datamanager.go:286.37,291.5 1 0
github.com/cgrates/cgrates/engine/datamanager.go:304.50,306.15 2 1
github.com/cgrates/cgrates/engine/datamanager.go:314.2,314.39 1 1
github.com/cgrates/cgrates/engine/datamanager.go:350.2,350.16 1 1
github.com/cgrates/cgrates/engine/datamanager.go:356.2,356.8 1 1
github.com/cgrates/cgrates/engine/datamanager.go:306.15,307.56 1 1
github.com/cgrates/cgrates/engine/datamanager.go:307.56,308.16 1 0
github.com/cgrates/cgrates/engine/datamanager.go:311.4,311.27 1 0
github.com/cgrates/cgrates/engine/datamanager.go:308.16,310.5 1 0
github.com/cgrates/cgrates/engine/datamanager.go:314.39,315.62 1 1
github.com/cgrates/cgrates/engine/datamanager.go:315.62,317.4 1 0
github.com/cgrates/cgrates/engine/datamanager.go:318.8,318.22 1 1
github.com/cgrates/cgrates/engine/datamanager.go:318.22,321.3 2 0
github.com/cgrates/cgrates/engine/datamanager.go:321.8,323.17 2 1
github.com/cgrates/cgrates/engine/datamanager.go:346.3,346.39 1 1
github.com/cgrates/cgrates/engine/datamanager.go:323.17,324.110 1 1
github.com/cgrates/cgrates/engine/datamanager.go:335.4,335.18 1 1
github.com/cgrates/cgrates/engine/datamanager.go:324.110,331.28 1 0
github.com/cgrates/cgrates/engine/datamanager.go:331.28,333.6 1 0
github.com/cgrates/cgrates/engine/datamanager.go:335.18,337.47 2 1
github.com/cgrates/cgrates/engine/datamanager.go:343.5,343.11 1 1
github.com/cgrates/cgrates/engine/datamanager.go:337.47,339.64 1 0
github.com/cgrates/cgrates/engine/datamanager.go:339.64,341.7 1 0
github.com/cgrates/cgrates/engine/datamanager.go:346.39,348.4 1 0
github.com/cgrates/cgrates/engine/datamanager.go:350.16,352.61 1 0
github.com/cgrates/cgrates/engine/datamanager.go:352.61,354.4 1 0
github.com/cgrates/cgrates/engine/datamanager.go:359.98,360.15 1 1
github.com/cgrates/cgrates/engine/datamanager.go:363.2,365.67 2 1
github.com/cgrates/cgrates/engine/datamanager.go:368.2,368.59 1 1
github.com/cgrates/cgrates/engine/datamanager.go:371.2,371.15 1 1
github.com/cgrates/cgrates/engine/datamanager.go:376.2,376.83 1 1
github.com/cgrates/cgrates/engine/datamanager.go:386.2,386.8 1 1
github.com/cgrates/cgrates/engine/datamanager.go:360.15,362.3 1 0
github.com/cgrates/cgrates/engine/datamanager.go:365.67,367.3 1 0
github.com/cgrates/cgrates/engine/datamanager.go:368.59,370.3 1 0
github.com/cgrates/cgrates/engine/datamanager.go:371.15,372.65 1 1
github.com/cgrates/cgrates/engine/datamanager.go:372.65,374.4 1 0
github.com/cgrates/cgrates/engine/datamanager.go:376.83,385.3 1 0
github.com/cgrates/cgrates/engine/datamanager.go:389.106,390.15 1 0
github.com/cgrates/cgrates/engine/datamanager.go:393.2,395.67 2 0
github.com/cgrates/cgrates/engine/datamanager.go:398.2,399.15 2 0
github.com/cgrates/cgrates/engine/datamanager.go:413.2,413.68 1 0
github.com/cgrates/cgrates/engine/datamanager.go:416.2,416.19 1 0
github.com/cgrates/cgrates/engine/datamanager.go:419.2,419.83 1 0
github.com/cgrates/cgrates/engine/datamanager.go:429.2,429.8 1 0
github.com/cgrates/cgrates/engine/datamanager.go:390.15,392.3 1 0
github.com/cgrates/cgrates/engine/datamanager.go:395.67,397.3 1 0
github.com/cgrates/cgrates/engine/datamanager.go:399.15,403.71 3 0
github.com/cgrates/cgrates/engine/datamanager.go:403.71,404.32 1 0
github.com/cgrates/cgrates/engine/datamanager.go:407.4,407.13 1 0
github.com/cgrates/cgrates/engine/datamanager.go:404.32,406.5 1 0
github.com/cgrates/cgrates/engine/datamanager.go:408.9,411.4 1 0
github.com/cgrates/cgrates/engine/datamanager.go:413.68,415.3 1 0
github.com/cgrates/cgrates/engine/datamanager.go:416.19,418.3 1 0
github.com/cgrates/cgrates/engine/datamanager.go:419.83,428.3 1 0
github.com/cgrates/cgrates/engine/datamanager.go:433.79,435.15 2 0
github.com/cgrates/cgrates/engine/datamanager.go:443.2,443.15 1 0
github.com/cgrates/cgrates/engine/datamanager.go:447.2,448.16 2 0
github.com/cgrates/cgrates/engine/datamanager.go:471.2,471.16 1 0
github.com/cgrates/cgrates/engine/datamanager.go:477.2,477.8 1 0
github.com/cgrates/cgrates/engine/datamanager.go:435.15,436.59 1 0
github.com/cgrates/cgrates/engine/datamanager.go:436.59,437.16 1 0
github.com/cgrates/cgrates/engine/datamanager.go:440.4,440.30 1 0
github.com/cgrates/cgrates/engine/datamanager.go:437.16,439.5 1 0
github.com/cgrates/cgrates/engine/datamanager.go:443.15,446.3 2 0
github.com/cgrates/cgrates/engine/datamanager.go:448.16,449.112 1 0
github.com/cgrates/cgrates/engine/datamanager.go:460.3,460.17 1 0
github.com/cgrates/cgrates/engine/datamanager.go:449.112,456.25 1 0
github.com/cgrates/cgrates/engine/datamanager.go:456.25,458.5 1 0
github.com/cgrates/cgrates/engine/datamanager.go:460.17,462.46 2 0
github.com/cgrates/cgrates/engine/datamanager.go:468.4,468.19 1 0
github.com/cgrates/cgrates/engine/datamanager.go:462.46,464.63 1 0
github.com/cgrates/cgrates/engine/datamanager.go:464.63,466.6 1 0
github.com/cgrates/cgrates/engine/datamanager.go:471.16,473.61 1 0
github.com/cgrates/cgrates/engine/datamanager.go:473.61,475.4 1 0
github.com/cgrates/cgrates/engine/datamanager.go:480.86,481.15 1 1
github.com/cgrates/cgrates/engine/datamanager.go:484.2,484.60 1 1
github.com/cgrates/cgrates/engine/datamanager.go:487.2,487.86 1 1
github.com/cgrates/cgrates/engine/datamanager.go:497.2,497.8 1 1
github.com/cgrates/cgrates/engine/datamanager.go:481.15,483.3 1 0
github.com/cgrates/cgrates/engine/datamanager.go:484.60,486.3 1 0
github.com/cgrates/cgrates/engine/datamanager.go:487.86,496.3 1 0
github.com/cgrates/cgrates/engine/datamanager.go:500.93,501.15 1 0
github.com/cgrates/cgrates/engine/datamanager.go:504.2,504.71 1 0
github.com/cgrates/cgrates/engine/datamanager.go:507.2,507.86 1 0
github.com/cgrates/cgrates/engine/datamanager.go:517.2,517.8 1 0
github.com/cgrates/cgrates/engine/datamanager.go:501.15,503.3 1 0
github.com/cgrates/cgrates/engine/datamanager.go:504.71,506.3 1 0
github.com/cgrates/cgrates/engine/datamanager.go:507.86,516.3 1 0
github.com/cgrates/cgrates/engine/datamanager.go:521.58,523.15 2 1
github.com/cgrates/cgrates/engine/datamanager.go:531.2,531.15 1 1
github.com/cgrates/cgrates/engine/datamanager.go:535.2,536.16 2 1
github.com/cgrates/cgrates/engine/datamanager.go:561.2,561.16 1 0
github.com/cgrates/cgrates/engine/datamanager.go:567.2,567.8 1 0
github.com/cgrates/cgrates/engine/datamanager.go:523.15,524.66 1 1
github.com/cgrates/cgrates/engine/datamanager.go:524.66,525.16 1 0
github.com/cgrates/cgrates/engine/datamanager.go:528.4,528.37 1 0
github.com/cgrates/cgrates/engine/datamanager.go:525.16,527.5 1 0
github.com/cgrates/cgrates/engine/datamanager.go:531.15,534.3 2 0
github.com/cgrates/cgrates/engine/datamanager.go:536.16,537.119 1 1
github.com/cgrates/cgrates/engine/datamanager.go:549.3,549.17 1 1
github.com/cgrates/cgrates/engine/datamanager.go:537.119,545.25 1 0
github.com/cgrates/cgrates/engine/datamanager.go:545.25,547.5 1 0
github.com/cgrates/cgrates/engine/datamanager.go:549.17,551.46 2 1
github.com/cgrates/cgrates/engine/datamanager.go:558.4,558.19 1 1
github.com/cgrates/cgrates/engine/datamanager.go:551.46,553.63 1 0
github.com/cgrates/cgrates/engine/datamanager.go:553.63,555.6 1 0
github.com/cgrates/cgrates/engine/datamanager.go:561.16,563.61 1 0
github.com/cgrates/cgrates/engine/datamanager.go:563.61,565.4 1 0
github.com/cgrates/cgrates/engine/datamanager.go:570.116,571.15 1 1
github.com/cgrates/cgrates/engine/datamanager.go:574.2,574.15 1 1
github.com/cgrates/cgrates/engine/datamanager.go:581.2,582.44 2 1
github.com/cgrates/cgrates/engine/datamanager.go:585.2,585.67 1 1
github.com/cgrates/cgrates/engine/datamanager.go:588.2,588.15 1 1
github.com/cgrates/cgrates/engine/datamanager.go:598.2,598.93 1 1
github.com/cgrates/cgrates/engine/datamanager.go:611.2,614.33 1 1
github.com/cgrates/cgrates/engine/datamanager.go:628.2,628.8 1 1
github.com/cgrates/cgrates/engine/datamanager.go:571.15,573.3 1 0
github.com/cgrates/cgrates/engine/datamanager.go:574.15,575.71 1 1
github.com/cgrates/cgrates/engine/datamanager.go:575.71,579.4 1 0
github.com/cgrates/cgrates/engine/datamanager.go:582.44,584.3 1 0
github.com/cgrates/cgrates/engine/datamanager.go:585.67,587.3 1 0
github.com/cgrates/cgrates/engine/datamanager.go:588.15,590.19 2 1
github.com/cgrates/cgrates/engine/datamanager.go:593.3,594.78 1 1
github.com/cgrates/cgrates/engine/datamanager.go:590.19,592.4 1 0
github.com/cgrates/cgrates/engine/datamanager.go:594.78,596.4 1 0
github.com/cgrates/cgrates/engine/datamanager.go:598.93,606.80 1 0
github.com/cgrates/cgrates/engine/datamanager.go:606.80,608.4 1 0
github.com/cgrates/cgrates/engine/datamanager.go:614.33,620.3 1 1
github.com/cgrates/cgrates/engine/datamanager.go:620.8,621.68 1 0
github.com/cgrates/cgrates/engine/datamanager.go:621.68,627.3 1 0
github.com/cgrates/cgrates/engine/datamanager.go:631.116,632.15 1 0
github.com/cgrates/cgrates/engine/datamanager.go:635.2,636.44 2 0
github.com/cgrates/cgrates/engine/datamanager.go:639.2,639.75 1 0
github.com/cgrates/cgrates/engine/datamanager.go:642.2,642.18 1 0
github.com/cgrates/cgrates/engine/datamanager.go:645.2,645.15 1 0
github.com/cgrates/cgrates/engine/datamanager.go:654.2,654.93 1 0
github.com/cgrates/cgrates/engine/datamanager.go:664.2,664.44 1 0
github.com/cgrates/cgrates/engine/datamanager.go:632.15,634.3 1 0
github.com/cgrates/cgrates/engine/datamanager.go:636.44,638.3 1 0
github.com/cgrates/cgrates/engine/datamanager.go:639.75,641.3 1 0
github.com/cgrates/cgrates/engine/datamanager.go:642.18,644.3 1 0
github.com/cgrates/cgrates/engine/datamanager.go:645.15,646.120 1 0
github.com/cgrates/cgrates/engine/datamanager.go:649.3,650.64 1 0
github.com/cgrates/cgrates/engine/datamanager.go:646.120,648.4 1 0
github.com/cgrates/cgrates/engine/datamanager.go:650.64,652.4 1 0
github.com/cgrates/cgrates/engine/datamanager.go:654.93,663.3 1 0
github.com/cgrates/cgrates/engine/datamanager.go:670.79,672.15 2 0
github.com/cgrates/cgrates/engine/datamanager.go:680.2,680.15 1 0
github.com/cgrates/cgrates/engine/datamanager.go:684.2,685.16 2 0
github.com/cgrates/cgrates/engine/datamanager.go:715.2,715.16 1 0
github.com/cgrates/cgrates/engine/datamanager.go:721.2,721.8 1 0
github.com/cgrates/cgrates/engine/datamanager.go:672.15,673.59 1 0
github.com/cgrates/cgrates/engine/datamanager.go:673.59,674.16 1 0
github.com/cgrates/cgrates/engine/datamanager.go:677.4,677.30 1 0
github.com/cgrates/cgrates/engine/datamanager.go:674.16,676.5 1 0
github.com/cgrates/cgrates/engine/datamanager.go:680.15,683.3 2 0
github.com/cgrates/cgrates/engine/datamanager.go:685.16,686.112 1 0
github.com/cgrates/cgrates/engine/datamanager.go:704.3,704.17 1 0
github.com/cgrates/cgrates/engine/datamanager.go:686.112,693.25 1 0
github.com/cgrates/cgrates/engine/datamanager.go:693.25,695.57 2 0
github.com/cgrates/cgrates/engine/datamanager.go:701.5,701.50 1 0
github.com/cgrates/cgrates/engine/datamanager.go:695.57,697.62 1 0
github.com/cgrates/cgrates/engine/datamanager.go:697.62,699.7 1 0
github.com/cgrates/cgrates/engine/datamanager.go:704.17,705.75 1 0
github.com/cgrates/cgrates/engine/datamanager.go:712.4,712.19 1 0
github.com/cgrates/cgrates/engine/datamanager.go:705.75,707.63 1 0
github.com/cgrates/cgrates/engine/datamanager.go:707.63,709.6 1 0
github.com/cgrates/cgrates/engine/datamanager.go:715.16,717.61 1 0
github.com/cgrates/cgrates/engine/datamanager.go:717.61,719.4 1 0
github.com/cgrates/cgrates/engine/datamanager.go:725.86,726.15 1 1
github.com/cgrates/cgrates/engine/datamanager.go:729.2,730.54 2 1
github.com/cgrates/cgrates/engine/datamanager.go:736.2,736.63 1 1
github.com/cgrates/cgrates/engine/datamanager.go:739.2,739.86 1 1
github.com/cgrates/cgrates/engine/datamanager.go:749.2,749.8 1 1
github.com/cgrates/cgrates/engine/datamanager.go:726.15,728.3 1 0
github.com/cgrates/cgrates/engine/datamanager.go:730.54,732.59 1 1
github.com/cgrates/cgrates/engine/datamanager.go:732.59,734.4 1 0
github.com/cgrates/cgrates/engine/datamanager.go:736.63,738.3 1 0
github.com/cgrates/cgrates/engine/datamanager.go:739.86,748.3 1 0
github.com/cgrates/cgrates/engine/datamanager.go:753.93,754.15 1 0
github.com/cgrates/cgrates/engine/datamanager.go:757.2,757.66 1 0
github.com/cgrates/cgrates/engine/datamanager.go:760.2,760.86 1 0
github.com/cgrates/cgrates/engine/datamanager.go:770.2,770.8 1 0
github.com/cgrates/cgrates/engine/datamanager.go:754.15,756.3 1 0
github.com/cgrates/cgrates/engine/datamanager.go:757.66,759.3 1 0
github.com/cgrates/cgrates/engine/datamanager.go:760.86,769.3 1 0
github.com/cgrates/cgrates/engine/datamanager.go:774.59,776.15 2 1
github.com/cgrates/cgrates/engine/datamanager.go:784.2,784.15 1 1
github.com/cgrates/cgrates/engine/datamanager.go:788.2,789.16 2 1
github.com/cgrates/cgrates/engine/datamanager.go:814.2,814.16 1 0
github.com/cgrates/cgrates/engine/datamanager.go:820.2,820.8 1 0
github.com/cgrates/cgrates/engine/datamanager.go:776.15,777.66 1 1
github.com/cgrates/cgrates/engine/datamanager.go:777.66,778.16 1 0
github.com/cgrates/cgrates/engine/datamanager.go:781.4,781.37 1 0
github.com/cgrates/cgrates/engine/datamanager.go:778.16,780.5 1 0
github.com/cgrates/cgrates/engine/datamanager.go:784.15,787.3 2 0
github.com/cgrates/cgrates/engine/datamanager.go:789.16,790.119 1 1
github.com/cgrates/cgrates/engine/datamanager.go:802.3,802.17 1 1
github.com/cgrates/cgrates/engine/datamanager.go:790.119,798.26 1 0
github.com/cgrates/cgrates/engine/datamanager.go:798.26,800.5 1 0
github.com/cgrates/cgrates/engine/datamanager.go:802.17,804.46 2 1
github.com/cgrates/cgrates/engine/datamanager.go:811.4,811.19 1 1
github.com/cgrates/cgrates/engine/datamanager.go:804.46,806.63 1 0
github.com/cgrates/cgrates/engine/datamanager.go:806.63,808.6 1 0
github.com/cgrates/cgrates/engine/datamanager.go:814.16,816.61 1 0
github.com/cgrates/cgrates/engine/datamanager.go:816.61,818.4 1 0
github.com/cgrates/cgrates/engine/datamanager.go:823.117,824.15 1 1
github.com/cgrates/cgrates/engine/datamanager.go:827.2,827.15 1 1
github.com/cgrates/cgrates/engine/datamanager.go:834.2,835.44 2 1
github.com/cgrates/cgrates/engine/datamanager.go:838.2,838.68 1 1
github.com/cgrates/cgrates/engine/datamanager.go:841.2,841.15 1 1
github.com/cgrates/cgrates/engine/datamanager.go:851.2,851.93 1 1
github.com/cgrates/cgrates/engine/datamanager.go:863.2,867.50 1 1
github.com/cgrates/cgrates/engine/datamanager.go:915.2,915.8 1 1
github.com/cgrates/cgrates/engine/datamanager.go:824.15,826.3 1 0
github.com/cgrates/cgrates/engine/datamanager.go:827.15,828.73 1 1
github.com/cgrates/cgrates/engine/datamanager.go:828.73,832.4 1 0
github.com/cgrates/cgrates/engine/datamanager.go:835.44,837.3 1 0
github.com/cgrates/cgrates/engine/datamanager.go:838.68,840.3 1 0
github.com/cgrates/cgrates/engine/datamanager.go:841.15,843.20 2 1
github.com/cgrates/cgrates/engine/datamanager.go:846.3,847.80 1 1
github.com/cgrates/cgrates/engine/datamanager.go:843.20,845.4 1 0
github.com/cgrates/cgrates/engine/datamanager.go:847.80,849.4 1 0
github.com/cgrates/cgrates/engine/datamanager.go:851.93,859.80 1 0
github.com/cgrates/cgrates/engine/datamanager.go:859.80,861.4 1 0
github.com/cgrates/cgrates/engine/datamanager.go:867.50,868.69 1 1
github.com/cgrates/cgrates/engine/datamanager.go:868.69,871.39 2 1
github.com/cgrates/cgrates/engine/datamanager.go:874.4,875.10 2 1
github.com/cgrates/cgrates/engine/datamanager.go:871.39,873.5 1 0
github.com/cgrates/cgrates/engine/datamanager.go:877.8,878.69 1 0
github.com/cgrates/cgrates/engine/datamanager.go:878.69,881.34 2 0
github.com/cgrates/cgrates/engine/datamanager.go:893.4,894.39 2 0
github.com/cgrates/cgrates/engine/datamanager.go:904.4,904.42 1 0
github.com/cgrates/cgrates/engine/datamanager.go:909.4,909.18 1 0
github.com/cgrates/cgrates/engine/datamanager.go:912.4,912.10 1 0
github.com/cgrates/cgrates/engine/datamanager.go:881.34,884.40 2 0
github.com/cgrates/cgrates/engine/datamanager.go:887.5,888.11 2 0
github.com/cgrates/cgrates/engine/datamanager.go:884.40,886.6 1 0
github.com/cgrates/cgrates/engine/datamanager.go:889.10,889.27 1 0
github.com/cgrates/cgrates/engine/datamanager.go:889.27,891.5 1 0
github.com/cgrates/cgrates/engine/datamanager.go:894.39,897.74 2 0
github.com/cgrates/cgrates/engine/datamanager.go:897.74,899.59 1 0
github.com/cgrates/cgrates/engine/datamanager.go:899.59,901.7 1 0
github.com/cgrates/cgrates/engine/datamanager.go:904.42,905.36 1 0
github.com/cgrates/cgrates/engine/datamanager.go:905.36,907.6 1 0
github.com/cgrates/cgrates/engine/datamanager.go:909.18,911.5 1 0
github.com/cgrates/cgrates/engine/datamanager.go:918.116,919.15 1 0
github.com/cgrates/cgrates/engine/datamanager.go:922.2,923.44 2 0
github.com/cgrates/cgrates/engine/datamanager.go:926.2,926.75 1 0
github.com/cgrates/cgrates/engine/datamanager.go:929.2,929.19 1 0
github.com/cgrates/cgrates/engine/datamanager.go:932.2,932.15 1 0
github.com/cgrates/cgrates/engine/datamanager.go:941.2,941.93 1 0
github.com/cgrates/cgrates/engine/datamanager.go:951.2,951.44 1 0
github.com/cgrates/cgrates/engine/datamanager.go:919.15,921.3 1 0
github.com/cgrates/cgrates/engine/datamanager.go:923.44,925.3 1 0
github.com/cgrates/cgrates/engine/datamanager.go:926.75,928.3 1 0
github.com/cgrates/cgrates/engine/datamanager.go:929.19,931.3 1 0
github.com/cgrates/cgrates/engine/datamanager.go:932.15,933.116 1 0
github.com/cgrates/cgrates/engine/datamanager.go:936.3,937.65 1 0
github.com/cgrates/cgrates/engine/datamanager.go:933.116,935.4 1 0
github.com/cgrates/cgrates/engine/datamanager.go:937.65,939.4 1 0
github.com/cgrates/cgrates/engine/datamanager.go:941.93,950.3 1 0
github.com/cgrates/cgrates/engine/datamanager.go:955.50,957.15 2 0
github.com/cgrates/cgrates/engine/datamanager.go:965.2,965.15 1 0
github.com/cgrates/cgrates/engine/datamanager.go:969.2,970.16 2 0
github.com/cgrates/cgrates/engine/datamanager.go:995.2,995.16 1 0
github.com/cgrates/cgrates/engine/datamanager.go:1001.2,1001.8 1 0
github.com/cgrates/cgrates/engine/datamanager.go:957.15,958.58 1 0
github.com/cgrates/cgrates/engine/datamanager.go:958.58,959.16 1 0
github.com/cgrates/cgrates/engine/datamanager.go:962.4,962.29 1 0
github.com/cgrates/cgrates/engine/datamanager.go:959.16,961.5 1 0
github.com/cgrates/cgrates/engine/datamanager.go:965.15,968.3 2 0
github.com/cgrates/cgrates/engine/datamanager.go:970.16,971.111 1 0
github.com/cgrates/cgrates/engine/datamanager.go:983.3,983.17 1 0
github.com/cgrates/cgrates/engine/datamanager.go:971.111,979.25 1 0
github.com/cgrates/cgrates/engine/datamanager.go:979.25,981.5 1 0
github.com/cgrates/cgrates/engine/datamanager.go:983.17,985.46 2 0
github.com/cgrates/cgrates/engine/datamanager.go:992.4,992.19 1 0
github.com/cgrates/cgrates/engine/datamanager.go:985.46,987.63 1 0
github.com/cgrates/cgrates/engine/datamanager.go:987.63,989.6 1 0
github.com/cgrates/cgrates/engine/datamanager.go:995.16,997.61 1 0
github.com/cgrates/cgrates/engine/datamanager.go:997.61,999.4 1 0
github.com/cgrates/cgrates/engine/datamanager.go:1004.84,1005.15 1 1
github.com/cgrates/cgrates/engine/datamanager.go:1008.2,1008.59 1 1
github.com/cgrates/cgrates/engine/datamanager.go:1011.2,1011.85 1 1
github.com/cgrates/cgrates/engine/datamanager.go:1021.2,1021.8 1 1
github.com/cgrates/cgrates/engine/datamanager.go:1005.15,1007.3 1 0
github.com/cgrates/cgrates/engine/datamanager.go:1008.59,1010.3 1 0
github.com/cgrates/cgrates/engine/datamanager.go:1011.85,1020.3 1 0
github.com/cgrates/cgrates/engine/datamanager.go:1024.92,1025.15 1 0
github.com/cgrates/cgrates/engine/datamanager.go:1028.2,1028.70 1 0
github.com/cgrates/cgrates/engine/datamanager.go:1031.2,1031.85 1 0
github.com/cgrates/cgrates/engine/datamanager.go:1041.2,1041.8 1 0
github.com/cgrates/cgrates/engine/datamanager.go:1025.15,1027.3 1 0
github.com/cgrates/cgrates/engine/datamanager.go:1028.70,1030.3 1 0
github.com/cgrates/cgrates/engine/datamanager.go:1031.85,1040.3 1 0
github.com/cgrates/cgrates/engine/datamanager.go:1045.57,1047.15 2 1
github.com/cgrates/cgrates/engine/datamanager.go:1055.2,1055.15 1 1
github.com/cgrates/cgrates/engine/datamanager.go:1059.2,1060.16 2 1
github.com/cgrates/cgrates/engine/datamanager.go:1084.2,1084.16 1 0
github.com/cgrates/cgrates/engine/datamanager.go:1090.2,1090.8 1 0
github.com/cgrates/cgrates/engine/datamanager.go:1047.15,1048.65 1 1
github.com/cgrates/cgrates/engine/datamanager.go:1048.65,1049.16 1 0
github.com/cgrates/cgrates/engine/datamanager.go:1052.4,1052.36 1 0
github.com/cgrates/cgrates/engine/datamanager.go:1049.16,1051.5 1 0
github.com/cgrates/cgrates/engine/datamanager.go:1055.15,1058.3 2 0
github.com/cgrates/cgrates/engine/datamanager.go:1060.16,1061.117 1 1
github.com/cgrates/cgrates/engine/datamanager.go:1072.3,1072.17 1 1
github.com/cgrates/cgrates/engine/datamanager.go:1061.117,1068.25 1 0
[...]
github.com/cgrates/cgrates/engine/storage_interface.go:151.45,153.2 1 0
github.com/cgrates/cgrates/engine/exportrequest.go:33.84,41.2 2 0
github.com/cgrates/cgrates/engine/exportrequest.go:53.43,55.2 1 0
github.com/cgrates/cgrates/engine/exportrequest.go:58.91,59.20 1 0
github.com/cgrates/cgrates/engine/exportrequest.go:77.2,77.16 1 0
github.com/cgrates/cgrates/engine/exportrequest.go:80.2,80.97 1 0
github.com/cgrates/cgrates/engine/exportrequest.go:86.2,86.8 1 0
github.com/cgrates/cgrates/engine/exportrequest.go:60.10,63.46 3 0
github.com/cgrates/cgrates/engine/exportrequest.go:68.3,68.46 1 0
github.com/cgrates/cgrates/engine/exportrequest.go:69.21,71.92 2 0
github.com/cgrates/cgrates/engine/exportrequest.go:74.24,75.22 1 0
github.com/cgrates/cgrates/engine/exportrequest.go:63.46,64.46 1 0
github.com/cgrates/cgrates/engine/exportrequest.go:64.46,66.5 1 0
github.com/cgrates/cgrates/engine/exportrequest.go:71.92,73.4 1 0
github.com/cgrates/cgrates/engine/exportrequest.go:77.16,79.3 1 0
github.com/cgrates/cgrates/engine/exportrequest.go:80.97,82.34 2 0
github.com/cgrates/cgrates/engine/exportrequest.go:82.34,84.4 1 0
github.com/cgrates/cgrates/engine/exportrequest.go:90.83,92.60 2 0
github.com/cgrates/cgrates/engine/exportrequest.go:95.2,95.40 1 0
github.com/cgrates/cgrates/engine/exportrequest.go:92.60,94.3 1 0
github.com/cgrates/cgrates/engine/exportrequest.go:99.101,100.33 1 0
github.com/cgrates/cgrates/engine/exportrequest.go:146.2,146.8 1 0
github.com/cgrates/cgrates/engine/exportrequest.go:100.33,102.37 1 0
github.com/cgrates/cgrates/engine/exportrequest.go:108.3,110.17 3 0
github.com/cgrates/cgrates/engine/exportrequest.go:120.3,121.75 2 0
github.com/cgrates/cgrates/engine/exportrequest.go:129.3,130.22 2 0
github.com/cgrates/cgrates/engine/exportrequest.go:138.3,138.17 1 0
github.com/cgrates/cgrates/engine/exportrequest.go:142.3,142.21 1 0
github.com/cgrates/cgrates/engine/exportrequest.go:102.37,104.4 1 0
github.com/cgrates/cgrates/engine/exportrequest.go:104.9,104.19 1 0
github.com/cgrates/cgrates/engine/exportrequest.go:104.19,105.12 1 0
github.com/cgrates/cgrates/engine/exportrequest.go:110.17,111.32 1 0
github.com/cgrates/cgrates/engine/exportrequest.go:118.4,118.10 1 0
github.com/cgrates/cgrates/engine/exportrequest.go:111.32,112.26 1 0
github.com/cgrates/cgrates/engine/exportrequest.go:116.5,116.46 1 0
github.com/cgrates/cgrates/engine/exportrequest.go:112.26,114.14 2 0
github.com/cgrates/cgrates/engine/exportrequest.go:121.75,123.4 1 0
github.com/cgrates/cgrates/engine/exportrequest.go:123.9,123.29 1 0
github.com/cgrates/cgrates/engine/exportrequest.go:123.29,128.4 1 0
github.com/cgrates/cgrates/engine/exportrequest.go:131.27,132.38 1 0
github.com/cgrates/cgrates/engine/exportrequest.go:133.24,134.37 1 0
github.com/cgrates/cgrates/engine/exportrequest.go:135.11,136.41 1 0
github.com/cgrates/cgrates/engine/exportrequest.go:138.17,140.4 1 0
github.com/cgrates/cgrates/engine/exportrequest.go:142.21,143.9 1 0
github.com/cgrates/cgrates/engine/exportrequest.go:150.97,151.45 1 0
github.com/cgrates/cgrates/engine/exportrequest.go:152.21,153.115 1 0
github.com/cgrates/cgrates/engine/exportrequest.go:154.22,155.74 1 0
github.com/cgrates/cgrates/engine/exportrequest.go:156.10,158.11 2 0
github.com/cgrates/cgrates/engine/exportrequest.go:161.3,164.62 1 0
github.com/cgrates/cgrates/engine/exportrequest.go:158.11,160.4 1 0
github.com/cgrates/cgrates/engine/exportrequest.go:170.58,172.17 2 0
github.com/cgrates/cgrates/engine/exportrequest.go:179.2,182.53 2 0
github.com/cgrates/cgrates/engine/exportrequest.go:185.2,185.39 1 0
github.com/cgrates/cgrates/engine/exportrequest.go:189.2,189.8 1 0
github.com/cgrates/cgrates/engine/exportrequest.go:173.24,175.31 2 0
github.com/cgrates/cgrates/engine/exportrequest.go:176.23,177.31 1 0
github.com/cgrates/cgrates/engine/exportrequest.go:182.53,184.3 1 0
github.com/cgrates/cgrates/engine/exportrequest.go:185.39,188.3 1 0
github.com/cgrates/cgrates/engine/exportrequest.go:194.93,195.45 1 0
github.com/cgrates/cgrates/engine/exportrequest.go:196.21,197.115 1 0
github.com/cgrates/cgrates/engine/exportrequest.go:198.22,199.74 1 0
github.com/cgrates/cgrates/engine/exportrequest.go:200.10,202.11 2 0
github.com/cgrates/cgrates/engine/exportrequest.go:205.3,208.10 1 0
github.com/cgrates/cgrates/engine/exportrequest.go:202.11,204.4 1 0
github.com/cgrates/cgrates/engine/exportrequest.go:214.94,215.45 1 0
github.com/cgrates/cgrates/engine/exportrequest.go:216.21,219.55 3 0
github.com/cgrates/cgrates/engine/exportrequest.go:224.3,224.97 1 0
github.com/cgrates/cgrates/engine/exportrequest.go:225.22,227.97 2 0
github.com/cgrates/cgrates/engine/exportrequest.go:235.3,235.69 1 0
github.com/cgrates/cgrates/engine/exportrequest.go:236.10,238.11 2 0
github.com/cgrates/cgrates/engine/exportrequest.go:241.3,244.10 1 0
github.com/cgrates/cgrates/engine/exportrequest.go:219.55,221.4 1 0
github.com/cgrates/cgrates/engine/exportrequest.go:221.9,223.4 1 0
github.com/cgrates/cgrates/engine/exportrequest.go:227.97,228.32 1 0
github.com/cgrates/cgrates/engine/exportrequest.go:231.4,231.18 1 0
github.com/cgrates/cgrates/engine/exportrequest.go:228.32,230.5 1 0
github.com/cgrates/cgrates/engine/exportrequest.go:232.9,234.4 1 0
github.com/cgrates/cgrates/engine/exportrequest.go:238.11,240.4 1 0
github.com/cgrates/cgrates/engine/route_cost_sort.go:33.69,34.42 1 0
github.com/cgrates/cgrates/engine/route_cost_sort.go:37.2,39.81 2 0
github.com/cgrates/cgrates/engine/route_cost_sort.go:42.2,44.31 3 0
github.com/cgrates/cgrates/engine/route_cost_sort.go:128.2,128.8 1 0
github.com/cgrates/cgrates/engine/route_cost_sort.go:34.42,36.3 1 0
github.com/cgrates/cgrates/engine/route_cost_sort.go:39.81,41.3 1 0
github.com/cgrates/cgrates/engine/route_cost_sort.go:44.31,45.67 1 0
github.com/cgrates/cgrates/engine/route_cost_sort.go:51.3,61.20 2 0
github.com/cgrates/cgrates/engine/route_cost_sort.go:64.3,65.33 2 0
github.com/cgrates/cgrates/engine/route_cost_sort.go:113.3,113.18 1 0
github.com/cgrates/cgrates/engine/route_cost_sort.go:116.3,122.48 3 0
github.com/cgrates/cgrates/engine/route_cost_sort.go:45.67,50.4 2 0
github.com/cgrates/cgrates/engine/route_cost_sort.go:61.20,63.4 1 0
github.com/cgrates/cgrates/engine/route_cost_sort.go:65.33,70.62 3 0
github.com/cgrates/cgrates/engine/route_cost_sort.go:81.4,81.33 1 0
github.com/cgrates/cgrates/engine/route_cost_sort.go:87.4,88.42 2 0
github.com/cgrates/cgrates/engine/route_cost_sort.go:91.4,91.52 1 0
github.com/cgrates/cgrates/engine/route_cost_sort.go:70.62,71.31 1 0
github.com/cgrates/cgrates/engine/route_cost_sort.go:78.5,79.11 2 0
github.com/cgrates/cgrates/engine/route_cost_sort.go:71.31,76.14 3 0
github.com/cgrates/cgrates/engine/route_cost_sort.go:81.33,83.100 2 0
github.com/cgrates/cgrates/engine/route_cost_sort.go:83.100,84.14 1 0
github.com/cgrates/cgrates/engine/route_cost_sort.go:88.42,90.5 1 0
github.com/cgrates/cgrates/engine/route_cost_sort.go:92.9,96.57 3 0
github.com/cgrates/cgrates/engine/route_cost_sort.go:107.4,108.99 2 0
github.com/cgrates/cgrates/engine/route_cost_sort.go:111.4,111.57 1 0
github.com/cgrates/cgrates/engine/route_cost_sort.go:96.57,97.31 1 0
github.com/cgrates/cgrates/engine/route_cost_sort.go:104.5,105.11 2 0
github.com/cgrates/cgrates/engine/route_cost_sort.go:97.31,102.14 3 0
github.com/cgrates/cgrates/engine/route_cost_sort.go:108.99,109.13 1 0
github.com/cgrates/cgrates/engine/route_cost_sort.go:113.18,115.4 1 0
github.com/cgrates/cgrates/engine/route_cost_sort.go:122.48,124.4 1 0
github.com/cgrates/cgrates/engine/route_cost_sort.go:124.9,124.18 1 0
github.com/cgrates/cgrates/engine/route_cost_sort.go:124.18,126.4 1 0
github.com/cgrates/cgrates/engine/route_cost_sort.go:131.105,133.2 1 0
github.com/cgrates/cgrates/engine/route_cost_sort.go:143.88,145.115 2 0
github.com/cgrates/cgrates/engine/route_cost_sort.go:149.2,155.8 3 0
github.com/cgrates/cgrates/engine/route_cost_sort.go:145.115,147.3 1 0
github.com/cgrates/cgrates/engine/route_cost_sort.go:158.103,160.2 1 0
github.com/cgrates/cgrates/engine/route_cost_sort.go:170.88,172.115 2 0
github.com/cgrates/cgrates/engine/route_cost_sort.go:175.2,181.8 3 0
github.com/cgrates/cgrates/engine/route_cost_sort.go:172.115,174.3 1 0
github.com/cgrates/cgrates/engine/stats.go:35.49,45.2 1 0
github.com/cgrates/cgrates/engine/stats.go:60.47,65.2 4 0
github.com/cgrates/cgrates/engine/stats.go:68.50,70.2 1 0
github.com/cgrates/cgrates/engine/stats.go:73.49,78.2 4 0
github.com/cgrates/cgrates/engine/stats.go:81.50,83.24 2 0
github.com/cgrates/cgrates/engine/stats.go:87.2,87.6 1 0
github.com/cgrates/cgrates/engine/stats.go:83.24,86.3 2 0
github.com/cgrates/cgrates/engine/stats.go:87.6,89.10 2 0
github.com/cgrates/cgrates/engine/stats.go:90.24,92.10 2 0
github.com/cgrates/cgrates/engine/stats.go:93.36,93.36 0 0
github.com/cgrates/cgrates/engine/stats.go:99.51,101.6 2 0
github.com/cgrates/cgrates/engine/stats.go:127.2,127.27 1 0
github.com/cgrates/cgrates/engine/stats.go:101.6,104.16 3 0
github.com/cgrates/cgrates/engine/stats.go:107.3,108.16 2 0
github.com/cgrates/cgrates/engine/stats.go:111.3,112.25 2 0
github.com/cgrates/cgrates/engine/stats.go:118.3,120.51 3 0
github.com/cgrates/cgrates/engine/stats.go:123.3,125.20 2 0
github.com/cgrates/cgrates/engine/stats.go:104.16,106.4 1 0
github.com/cgrates/cgrates/engine/stats.go:108.16,109.9 1 0
github.com/cgrates/cgrates/engine/stats.go:112.25,116.12 2 0
github.com/cgrates/cgrates/engine/stats.go:120.51,122.4 1 0
github.com/cgrates/cgrates/engine/stats.go:127.27,131.3 3 0
github.com/cgrates/cgrates/engine/stats.go:135.82,136.35 1 0
github.com/cgrates/cgrates/engine/stats.go:139.2,139.51 1 0
github.com/cgrates/cgrates/engine/stats.go:146.2,146.73 1 0
github.com/cgrates/cgrates/engine/stats.go:155.2,156.8 2 0
github.com/cgrates/cgrates/engine/stats.go:136.35,138.3 1 0
github.com/cgrates/cgrates/engine/stats.go:139.51,144.3 2 0
github.com/cgrates/cgrates/engine/stats.go:146.73,148.46 1 0
github.com/cgrates/cgrates/engine/stats.go:148.46,153.4 2 0
github.com/cgrates/cgrates/engine/stats.go:160.169,162.21 2 0
github.com/cgrates/cgrates/engine/stats.go:178.2,179.26 2 0
github.com/cgrates/cgrates/engine/stats.go:230.2,230.19 1 0
github.com/cgrates/cgrates/engine/stats.go:234.2,250.8 2 0
github.com/cgrates/cgrates/engine/stats.go:162.21,174.17 3 0
github.com/cgrates/cgrates/engine/stats.go:174.17,176.4 1 0
github.com/cgrates/cgrates/engine/stats.go:179.26,184.110 3 0
github.com/cgrates/cgrates/engine/stats.go:193.3,194.21 2 0
github.com/cgrates/cgrates/engine/stats.go:206.3,210.109 3 0
github.com/cgrates/cgrates/engine/stats.go:216.3,217.39 2 0
github.com/cgrates/cgrates/engine/stats.go:220.3,220.21 1 0
github.com/cgrates/cgrates/engine/stats.go:223.3,225.37 2 0
github.com/cgrates/cgrates/engine/stats.go:228.3,228.24 1 0
github.com/cgrates/cgrates/engine/stats.go:184.110,186.32 2 0
github.com/cgrates/cgrates/engine/stats.go:190.4,191.10 2 0
github.com/cgrates/cgrates/engine/stats.go:186.32,188.13 2 0
github.com/cgrates/cgrates/engine/stats.go:194.21,197.23 2 0
github.com/cgrates/cgrates/engine/stats.go:197.23,201.5 3 0
github.com/cgrates/cgrates/engine/stats.go:201.10,201.20 1 0
github.com/cgrates/cgrates/engine/stats.go:201.20,203.13 2 0
github.com/cgrates/cgrates/engine/stats.go:210.109,215.4 4 0
github.com/cgrates/cgrates/engine/stats.go:217.39,219.4 1 0
github.com/cgrates/cgrates/engine/stats.go:220.21,222.4 1 0
github.com/cgrates/cgrates/engine/stats.go:225.37,227.4 1 0
github.com/cgrates/cgrates/engine/stats.go:230.19,232.3 1 0
github.com/cgrates/cgrates/engine/stats.go:253.96,254.91 1 0
github.com/cgrates/cgrates/engine/stats.go:257.2,258.64 2 0
github.com/cgrates/cgrates/engine/stats.go:261.2,262.8 2 0
github.com/cgrates/cgrates/engine/stats.go:254.91,256.3 1 0
github.com/cgrates/cgrates/engine/stats.go:258.64,260.3 1 0
github.com/cgrates/cgrates/engine/stats.go:266.70,267.61 1 0
github.com/cgrates/cgrates/engine/stats.go:267.61,269.44 2 0
github.com/cgrates/cgrates/engine/stats.go:269.44,271.4 1 0
github.com/cgrates/cgrates/engine/stats.go:271.9,275.4 3 0
github.com/cgrates/cgrates/engine/stats.go:280.115,281.49 1 0
github.com/cgrates/cgrates/engine/stats.go:284.2,284.17 1 0
github.com/cgrates/cgrates/engine/stats.go:287.2,289.25 3 0
github.com/cgrates/cgrates/engine/stats.go:317.2,317.14 1 0
github.com/cgrates/cgrates/engine/stats.go:320.2,320.8 1 0
github.com/cgrates/cgrates/engine/stats.go:281.49,283.3 1 0
github.com/cgrates/cgrates/engine/stats.go:284.17,286.3 1 0
github.com/cgrates/cgrates/engine/stats.go:289.25,291.48 1 0
github.com/cgrates/cgrates/engine/stats.go:294.3,304.46 3 0
github.com/cgrates/cgrates/engine/stats.go:308.3,311.83 2 0
github.com/cgrates/cgrates/engine/stats.go:291.48,292.12 1 0
github.com/cgrates/cgrates/engine/stats.go:304.46,306.4 1 0
github.com/cgrates/cgrates/engine/stats.go:311.83,315.4 2 0
github.com/cgrates/cgrates/engine/stats.go:317.14,319.3 1 0
github.com/cgrates/cgrates/engine/stats.go:325.122,329.72 3 0
github.com/cgrates/cgrates/engine/stats.go:332.2,334.81 2 0
github.com/cgrates/cgrates/engine/stats.go:337.2,338.16 2 0
github.com/cgrates/cgrates/engine/stats.go:342.2,344.32 3 0
github.com/cgrates/cgrates/engine/stats.go:363.2,364.14 1 0
github.com/cgrates/cgrates/engine/stats.go:369.2,371.56 2 0
github.com/cgrates/cgrates/engine/stats.go:374.2,374.23 1 0
github.com/cgrates/cgrates/engine/stats.go:379.2,380.8 2 0
github.com/cgrates/cgrates/engine/stats.go:329.72,331.3 1 0
github.com/cgrates/cgrates/engine/stats.go:334.81,336.3 1 0
github.com/cgrates/cgrates/engine/stats.go:338.16,340.3 1 0
github.com/cgrates/cgrates/engine/stats.go:344.32,345.75 1 0
github.com/cgrates/cgrates/engine/stats.go:351.3,355.99 3 0
github.com/cgrates/cgrates/engine/stats.go:358.3,358.40 1 0
github.com/cgrates/cgrates/engine/stats.go:345.75,350.4 2 0
github.com/cgrates/cgrates/engine/stats.go:355.99,357.4 1 0
github.com/cgrates/cgrates/engine/stats.go:358.40,359.9 1 0
github.com/cgrates/cgrates/engine/stats.go:364.14,367.3 1 0
github.com/cgrates/cgrates/engine/stats.go:371.56,373.3 1 0
github.com/cgrates/cgrates/engine/stats.go:374.23,375.82 1 0
github.com/cgrates/cgrates/engine/stats.go:375.82,377.4 1 0
github.com/cgrates/cgrates/engine/stats.go:384.106,385.17 1 0
github.com/cgrates/cgrates/engine/stats.go:388.2,388.87 1 0
github.com/cgrates/cgrates/engine/stats.go:393.2,394.30 2 0
github.com/cgrates/cgrates/engine/stats.go:397.2,398.60 2 0
github.com/cgrates/cgrates/engine/stats.go:401.2,402.8 2 0
github.com/cgrates/cgrates/engine/stats.go:385.17,387.3 1 0
github.com/cgrates/cgrates/engine/stats.go:388.87,390.3 1 0
github.com/cgrates/cgrates/engine/stats.go:390.8,390.30 1 0
github.com/cgrates/cgrates/engine/stats.go:390.30,392.3 1 0
github.com/cgrates/cgrates/engine/stats.go:394.30,396.3 1 0
github.com/cgrates/cgrates/engine/stats.go:398.60,400.3 1 0
github.com/cgrates/cgrates/engine/stats.go:406.115,407.17 1 0
github.com/cgrates/cgrates/engine/stats.go:410.2,410.87 1 0
github.com/cgrates/cgrates/engine/stats.go:415.2,416.30 2 0
github.com/cgrates/cgrates/engine/stats.go:419.2,421.72 2 0
github.com/cgrates/cgrates/engine/stats.go:424.2,427.81 3 0
github.com/cgrates/cgrates/engine/stats.go:430.2,431.93 2 0
github.com/cgrates/cgrates/engine/stats.go:435.2,437.8 3 0
github.com/cgrates/cgrates/engine/stats.go:407.17,409.3 1 0
github.com/cgrates/cgrates/engine/stats.go:410.87,412.3 1 0
github.com/cgrates/cgrates/engine/stats.go:412.8,412.30 1 0
github.com/cgrates/cgrates/engine/stats.go:412.30,414.3 1 0
github.com/cgrates/cgrates/engine/stats.go:416.30,418.3 1 0
github.com/cgrates/cgrates/engine/stats.go:421.72,423.3 1 0
github.com/cgrates/cgrates/engine/stats.go:427.81,429.3 1 0
github.com/cgrates/cgrates/engine/stats.go:431.93,433.3 1 0
github.com/cgrates/cgrates/engine/stats.go:441.118,442.87 1 0
github.com/cgrates/cgrates/engine/stats.go:445.2,446.30 2 0
github.com/cgrates/cgrates/engine/stats.go:450.2,455.16 4 0
github.com/cgrates/cgrates/engine/stats.go:458.2,459.8 2 0
github.com/cgrates/cgrates/engine/stats.go:442.87,444.3 1 0
github.com/cgrates/cgrates/engine/stats.go:446.30,448.3 1 0
github.com/cgrates/cgrates/engine/stats.go:455.16,457.3 1 0
github.com/cgrates/cgrates/engine/stats.go:463.135,464.87 1 0
github.com/cgrates/cgrates/engine/stats.go:467.2,468.30 2 0
github.com/cgrates/cgrates/engine/stats.go:472.2,477.16 4 0
github.com/cgrates/cgrates/engine/stats.go:483.2,486.43 2 0
github.com/cgrates/cgrates/engine/stats.go:489.2,490.45 2 0
github.com/cgrates/cgrates/engine/stats.go:493.2,494.8 2 0
github.com/cgrates/cgrates/engine/stats.go:464.87,466.3 1 0
github.com/cgrates/cgrates/engine/stats.go:468.30,470.3 1 0
github.com/cgrates/cgrates/engine/stats.go:477.16,478.31 1 0
github.com/cgrates/cgrates/engine/stats.go:481.3,481.13 1 0
github.com/cgrates/cgrates/engine/stats.go:478.31,480.4 1 0
github.com/cgrates/cgrates/engine/stats.go:486.43,488.3 1 0
github.com/cgrates/cgrates/engine/stats.go:490.45,492.3 1 0
github.com/cgrates/cgrates/engine/stats.go:498.135,499.87 1 0
github.com/cgrates/cgrates/engine/stats.go:502.2,503.30 2 0
github.com/cgrates/cgrates/engine/stats.go:507.2,512.16 4 0
github.com/cgrates/cgrates/engine/stats.go:518.2,519.45 2 0
github.com/cgrates/cgrates/engine/stats.go:526.2,527.8 2 0
github.com/cgrates/cgrates/engine/stats.go:499.87,501.3 1 0
github.com/cgrates/cgrates/engine/stats.go:503.30,505.3 1 0
github.com/cgrates/cgrates/engine/stats.go:512.16,513.31 1 0
github.com/cgrates/cgrates/engine/stats.go:516.3,516.13 1 0
github.com/cgrates/cgrates/engine/stats.go:513.31,515.4 1 0
github.com/cgrates/cgrates/engine/stats.go:519.45,522.30 3 0
github.com/cgrates/cgrates/engine/stats.go:522.30,524.4 1 0
github.com/cgrates/cgrates/engine/stats.go:531.144,532.87 1 0
github.com/cgrates/cgrates/engine/stats.go:535.2,536.30 2 0
github.com/cgrates/cgrates/engine/stats.go:540.2,545.16 4 0
github.com/cgrates/cgrates/engine/stats.go:551.2,552.45 2 0
github.com/cgrates/cgrates/engine/stats.go:555.2,556.8 2 0
github.com/cgrates/cgrates/engine/stats.go:532.87,534.3 1 0
github.com/cgrates/cgrates/engine/stats.go:536.30,538.3 1 0
github.com/cgrates/cgrates/engine/stats.go:545.16,546.31 1 0
github.com/cgrates/cgrates/engine/stats.go:549.3,549.13 1 0
github.com/cgrates/cgrates/engine/stats.go:546.31,548.4 1 0
github.com/cgrates/cgrates/engine/stats.go:552.45,554.3 1 0
github.com/cgrates/cgrates/engine/stats.go:560.113,562.33 2 0
github.com/cgrates/cgrates/engine/stats.go:565.2,567.16 3 0
github.com/cgrates/cgrates/engine/stats.go:570.2,571.27 2 0
github.com/cgrates/cgrates/engine/stats.go:574.2,575.8 2 0
github.com/cgrates/cgrates/engine/stats.go:562.33,564.3 1 0
github.com/cgrates/cgrates/engine/stats.go:567.16,569.3 1 0
github.com/cgrates/cgrates/engine/stats.go:571.27,573.3 1 0
github.com/cgrates/cgrates/engine/stats.go:579.117,580.88 1 0
github.com/cgrates/cgrates/engine/stats.go:583.2,584.30 2 0
github.com/cgrates/cgrates/engine/stats.go:588.2,594.51 4 0
github.com/cgrates/cgrates/engine/stats.go:597.2,600.29 4 0
github.com/cgrates/cgrates/engine/stats.go:608.2,611.8 4 0
github.com/cgrates/cgrates/engine/stats.go:580.88,582.3 1 0
github.com/cgrates/cgrates/engine/stats.go:584.30,586.3 1 0
github.com/cgrates/cgrates/engine/stats.go:594.51,596.3 1 0
github.com/cgrates/cgrates/engine/stats.go:600.29,603.51 2 0
github.com/cgrates/cgrates/engine/stats.go:606.3,606.28 1 0
github.com/cgrates/cgrates/engine/stats.go:603.51,605.4 1 0
github.com/cgrates/cgrates/engine/storage_mongo_config.go:32.97,33.78 1 0
github.com/cgrates/cgrates/engine/storage_mongo_config.go:33.78,37.41 3 0
github.com/cgrates/cgrates/engine/storage_mongo_config.go:43.3,43.63 1 0
github.com/cgrates/cgrates/engine/storage_mongo_config.go:37.41,38.35 1 0
github.com/cgrates/cgrates/engine/storage_mongo_config.go:41.4,41.10 1 0
github.com/cgrates/cgrates/engine/storage_mongo_config.go:38.35,40.5 1 0
github.com/cgrates/cgrates/engine/storage_mongo_config.go:47.103,48.67 1 0
github.com/cgrates/cgrates/engine/storage_mongo_config.go:48.67,56.3 2 0
