mode: set
github.com/cgrates/cgrates/tpes/tpexporter.go:65.88,66.17 1 1
github.com/cgrates/cgrates/tpes/tpexporter.go:67.28,68.34 1 1
github.com/cgrates/cgrates/tpes/tpexporter.go:69.27,70.33 1 1
github.com/cgrates/cgrates/tpes/tpexporter.go:71.25,72.31 1 1
github.com/cgrates/cgrates/tpes/tpexporter.go:73.23,74.29 1 1
github.com/cgrates/cgrates/tpes/tpexporter.go:75.26,76.32 1 1
github.com/cgrates/cgrates/tpes/tpexporter.go:77.24,78.30 1 1
github.com/cgrates/cgrates/tpes/tpexporter.go:79.26,80.32 1 1
github.com/cgrates/cgrates/tpes/tpexporter.go:81.23,82.29 1 1
github.com/cgrates/cgrates/tpes/tpexporter.go:83.25,84.31 1 1
github.com/cgrates/cgrates/tpes/tpexporter.go:85.28,86.34 1 1
github.com/cgrates/cgrates/tpes/tpexporter.go:87.29,88.35 1 1
github.com/cgrates/cgrates/tpes/tpexporter.go:89.33,90.39 1 1
github.com/cgrates/cgrates/tpes/tpexporter.go:91.10,92.75 1 1
github.com/cgrates/cgrates/tpes/tpe_accounts.go:37.56,41.2 1 1
github.com/cgrates/cgrates/tpes/tpe_accounts.go:44.116,48.306 3 1
github.com/cgrates/cgrates/tpes/tpe_accounts.go:51.2,51.31 1 1
github.com/cgrates/cgrates/tpes/tpe_accounts.go:78.2,79.8 2 1
github.com/cgrates/cgrates/tpes/tpe_accounts.go:48.306,50.3 1 0
github.com/cgrates/cgrates/tpes/tpe_accounts.go:51.31,54.17 3 1
github.com/cgrates/cgrates/tpes/tpe_accounts.go:60.3,61.24 2 1
github.com/cgrates/cgrates/tpes/tpe_accounts.go:65.3,65.34 1 1
github.com/cgrates/cgrates/tpes/tpe_accounts.go:54.17,55.48 1 1
github.com/cgrates/cgrates/tpes/tpe_accounts.go:58.4,58.14 1 1
github.com/cgrates/cgrates/tpes/tpe_accounts.go:55.48,57.5 1 1
github.com/cgrates/cgrates/tpes/tpe_accounts.go:61.24,63.4 1 0
github.com/cgrates/cgrates/tpes/tpe_accounts.go:65.34,69.18 3 1
github.com/cgrates/cgrates/tpes/tpe_accounts.go:73.4,73.49 1 1
github.com/cgrates/cgrates/tpes/tpe_accounts.go:69.18,71.5 1 0
github.com/cgrates/cgrates/tpes/tpe_accounts.go:73.49,75.5 1 0
github.com/cgrates/cgrates/tpes/tpe_attributes.go:37.60,41.2 1 1
github.com/cgrates/cgrates/tpes/tpe_attributes.go:44.119,48.148 3 1
github.com/cgrates/cgrates/tpes/tpe_attributes.go:51.2,51.32 1 1
github.com/cgrates/cgrates/tpes/tpe_attributes.go:78.2,79.8 2 1
github.com/cgrates/cgrates/tpes/tpe_attributes.go:48.148,50.3 1 0
github.com/cgrates/cgrates/tpes/tpe_attributes.go:51.32,54.17 3 1
github.com/cgrates/cgrates/tpes/tpe_attributes.go:60.3,61.24 2 1
github.com/cgrates/cgrates/tpes/tpe_attributes.go:65.3,65.34 1 1
github.com/cgrates/cgrates/tpes/tpe_attributes.go:54.17,55.48 1 1
github.com/cgrates/cgrates/tpes/tpe_attributes.go:58.4,58.14 1 1
github.com/cgrates/cgrates/tpes/tpe_attributes.go:55.48,57.5 1 1
github.com/cgrates/cgrates/tpes/tpe_attributes.go:61.24,63.4 1 0
github.com/cgrates/cgrates/tpes/tpe_attributes.go:65.34,69.18 3 1
github.com/cgrates/cgrates/tpes/tpe_attributes.go:73.4,73.49 1 1
github.com/cgrates/cgrates/tpes/tpe_attributes.go:69.18,71.5 1 0
github.com/cgrates/cgrates/tpes/tpe_attributes.go:73.49,75.5 1 0
github.com/cgrates/cgrates/tpes/tpe_chargers.go:37.56,41.2 1 1
github.com/cgrates/cgrates/tpes/tpe_chargers.go:44.117,48.115 3 1
github.com/cgrates/cgrates/tpes/tpe_chargers.go:51.2,51.32 1 1
github.com/cgrates/cgrates/tpes/tpe_chargers.go:77.2,78.8 2 1
github.com/cgrates/cgrates/tpes/tpe_chargers.go:48.115,50.3 1 0
github.com/cgrates/cgrates/tpes/tpe_chargers.go:51.32,54.17 3 1
github.com/cgrates/cgrates/tpes/tpe_chargers.go:60.3,61.28 2 1
github.com/cgrates/cgrates/tpes/tpe_chargers.go:65.3,65.38 1 1
github.com/cgrates/cgrates/tpes/tpe_chargers.go:54.17,55.48 1 1
github.com/cgrates/cgrates/tpes/tpe_chargers.go:58.4,58.14 1 1
github.com/cgrates/cgrates/tpes/tpe_chargers.go:55.48,57.5 1 1
github.com/cgrates/cgrates/tpes/tpe_chargers.go:61.28,63.4 1 0
github.com/cgrates/cgrates/tpes/tpe_chargers.go:65.38,68.18 2 1
github.com/cgrates/cgrates/tpes/tpe_chargers.go:72.4,72.50 1 1
github.com/cgrates/cgrates/tpes/tpe_chargers.go:68.18,70.5 1 0
github.com/cgrates/cgrates/tpes/tpe_chargers.go:72.50,74.5 1 0
github.com/cgrates/cgrates/tpes/tpe_resources.go:37.58,41.2 1 1
github.com/cgrates/cgrates/tpes/tpe_resources.go:44.117,48.163 3 1
github.com/cgrates/cgrates/tpes/tpe_resources.go:51.2,51.31 1 1
github.com/cgrates/cgrates/tpes/tpe_resources.go:78.2,79.8 2 1
github.com/cgrates/cgrates/tpes/tpe_resources.go:48.163,50.3 1 0
github.com/cgrates/cgrates/tpes/tpe_resources.go:51.31,54.17 3 1
github.com/cgrates/cgrates/tpes/tpe_resources.go:60.3,61.23 2 1
github.com/cgrates/cgrates/tpes/tpe_resources.go:65.3,65.33 1 1
github.com/cgrates/cgrates/tpes/tpe_resources.go:54.17,55.48 1 1
github.com/cgrates/cgrates/tpes/tpe_resources.go:58.4,58.14 1 1
github.com/cgrates/cgrates/tpes/tpe_resources.go:55.48,57.5 1 1
github.com/cgrates/cgrates/tpes/tpe_resources.go:61.23,63.4 1 0
github.com/cgrates/cgrates/tpes/tpe_resources.go:65.33,69.18 3 1
github.com/cgrates/cgrates/tpes/tpe_resources.go:73.4,73.49 1 1
github.com/cgrates/cgrates/tpes/tpe_resources.go:69.18,71.5 1 0
github.com/cgrates/cgrates/tpes/tpe_resources.go:73.49,75.5 1 0
github.com/cgrates/cgrates/tpes/tpe_dispatcher_hosts.go:37.70,41.2 1 1
github.com/cgrates/cgrates/tpes/tpe_dispatcher_hosts.go:44.126,48.215 3 1
github.com/cgrates/cgrates/tpes/tpe_dispatcher_hosts.go:51.2,51.35 1 1
github.com/cgrates/cgrates/tpes/tpe_dispatcher_hosts.go:73.2,74.8 2 1
github.com/cgrates/cgrates/tpes/tpe_dispatcher_hosts.go:48.215,50.3 1 0
github.com/cgrates/cgrates/tpes/tpe_dispatcher_hosts.go:51.35,54.17 3 1
github.com/cgrates/cgrates/tpes/tpe_dispatcher_hosts.go:60.3,64.17 3 1
github.com/cgrates/cgrates/tpes/tpe_dispatcher_hosts.go:68.3,68.49 1 1
github.com/cgrates/cgrates/tpes/tpe_dispatcher_hosts.go:54.17,55.48 1 1
github.com/cgrates/cgrates/tpes/tpe_dispatcher_hosts.go:58.4,58.14 1 1
github.com/cgrates/cgrates/tpes/tpe_dispatcher_hosts.go:55.48,57.5 1 1
github.com/cgrates/cgrates/tpes/tpe_dispatcher_hosts.go:64.17,66.4 1 0
github.com/cgrates/cgrates/tpes/tpe_dispatcher_hosts.go:68.49,70.4 1 0
github.com/cgrates/cgrates/tpes/tpe_routes.go:37.52,41.2 1 1
github.com/cgrates/cgrates/tpes/tpe_routes.go:44.117,48.280 3 1
github.com/cgrates/cgrates/tpes/tpe_routes.go:51.2,51.33 1 1
github.com/cgrates/cgrates/tpes/tpe_routes.go:78.2,79.8 2 1
github.com/cgrates/cgrates/tpes/tpe_routes.go:48.280,50.3 1 0
github.com/cgrates/cgrates/tpes/tpe_routes.go:51.33,54.17 3 1
github.com/cgrates/cgrates/tpes/tpe_routes.go:60.3,61.26 2 1
github.com/cgrates/cgrates/tpes/tpe_routes.go:65.3,65.36 1 1
github.com/cgrates/cgrates/tpes/tpe_routes.go:54.17,55.48 1 1
github.com/cgrates/cgrates/tpes/tpe_routes.go:58.4,58.14 1 1
github.com/cgrates/cgrates/tpes/tpe_routes.go:55.48,57.5 1 1
github.com/cgrates/cgrates/tpes/tpe_routes.go:61.26,63.4 1 0
github.com/cgrates/cgrates/tpes/tpe_routes.go:65.36,69.18 3 1
github.com/cgrates/cgrates/tpes/tpe_routes.go:73.4,73.49 1 1
github.com/cgrates/cgrates/tpes/tpe_routes.go:69.18,71.5 1 0
github.com/cgrates/cgrates/tpes/tpe_routes.go:73.49,75.5 1 0
github.com/cgrates/cgrates/tpes/tpe_filters.go:37.54,41.2 1 1
github.com/cgrates/cgrates/tpes/tpe_filters.go:44.116,48.92 3 1
github.com/cgrates/cgrates/tpes/tpe_filters.go:51.2,51.32 1 1
github.com/cgrates/cgrates/tpes/tpe_filters.go:78.2,79.8 2 1
github.com/cgrates/cgrates/tpes/tpe_filters.go:48.92,50.3 1 0
github.com/cgrates/cgrates/tpes/tpe_filters.go:51.32,54.17 3 1
github.com/cgrates/cgrates/tpes/tpe_filters.go:60.3,61.25 2 1
github.com/cgrates/cgrates/tpes/tpe_filters.go:65.3,65.35 1 1
github.com/cgrates/cgrates/tpes/tpe_filters.go:54.17,55.48 1 1
github.com/cgrates/cgrates/tpes/tpe_filters.go:58.4,58.14 1 1
github.com/cgrates/cgrates/tpes/tpe_filters.go:55.48,57.5 1 1
github.com/cgrates/cgrates/tpes/tpe_filters.go:61.25,63.4 1 0
github.com/cgrates/cgrates/tpes/tpe_filters.go:65.35,69.18 3 1
github.com/cgrates/cgrates/tpes/tpe_filters.go:73.4,73.50 1 1
github.com/cgrates/cgrates/tpes/tpe_filters.go:69.18,71.5 1 0
github.com/cgrates/cgrates/tpes/tpe_filters.go:73.50,75.5 1 0
github.com/cgrates/cgrates/tpes/tpe_thresholds.go:37.60,41.2 1 1
github.com/cgrates/cgrates/tpes/tpe_thresholds.go:44.118,48.164 3 1
github.com/cgrates/cgrates/tpes/tpe_thresholds.go:51.2,51.31 1 1
github.com/cgrates/cgrates/tpes/tpe_thresholds.go:78.2,79.8 2 1
github.com/cgrates/cgrates/tpes/tpe_thresholds.go:48.164,50.3 1 0
github.com/cgrates/cgrates/tpes/tpe_thresholds.go:51.31,54.17 3 1
github.com/cgrates/cgrates/tpes/tpe_thresholds.go:60.3,61.24 2 1
github.com/cgrates/cgrates/tpes/tpe_thresholds.go:65.3,65.34 1 1
github.com/cgrates/cgrates/tpes/tpe_thresholds.go:54.17,55.48 1 1
github.com/cgrates/cgrates/tpes/tpe_thresholds.go:58.4,58.14 1 1
github.com/cgrates/cgrates/tpes/tpe_thresholds.go:55.48,57.5 1 1
github.com/cgrates/cgrates/tpes/tpe_thresholds.go:61.24,63.4 1 0
github.com/cgrates/cgrates/tpes/tpe_thresholds.go:65.34,69.18 3 1
github.com/cgrates/cgrates/tpes/tpe_thresholds.go:73.4,73.50 1 1
github.com/cgrates/cgrates/tpes/tpe_thresholds.go:69.18,71.5 1 0
github.com/cgrates/cgrates/tpes/tpe_thresholds.go:73.50,75.5 1 0
github.com/cgrates/cgrates/tpes/tpes.go:35.97,44.39 3 1
github.com/cgrates/cgrates/tpes/tpes.go:49.2,49.8 1 1
github.com/cgrates/cgrates/tpes/tpes.go:44.39,45.70 1 1
github.com/cgrates/cgrates/tpes/tpes.go:45.70,47.4 1 1
github.com/cgrates/cgrates/tpes/tpes.go:67.125,69.17 2 1
github.com/cgrates/cgrates/tpes/tpes.go:98.2,99.71 2 1
github.com/cgrates/cgrates/tpes/tpes.go:102.2,103.29 2 1
github.com/cgrates/cgrates/tpes/tpes.go:106.2,106.8 1 1
github.com/cgrates/cgrates/tpes/tpes.go:70.28,71.71 1 1
github.com/cgrates/cgrates/tpes/tpes.go:72.25,73.68 1 1
github.com/cgrates/cgrates/tpes/tpes.go:74.26,75.62 1 1
github.com/cgrates/cgrates/tpes/tpes.go:76.26,77.69 1 1
github.com/cgrates/cgrates/tpes/tpes.go:78.25,79.61 1 1
github.com/cgrates/cgrates/tpes/tpes.go:80.23,81.66 1 1
github.com/cgrates/cgrates/tpes/tpes.go:82.27,83.71 1 1
github.com/cgrates/cgrates/tpes/tpes.go:84.24,85.67 1 1
github.com/cgrates/cgrates/tpes/tpes.go:86.23,87.71 1 1
github.com/cgrates/cgrates/tpes/tpes.go:88.28,89.71 1 1
github.com/cgrates/cgrates/tpes/tpes.go:90.29,91.72 1 1
github.com/cgrates/cgrates/tpes/tpes.go:92.33,93.69 1 1
github.com/cgrates/cgrates/tpes/tpes.go:94.10,95.53 1 1
github.com/cgrates/cgrates/tpes/tpes.go:99.71,101.3 1 0
github.com/cgrates/cgrates/tpes/tpes.go:103.29,105.3 1 1
github.com/cgrates/cgrates/tpes/tpes.go:110.106,111.38 1 1
github.com/cgrates/cgrates/tpes/tpes.go:118.2,118.32 1 1
github.com/cgrates/cgrates/tpes/tpes.go:137.2,139.49 3 1
github.com/cgrates/cgrates/tpes/tpes.go:158.2,158.37 1 1
github.com/cgrates/cgrates/tpes/tpes.go:161.2,162.8 2 1
github.com/cgrates/cgrates/tpes/tpes.go:111.38,113.3 1 1
github.com/cgrates/cgrates/tpes/tpes.go:118.32,120.42 2 1
github.com/cgrates/cgrates/tpes/tpes.go:120.42,122.90 2 1
github.com/cgrates/cgrates/tpes/tpes.go:122.90,124.5 1 0
github.com/cgrates/cgrates/tpes/tpes.go:124.10,124.32 1 1
github.com/cgrates/cgrates/tpes/tpes.go:124.32,127.5 1 1
github.com/cgrates/cgrates/tpes/tpes.go:129.8,131.39 1 1
github.com/cgrates/cgrates/tpes/tpes.go:131.39,132.39 1 1
github.com/cgrates/cgrates/tpes/tpes.go:132.39,134.5 1 1
github.com/cgrates/cgrates/tpes/tpes.go:139.49,141.24 1 1
github.com/cgrates/cgrates/tpes/tpes.go:144.3,150.18 2 1
github.com/cgrates/cgrates/tpes/tpes.go:154.3,154.87 1 1
github.com/cgrates/cgrates/tpes/tpes.go:141.24,142.12 1 1
github.com/cgrates/cgrates/tpes/tpes.go:150.18,152.4 1 0
github.com/cgrates/cgrates/tpes/tpes.go:154.87,156.4 1 0
github.com/cgrates/cgrates/tpes/tpes.go:158.37,160.3 1 0
github.com/cgrates/cgrates/tpes/tpe_actions.go:37.54,41.2 1 1
github.com/cgrates/cgrates/tpes/tpe_actions.go:44.116,48.247 3 1
github.com/cgrates/cgrates/tpes/tpe_actions.go:51.2,51.32 1 1
github.com/cgrates/cgrates/tpes/tpe_actions.go:78.2,79.8 2 1
github.com/cgrates/cgrates/tpes/tpe_actions.go:48.247,50.3 1 0
github.com/cgrates/cgrates/tpes/tpe_actions.go:51.32,54.17 3 1
github.com/cgrates/cgrates/tpes/tpe_actions.go:60.3,61.25 2 1
github.com/cgrates/cgrates/tpes/tpe_actions.go:65.3,65.35 1 1
github.com/cgrates/cgrates/tpes/tpe_actions.go:54.17,55.48 1 1
github.com/cgrates/cgrates/tpes/tpe_actions.go:58.4,58.14 1 1
github.com/cgrates/cgrates/tpes/tpe_actions.go:55.48,57.5 1 1
github.com/cgrates/cgrates/tpes/tpe_actions.go:61.25,63.4 1 0
github.com/cgrates/cgrates/tpes/tpe_actions.go:65.35,69.18 3 1
github.com/cgrates/cgrates/tpes/tpe_actions.go:73.4,73.50 1 1
github.com/cgrates/cgrates/tpes/tpe_actions.go:69.18,71.5 1 0
github.com/cgrates/cgrates/tpes/tpe_actions.go:73.50,75.5 1 0
github.com/cgrates/cgrates/tpes/tpe_dispatchers.go:37.62,41.2 1 1
github.com/cgrates/cgrates/tpes/tpe_dispatchers.go:44.119,48.197 3 1
github.com/cgrates/cgrates/tpes/tpe_dispatchers.go:51.2,51.31 1 1
github.com/cgrates/cgrates/tpes/tpe_dispatchers.go:78.2,79.8 2 1
github.com/cgrates/cgrates/tpes/tpe_dispatchers.go:48.197,50.3 1 0
github.com/cgrates/cgrates/tpes/tpe_dispatchers.go:51.31,54.17 3 1
github.com/cgrates/cgrates/tpes/tpe_dispatchers.go:60.3,61.24 2 1
github.com/cgrates/cgrates/tpes/tpe_dispatchers.go:65.3,65.34 1 1
github.com/cgrates/cgrates/tpes/tpe_dispatchers.go:54.17,55.48 1 1
github.com/cgrates/cgrates/tpes/tpe_dispatchers.go:58.4,58.14 1 1
github.com/cgrates/cgrates/tpes/tpe_dispatchers.go:55.48,57.5 1 1
github.com/cgrates/cgrates/tpes/tpe_dispatchers.go:61.24,63.4 1 0
github.com/cgrates/cgrates/tpes/tpe_dispatchers.go:65.34,69.18 3 1
github.com/cgrates/cgrates/tpes/tpe_dispatchers.go:73.4,73.49 1 1
github.com/cgrates/cgrates/tpes/tpe_dispatchers.go:69.18,71.5 1 0
github.com/cgrates/cgrates/tpes/tpe_dispatchers.go:73.49,75.5 1 0
github.com/cgrates/cgrates/tpes/tpe_rates.go:37.50,41.2 1 1
github.com/cgrates/cgrates/tpes/tpe_rates.go:44.113,48.297 3 1
github.com/cgrates/cgrates/tpes/tpe_rates.go:51.2,51.32 1 1
github.com/cgrates/cgrates/tpes/tpe_rates.go:78.2,79.8 2 1
github.com/cgrates/cgrates/tpes/tpe_rates.go:48.297,50.3 1 0
github.com/cgrates/cgrates/tpes/tpe_rates.go:51.32,54.17 3 1
github.com/cgrates/cgrates/tpes/tpe_rates.go:60.3,61.28 2 1
github.com/cgrates/cgrates/tpes/tpe_rates.go:65.3,65.38 1 1
github.com/cgrates/cgrates/tpes/tpe_rates.go:54.17,55.48 1 1
github.com/cgrates/cgrates/tpes/tpe_rates.go:58.4,58.14 1 1
github.com/cgrates/cgrates/tpes/tpe_rates.go:55.48,57.5 1 1
github.com/cgrates/cgrates/tpes/tpe_rates.go:61.28,63.4 1 0
github.com/cgrates/cgrates/tpes/tpe_rates.go:65.38,69.18 3 1
github.com/cgrates/cgrates/tpes/tpe_rates.go:73.4,73.49 1 1
github.com/cgrates/cgrates/tpes/tpe_rates.go:69.18,71.5 1 0
github.com/cgrates/cgrates/tpes/tpe_rates.go:73.49,75.5 1 0
github.com/cgrates/cgrates/tpes/tpe_stats.go:37.50,41.2 1 1
github.com/cgrates/cgrates/tpes/tpe_stats.go:44.113,48.191 3 1
github.com/cgrates/cgrates/tpes/tpe_stats.go:51.2,51.33 1 1
github.com/cgrates/cgrates/tpes/tpe_stats.go:78.2,79.8 2 1
github.com/cgrates/cgrates/tpes/tpe_stats.go:48.191,50.3 1 0
github.com/cgrates/cgrates/tpes/tpe_stats.go:51.33,54.17 3 1
github.com/cgrates/cgrates/tpes/tpe_stats.go:60.3,61.26 2 1
github.com/cgrates/cgrates/tpes/tpe_stats.go:65.3,65.36 1 1
github.com/cgrates/cgrates/tpes/tpe_stats.go:54.17,55.48 1 1
github.com/cgrates/cgrates/tpes/tpe_stats.go:58.4,58.14 1 1
github.com/cgrates/cgrates/tpes/tpe_stats.go:55.48,57.5 1 1
github.com/cgrates/cgrates/tpes/tpe_stats.go:61.26,63.4 1 0
github.com/cgrates/cgrates/tpes/tpe_stats.go:65.36,69.18 3 1
github.com/cgrates/cgrates/tpes/tpe_stats.go:73.4,73.49 1 1
github.com/cgrates/cgrates/tpes/tpe_stats.go:69.18,71.5 1 0
github.com/cgrates/cgrates/tpes/tpe_stats.go:73.49,75.5 1 0
