mode: set
github.com/cgrates/cgrates/config/loadercgrcfg.go:38.76,39.19 1 1
github.com/cgrates/cgrates/config/loadercgrcfg.go:42.2,42.24 1 1
github.com/cgrates/cgrates/config/loadercgrcfg.go:45.2,45.29 1 1
github.com/cgrates/cgrates/config/loadercgrcfg.go:48.2,48.35 1 1
github.com/cgrates/cgrates/config/loadercgrcfg.go:51.2,51.71 1 1
github.com/cgrates/cgrates/config/loadercgrcfg.go:55.2,55.32 1 1
github.com/cgrates/cgrates/config/loadercgrcfg.go:66.2,66.35 1 1
github.com/cgrates/cgrates/config/loadercgrcfg.go:77.2,77.36 1 1
github.com/cgrates/cgrates/config/loadercgrcfg.go:80.2,80.30 1 1
github.com/cgrates/cgrates/config/loadercgrcfg.go:83.2,83.12 1 1
github.com/cgrates/cgrates/config/loadercgrcfg.go:39.19,41.3 1 1
github.com/cgrates/cgrates/config/loadercgrcfg.go:42.24,44.3 1 1
github.com/cgrates/cgrates/config/loadercgrcfg.go:45.29,47.3 1 1
github.com/cgrates/cgrates/config/loadercgrcfg.go:48.35,50.3 1 1
github.com/cgrates/cgrates/config/loadercgrcfg.go:51.71,54.3 2 1
github.com/cgrates/cgrates/config/loadercgrcfg.go:55.32,57.47 2 1
github.com/cgrates/cgrates/config/loadercgrcfg.go:57.47,59.34 1 1
github.com/cgrates/cgrates/config/loadercgrcfg.go:59.34,61.5 1 1
github.com/cgrates/cgrates/config/loadercgrcfg.go:61.10,63.5 1 1
github.com/cgrates/cgrates/config/loadercgrcfg.go:66.35,68.47 2 1
github.com/cgrates/cgrates/config/loadercgrcfg.go:68.47,70.34 1 1
github.com/cgrates/cgrates/config/loadercgrcfg.go:70.34,72.5 1 1
github.com/cgrates/cgrates/config/loadercgrcfg.go:72.10,74.5 1 1
github.com/cgrates/cgrates/config/loadercgrcfg.go:77.36,79.3 1 1
github.com/cgrates/cgrates/config/loadercgrcfg.go:80.30,82.3 1 1
github.com/cgrates/cgrates/config/loadercgrcfg.go:86.77,95.31 2 1
github.com/cgrates/cgrates/config/loadercgrcfg.go:98.2,98.25 1 1
github.com/cgrates/cgrates/config/loadercgrcfg.go:101.2,101.8 1 1
github.com/cgrates/cgrates/config/loadercgrcfg.go:95.31,97.3 1 1
github.com/cgrates/cgrates/config/loadercgrcfg.go:98.25,100.3 1 1
github.com/cgrates/cgrates/config/mailercfg.go:32.84,33.25 1 1
github.com/cgrates/cgrates/config/mailercfg.go:36.2,36.32 1 1
github.com/cgrates/cgrates/config/mailercfg.go:39.2,39.35 1 1
github.com/cgrates/cgrates/config/mailercfg.go:42.2,42.39 1 1
github.com/cgrates/cgrates/config/mailercfg.go:45.2,45.38 1 1
github.com/cgrates/cgrates/config/mailercfg.go:48.2,48.12 1 1
github.com/cgrates/cgrates/config/mailercfg.go:33.25,35.3 1 1
github.com/cgrates/cgrates/config/mailercfg.go:36.32,38.3 1 1
github.com/cgrates/cgrates/config/mailercfg.go:39.35,41.3 1 1
github.com/cgrates/cgrates/config/mailercfg.go:42.39,44.3 1 1
github.com/cgrates/cgrates/config/mailercfg.go:45.38,47.3 1 1
github.com/cgrates/cgrates/config/mailercfg.go:51.79,59.2 2 1
github.com/cgrates/cgrates/config/ralscfg.go:44.78,45.23 1 1
github.com/cgrates/cgrates/config/ralscfg.go:48.2,48.31 1 1
github.com/cgrates/cgrates/config/ralscfg.go:51.2,51.40 1 1
github.com/cgrates/cgrates/config/ralscfg.go:62.2,62.35 1 1
github.com/cgrates/cgrates/config/ralscfg.go:73.2,73.36 1 1
github.com/cgrates/cgrates/config/ralscfg.go:84.2,84.50 1 1
github.com/cgrates/cgrates/config/ralscfg.go:87.2,87.38 1 1
github.com/cgrates/cgrates/config/ralscfg.go:90.2,90.42 1 1
github.com/cgrates/cgrates/config/ralscfg.go:97.2,97.38 1 1
github.com/cgrates/cgrates/config/ralscfg.go:100.2,100.46 1 1
github.com/cgrates/cgrates/config/ralscfg.go:105.2,105.47 1 1
github.com/cgrates/cgrates/config/ralscfg.go:112.2,112.12 1 1
github.com/cgrates/cgrates/config/ralscfg.go:45.23,47.3 1 1
github.com/cgrates/cgrates/config/ralscfg.go:48.31,50.3 1 1
github.com/cgrates/cgrates/config/ralscfg.go:51.40,53.55 2 1
github.com/cgrates/cgrates/config/ralscfg.go:53.55,55.34 1 1
github.com/cgrates/cgrates/config/ralscfg.go:55.34,57.5 1 1
github.com/cgrates/cgrates/config/ralscfg.go:57.10,59.5 1 0
github.com/cgrates/cgrates/config/ralscfg.go:62.35,64.50 2 1
github.com/cgrates/cgrates/config/ralscfg.go:64.50,66.34 1 1
github.com/cgrates/cgrates/config/ralscfg.go:66.34,68.5 1 1
github.com/cgrates/cgrates/config/ralscfg.go:68.10,70.5 1 1
github.com/cgrates/cgrates/config/ralscfg.go:73.36,75.51 2 1
github.com/cgrates/cgrates/config/ralscfg.go:75.51,77.34 1 1
github.com/cgrates/cgrates/config/ralscfg.go:77.34,79.5 1 1
github.com/cgrates/cgrates/config/ralscfg.go:79.10,81.5 1 0
github.com/cgrates/cgrates/config/ralscfg.go:84.50,86.3 1 1
github.com/cgrates/cgrates/config/ralscfg.go:87.38,89.3 1 1
github.com/cgrates/cgrates/config/ralscfg.go:90.42,91.52 1 1
github.com/cgrates/cgrates/config/ralscfg.go:91.52,92.89 1 1
github.com/cgrates/cgrates/config/ralscfg.go:92.89,94.5 1 0
github.com/cgrates/cgrates/config/ralscfg.go:97.38,99.3 1 1
github.com/cgrates/cgrates/config/ralscfg.go:100.46,101.56 1 1
github.com/cgrates/cgrates/config/ralscfg.go:101.56,103.4 1 1
github.com/cgrates/cgrates/config/ralscfg.go:105.47,107.59 2 1
github.com/cgrates/cgrates/config/ralscfg.go:107.59,109.4 1 0
github.com/cgrates/cgrates/config/ralscfg.go:115.77,123.36 2 1
github.com/cgrates/cgrates/config/ralscfg.go:134.2,134.31 1 1
github.com/cgrates/cgrates/config/ralscfg.go:145.2,145.37 1 1
github.com/cgrates/cgrates/config/ralscfg.go:156.2,156.32 1 1
github.com/cgrates/cgrates/config/ralscfg.go:167.2,167.41 1 1
github.com/cgrates/cgrates/config/ralscfg.go:174.2,174.8 1 1
github.com/cgrates/cgrates/config/ralscfg.go:123.36,125.48 2 1
github.com/cgrates/cgrates/config/ralscfg.go:132.3,132.51 1 1
github.com/cgrates/cgrates/config/ralscfg.go:125.48,126.79 1 1
github.com/cgrates/cgrates/config/ralscfg.go:126.79,128.5 1 1
github.com/cgrates/cgrates/config/ralscfg.go:128.10,130.5 1 0
github.com/cgrates/cgrates/config/ralscfg.go:134.31,136.43 2 1
github.com/cgrates/cgrates/config/ralscfg.go:143.3,143.41 1 1
github.com/cgrates/cgrates/config/ralscfg.go:136.43,137.74 1 1
github.com/cgrates/cgrates/config/ralscfg.go:137.74,139.5 1 0
github.com/cgrates/cgrates/config/ralscfg.go:139.10,141.5 1 1
github.com/cgrates/cgrates/config/ralscfg.go:145.37,147.51 2 1
github.com/cgrates/cgrates/config/ralscfg.go:154.3,154.53 1 1
github.com/cgrates/cgrates/config/ralscfg.go:147.51,148.46 1 1
github.com/cgrates/cgrates/config/ralscfg.go:148.46,150.5 1 1
github.com/cgrates/cgrates/config/ralscfg.go:150.10,152.5 1 1
github.com/cgrates/cgrates/config/ralscfg.go:156.32,158.44 2 1
github.com/cgrates/cgrates/config/ralscfg.go:165.3,165.48 1 1
github.com/cgrates/cgrates/config/ralscfg.go:158.44,159.75 1 1
github.com/cgrates/cgrates/config/ralscfg.go:159.75,161.5 1 1
github.com/cgrates/cgrates/config/ralscfg.go:161.10,163.5 1 0
github.com/cgrates/cgrates/config/ralscfg.go:167.41,169.55 2 1
github.com/cgrates/cgrates/config/ralscfg.go:172.3,172.59 1 1
github.com/cgrates/cgrates/config/ralscfg.go:169.55,171.4 1 1
github.com/cgrates/cgrates/config/xmldp.go:32.94,35.2 2 1
github.com/cgrates/cgrates/config/xmldp.go:46.40,48.2 1 0
github.com/cgrates/cgrates/config/xmldp.go:51.89,52.23 1 1
github.com/cgrates/cgrates/config/xmldp.go:55.2,56.28 1 1
github.com/cgrates/cgrates/config/xmldp.go:59.2,62.25 4 1
github.com/cgrates/cgrates/config/xmldp.go:79.2,81.8 3 1
github.com/cgrates/cgrates/config/xmldp.go:52.23,54.3 1 0
github.com/cgrates/cgrates/config/xmldp.go:56.28,58.3 1 0
github.com/cgrates/cgrates/config/xmldp.go:62.25,63.57 1 1
github.com/cgrates/cgrates/config/xmldp.go:63.57,65.41 2 1
github.com/cgrates/cgrates/config/xmldp.go:68.4,69.28 2 1
github.com/cgrates/cgrates/config/xmldp.go:76.4,76.38 1 1
github.com/cgrates/cgrates/config/xmldp.go:65.41,67.5 1 0
github.com/cgrates/cgrates/config/xmldp.go:69.28,71.19 2 1
github.com/cgrates/cgrates/config/xmldp.go:74.5,74.45 1 1
github.com/cgrates/cgrates/config/xmldp.go:71.19,73.6 1 0
github.com/cgrates/cgrates/config/xmldp.go:85.81,88.16 3 1
github.com/cgrates/cgrates/config/xmldp.go:91.2,91.43 1 1
github.com/cgrates/cgrates/config/xmldp.go:88.16,90.3 1 0
github.com/cgrates/cgrates/config/xmldp.go:95.46,97.2 1 0
github.com/cgrates/cgrates/config/xmldp.go:102.79,104.18 2 1
github.com/cgrates/cgrates/config/xmldp.go:107.2,107.31 1 1
github.com/cgrates/cgrates/config/xmldp.go:104.18,106.3 1 1
github.com/cgrates/cgrates/config/apiban.go:29.74,30.19 1 1
github.com/cgrates/cgrates/config/apiban.go:33.2,33.27 1 1
github.com/cgrates/cgrates/config/apiban.go:36.2,36.24 1 1
github.com/cgrates/cgrates/config/apiban.go:42.2,42.12 1 1
github.com/cgrates/cgrates/config/apiban.go:30.19,32.3 1 1
github.com/cgrates/cgrates/config/apiban.go:33.27,35.3 1 1
github.com/cgrates/cgrates/config/apiban.go:36.24,38.36 2 1
github.com/cgrates/cgrates/config/apiban.go:38.36,40.4 1 1
github.com/cgrates/cgrates/config/apiban.go:45.63,50.2 1 1
github.com/cgrates/cgrates/config/kamagentcfg.go:34.71,35.19 1 1
github.com/cgrates/cgrates/config/kamagentcfg.go:38.2,38.27 1 1
github.com/cgrates/cgrates/config/kamagentcfg.go:41.2,41.25 1 1
github.com/cgrates/cgrates/config/kamagentcfg.go:44.2,44.30 1 1
github.com/cgrates/cgrates/config/kamagentcfg.go:47.2,47.12 1 1
github.com/cgrates/cgrates/config/kamagentcfg.go:35.19,37.3 1 1
github.com/cgrates/cgrates/config/kamagentcfg.go:38.27,40.3 1 1
github.com/cgrates/cgrates/config/kamagentcfg.go:41.25,43.3 1 1
github.com/cgrates/cgrates/config/kamagentcfg.go:44.30,46.3 1 1
github.com/cgrates/cgrates/config/kamagentcfg.go:50.79,57.2 2 1
github.com/cgrates/cgrates/config/kamagentcfg.go:68.71,69.19 1 1
github.com/cgrates/cgrates/config/kamagentcfg.go:72.2,72.27 1 1
github.com/cgrates/cgrates/config/kamagentcfg.go:75.2,75.34 1 1
github.com/cgrates/cgrates/config/kamagentcfg.go:86.2,86.30 1 1
github.com/cgrates/cgrates/config/kamagentcfg.go:89.2,89.31 1 1
github.com/cgrates/cgrates/config/kamagentcfg.go:96.2,96.28 1 1
github.com/cgrates/cgrates/config/kamagentcfg.go:99.2,99.12 1 1
github.com/cgrates/cgrates/config/kamagentcfg.go:69.19,71.3 1 1
github.com/cgrates/cgrates/config/kamagentcfg.go:72.27,74.3 1 1
github.com/cgrates/cgrates/config/kamagentcfg.go:75.34,77.53 2 1
github.com/cgrates/cgrates/config/kamagentcfg.go:77.53,79.38 1 1
github.com/cgrates/cgrates/config/kamagentcfg.go:79.38,81.5 1 1
github.com/cgrates/cgrates/config/kamagentcfg.go:81.10,83.5 1 1
github.com/cgrates/cgrates/config/kamagentcfg.go:86.30,88.3 1 1
github.com/cgrates/cgrates/config/kamagentcfg.go:89.31,91.52 2 1
github.com/cgrates/cgrates/config/kamagentcfg.go:91.52,94.4 2 1
github.com/cgrates/cgrates/config/kamagentcfg.go:96.28,98.3 1 1
github.com/cgrates/cgrates/config/kamagentcfg.go:102.76,108.26 2 1
github.com/cgrates/cgrates/config/kamagentcfg.go:115.2,115.29 1 1
github.com/cgrates/cgrates/config/kamagentcfg.go:126.2,126.8 1 1
github.com/cgrates/cgrates/config/kamagentcfg.go:108.26,110.38 2 1
github.com/cgrates/cgrates/config/kamagentcfg.go:113.3,113.46 1 1
github.com/cgrates/cgrates/config/kamagentcfg.go:110.38,112.4 1 1
github.com/cgrates/cgrates/config/kamagentcfg.go:115.29,117.41 2 1
github.com/cgrates/cgrates/config/kamagentcfg.go:124.3,124.52 1 1
github.com/cgrates/cgrates/config/kamagentcfg.go:117.41,118.77 1 1
github.com/cgrates/cgrates/config/kamagentcfg.go:118.77,120.5 1 1
github.com/cgrates/cgrates/config/kamagentcfg.go:120.10,122.5 1 1
github.com/cgrates/cgrates/config/loaderscfg.go:28.38,29.29 1 1
github.com/cgrates/cgrates/config/loaderscfg.go:32.2,33.17 2 1
github.com/cgrates/cgrates/config/loaderscfg.go:29.29,31.3 1 1
github.com/cgrates/cgrates/config/loaderscfg.go:39.95,41.28 2 1
github.com/cgrates/cgrates/config/loaderscfg.go:44.2,44.8 1 1
github.com/cgrates/cgrates/config/loaderscfg.go:41.28,43.3 1 1
github.com/cgrates/cgrates/config/loaderscfg.go:48.40,49.27 1 0
github.com/cgrates/cgrates/config/loaderscfg.go:54.2,54.14 1 0
github.com/cgrates/cgrates/config/loaderscfg.go:49.27,50.18 1 0
github.com/cgrates/cgrates/config/loaderscfg.go:50.18,52.4 1 0
github.com/cgrates/cgrates/config/loaderscfg.go:71.52,72.37 1 1
github.com/cgrates/cgrates/config/loaderscfg.go:75.2,76.17 2 0
github.com/cgrates/cgrates/config/loaderscfg.go:72.37,74.3 1 1
github.com/cgrates/cgrates/config/loaderscfg.go:86.142,87.19 1 1
github.com/cgrates/cgrates/config/loaderscfg.go:90.2,90.24 1 1
github.com/cgrates/cgrates/config/loaderscfg.go:93.2,93.29 1 1
github.com/cgrates/cgrates/config/loaderscfg.go:96.2,96.25 1 1
github.com/cgrates/cgrates/config/loaderscfg.go:99.2,99.26 1 1
github.com/cgrates/cgrates/config/loaderscfg.go:109.2,109.12 1 1
github.com/cgrates/cgrates/config/loaderscfg.go:87.19,89.3 1 0
github.com/cgrates/cgrates/config/loaderscfg.go:90.24,92.3 1 1
github.com/cgrates/cgrates/config/loaderscfg.go:93.29,95.3 1 1
github.com/cgrates/cgrates/config/loaderscfg.go:96.25,98.3 1 0
github.com/cgrates/cgrates/config/loaderscfg.go:99.26,100.98 1 1
github.com/cgrates/cgrates/config/loaderscfg.go:103.3,103.75 1 1
github.com/cgrates/cgrates/config/loaderscfg.go:100.98,102.4 1 0
github.com/cgrates/cgrates/config/loaderscfg.go:103.75,105.4 1 0
github.com/cgrates/cgrates/config/loaderscfg.go:105.9,105.25 1 1
github.com/cgrates/cgrates/config/loaderscfg.go:105.25,107.4 1 0
github.com/cgrates/cgrates/config/loaderscfg.go:112.133,113.19 1 1
github.com/cgrates/cgrates/config/loaderscfg.go:116.2,116.22 1 1
github.com/cgrates/cgrates/config/loaderscfg.go:119.2,119.27 1 1
github.com/cgrates/cgrates/config/loaderscfg.go:122.2,122.26 1 1
github.com/cgrates/cgrates/config/loaderscfg.go:127.2,127.27 1 1
github.com/cgrates/cgrates/config/loaderscfg.go:130.2,130.29 1 1
github.com/cgrates/cgrates/config/loaderscfg.go:133.2,133.33 1 1
github.com/cgrates/cgrates/config/loaderscfg.go:136.2,136.32 1 1
github.com/cgrates/cgrates/config/loaderscfg.go:147.2,147.35 1 1
github.com/cgrates/cgrates/config/loaderscfg.go:150.2,150.29 1 1
github.com/cgrates/cgrates/config/loaderscfg.go:153.2,153.30 1 1
github.com/cgrates/cgrates/config/loaderscfg.go:156.2,156.24 1 1
github.com/cgrates/cgrates/config/loaderscfg.go:165.2,165.12 1 1
github.com/cgrates/cgrates/config/loaderscfg.go:113.19,115.3 1 0
github.com/cgrates/cgrates/config/loaderscfg.go:116.22,118.3 1 1
github.com/cgrates/cgrates/config/loaderscfg.go:119.27,121.3 1 1
github.com/cgrates/cgrates/config/loaderscfg.go:122.26,123.78 1 1
github.com/cgrates/cgrates/config/loaderscfg.go:123.78,125.4 1 0
github.com/cgrates/cgrates/config/loaderscfg.go:127.27,129.3 1 1
github.com/cgrates/cgrates/config/loaderscfg.go:130.29,132.3 1 1
github.com/cgrates/cgrates/config/loaderscfg.go:133.33,135.3 1 1
github.com/cgrates/cgrates/config/loaderscfg.go:136.32,138.49 2 1
github.com/cgrates/cgrates/config/loaderscfg.go:138.49,140.36 1 1
github.com/cgrates/cgrates/config/loaderscfg.go:140.36,142.5 1 1
github.com/cgrates/cgrates/config/loaderscfg.go:142.10,144.5 1 0
github.com/cgrates/cgrates/config/loaderscfg.go:147.35,149.3 1 1
github.com/cgrates/cgrates/config/loaderscfg.go:150.29,152.3 1 1
github.com/cgrates/cgrates/config/loaderscfg.go:153.30,155.3 1 1
github.com/cgrates/cgrates/config/loaderscfg.go:156.24,158.43 2 1
github.com/cgrates/cgrates/config/loaderscfg.go:162.3,162.19 1 1
github.com/cgrates/cgrates/config/loaderscfg.go:158.43,161.4 2 1
github.com/cgrates/cgrates/config/loaderscfg.go:169.53,174.36 5 1
github.com/cgrates/cgrates/config/loaderscfg.go:177.2,177.12 1 1
github.com/cgrates/cgrates/config/loaderscfg.go:174.36,176.3 1 1
github.com/cgrates/cgrates/config/loaderscfg.go:181.45,190.44 9 1
github.com/cgrates/cgrates/config/loaderscfg.go:193.2,197.34 5 1
github.com/cgrates/cgrates/config/loaderscfg.go:200.2,200.18 1 1
github.com/cgrates/cgrates/config/loaderscfg.go:190.44,192.3 1 1
github.com/cgrates/cgrates/config/loaderscfg.go:197.34,199.3 1 1
github.com/cgrates/cgrates/config/loaderscfg.go:203.98,210.36 3 1
github.com/cgrates/cgrates/config/loaderscfg.go:213.2,215.8 2 1
github.com/cgrates/cgrates/config/loaderscfg.go:210.36,212.3 1 1
github.com/cgrates/cgrates/config/loaderscfg.go:218.90,228.21 2 1
github.com/cgrates/cgrates/config/loaderscfg.go:235.2,235.19 1 1
github.com/cgrates/cgrates/config/loaderscfg.go:242.2,242.21 1 1
github.com/cgrates/cgrates/config/loaderscfg.go:247.2,247.26 1 1
github.com/cgrates/cgrates/config/loaderscfg.go:258.2,258.8 1 1
github.com/cgrates/cgrates/config/loaderscfg.go:228.21,230.33 2 0
github.com/cgrates/cgrates/config/loaderscfg.go:233.3,233.71 1 0
github.com/cgrates/cgrates/config/loaderscfg.go:230.33,232.4 1 0
github.com/cgrates/cgrates/config/loaderscfg.go:235.19,237.31 2 1
github.com/cgrates/cgrates/config/loaderscfg.go:240.3,240.34 1 1
github.com/cgrates/cgrates/config/loaderscfg.go:237.31,239.4 1 1
github.com/cgrates/cgrates/config/loaderscfg.go:242.21,244.3 1 0
github.com/cgrates/cgrates/config/loaderscfg.go:244.8,246.3 1 1
github.com/cgrates/cgrates/config/loaderscfg.go:247.26,249.38 2 1
github.com/cgrates/cgrates/config/loaderscfg.go:256.3,256.48 1 1
github.com/cgrates/cgrates/config/loaderscfg.go:249.38,250.75 1 1
github.com/cgrates/cgrates/config/loaderscfg.go:250.75,252.5 1 1
github.com/cgrates/cgrates/config/loaderscfg.go:252.10,254.5 1 0
github.com/cgrates/cgrates/config/rsrparser.go:34.92,35.39 1 1
github.com/cgrates/cgrates/config/rsrparser.go:38.2,38.75 1 1
github.com/cgrates/cgrates/config/rsrparser.go:84.2,84.74 1 1
github.com/cgrates/cgrates/config/rsrparser.go:35.39,37.3 1 1
github.com/cgrates/cgrates/config/rsrparser.go:38.75,40.3 1 1
github.com/cgrates/cgrates/config/rsrparser.go:40.8,40.23 1 1
github.com/cgrates/cgrates/config/rsrparser.go:40.23,42.136 2 1
github.com/cgrates/cgrates/config/rsrparser.go:82.3,82.45 1 1
github.com/cgrates/cgrates/config/rsrparser.go:42.136,44.25 2 1
github.com/cgrates/cgrates/config/rsrparser.go:49.4,51.25 3 1
github.com/cgrates/cgrates/config/rsrparser.go:56.4,58.30 3 1
github.com/cgrates/cgrates/config/rsrparser.go:61.4,62.24 2 1
github.com/cgrates/cgrates/config/rsrparser.go:73.4,74.30 2 1
github.com/cgrates/cgrates/config/rsrparser.go:77.4,77.18 1 1
github.com/cgrates/cgrates/config/rsrparser.go:44.25,46.5 1 1
github.com/cgrates/cgrates/config/rsrparser.go:46.10,48.5 1 1
github.com/cgrates/cgrates/config/rsrparser.go:51.25,53.5 1 1
github.com/cgrates/cgrates/config/rsrparser.go:53.10,55.5 1 1
github.com/cgrates/cgrates/config/rsrparser.go:58.30,59.13 1 1
github.com/cgrates/cgrates/config/rsrparser.go:62.24,64.18 2 1
github.com/cgrates/cgrates/config/rsrparser.go:69.5,69.58 1 1
github.com/cgrates/cgrates/config/rsrparser.go:64.18,67.11 3 1
github.com/cgrates/cgrates/config/rsrparser.go:70.10,72.5 1 1
github.com/cgrates/cgrates/config/rsrparser.go:74.30,75.10 1 1
github.com/cgrates/cgrates/config/rsrparser.go:77.18,79.10 2 1
github.com/cgrates/cgrates/config/rsrparser.go:87.82,89.37 2 1
github.com/cgrates/cgrates/config/rsrparser.go:96.2,96.8 1 1
github.com/cgrates/cgrates/config/rsrparser.go:89.37,90.54 1 1
github.com/cgrates/cgrates/config/rsrparser.go:90.54,92.4 1 1
github.com/cgrates/cgrates/config/rsrparser.go:92.9,92.29 1 1
github.com/cgrates/cgrates/config/rsrparser.go:92.29,94.4 1 1
github.com/cgrates/cgrates/config/rsrparser.go:99.92,101.72 2 1
github.com/cgrates/cgrates/config/rsrparser.go:104.2,104.8 1 1
github.com/cgrates/cgrates/config/rsrparser.go:101.72,102.73 1 1
github.com/cgrates/cgrates/config/rsrparser.go:110.48,111.29 1 1
github.com/cgrates/cgrates/config/rsrparser.go:114.2,114.19 1 1
github.com/cgrates/cgrates/config/rsrparser.go:117.2,117.8 1 1
github.com/cgrates/cgrates/config/rsrparser.go:111.29,113.3 1 1
github.com/cgrates/cgrates/config/rsrparser.go:114.19,116.3 1 1
github.com/cgrates/cgrates/config/rsrparser.go:121.47,122.29 1 1
github.com/cgrates/cgrates/config/rsrparser.go:127.2,127.8 1 1
github.com/cgrates/cgrates/config/rsrparser.go:122.29,123.39 1 1
github.com/cgrates/cgrates/config/rsrparser.go:123.39,125.4 1 1
github.com/cgrates/cgrates/config/rsrparser.go:131.79,132.29 1 1
github.com/cgrates/cgrates/config/rsrparser.go:139.2,139.8 1 1
github.com/cgrates/cgrates/config/rsrparser.go:132.29,134.56 2 1
github.com/cgrates/cgrates/config/rsrparser.go:137.3,137.17 1 1
github.com/cgrates/cgrates/config/rsrparser.go:134.56,136.4 1 1
github.com/cgrates/cgrates/config/rsrparser.go:142.90,143.29 1 1
github.com/cgrates/cgrates/config/rsrparser.go:150.2,150.8 1 1
github.com/cgrates/cgrates/config/rsrparser.go:143.29,145.60 2 1
github.com/cgrates/cgrates/config/rsrparser.go:148.3,148.17 1 1
github.com/cgrates/cgrates/config/rsrparser.go:145.60,147.4 1 1
github.com/cgrates/cgrates/config/rsrparser.go:153.104,154.29 1 1
github.com/cgrates/cgrates/config/rsrparser.go:161.2,161.8 1 1
github.com/cgrates/cgrates/config/rsrparser.go:154.29,156.74 2 1
github.com/cgrates/cgrates/config/rsrparser.go:159.3,159.17 1 1
github.com/cgrates/cgrates/config/rsrparser.go:156.74,158.4 1 1
github.com/cgrates/cgrates/config/rsrparser.go:165.106,167.28 2 1
github.com/cgrates/cgrates/config/rsrparser.go:174.2,174.8 1 1
github.com/cgrates/cgrates/config/rsrparser.go:167.28,169.60 2 1
github.com/cgrates/cgrates/config/rsrparser.go:172.3,172.49 1 1
github.com/cgrates/cgrates/config/rsrparser.go:169.60,171.4 1 1
github.com/cgrates/cgrates/config/rsrparser.go:177.73,178.27 1 1
github.com/cgrates/cgrates/config/rsrparser.go:181.2,182.43 2 1
github.com/cgrates/cgrates/config/rsrparser.go:185.2,185.8 1 1
github.com/cgrates/cgrates/config/rsrparser.go:178.27,180.3 1 1
github.com/cgrates/cgrates/config/rsrparser.go:182.43,184.3 1 1
github.com/cgrates/cgrates/config/rsrparser.go:188.71,190.58 2 1
github.com/cgrates/cgrates/config/rsrparser.go:193.2,193.8 1 1
github.com/cgrates/cgrates/config/rsrparser.go:190.58,191.83 1 1
github.com/cgrates/cgrates/config/rsrparser.go:210.42,212.2 1 1
github.com/cgrates/cgrates/config/rsrparser.go:215.46,218.93 2 1
github.com/cgrates/cgrates/config/rsrparser.go:232.2,232.100 1 1
github.com/cgrates/cgrates/config/rsrparser.go:250.2,251.25 1 1
github.com/cgrates/cgrates/config/rsrparser.go:256.2,259.24 4 1
github.com/cgrates/cgrates/config/rsrparser.go:275.2,275.8 1 1
github.com/cgrates/cgrates/config/rsrparser.go:218.93,219.102 1 1
github.com/cgrates/cgrates/config/rsrparser.go:219.102,222.50 2 1
github.com/cgrates/cgrates/config/rsrparser.go:225.4,228.10 4 1
github.com/cgrates/cgrates/config/rsrparser.go:222.50,224.5 1 1
github.com/cgrates/cgrates/config/rsrparser.go:232.100,233.67 1 1
github.com/cgrates/cgrates/config/rsrparser.go:237.3,240.37 4 1
github.com/cgrates/cgrates/config/rsrparser.go:248.3,248.44 1 1
github.com/cgrates/cgrates/config/rsrparser.go:233.67,236.4 1 1
github.com/cgrates/cgrates/config/rsrparser.go:240.37,242.63 2 1
github.com/cgrates/cgrates/config/rsrparser.go:246.4,246.29 1 1
github.com/cgrates/cgrates/config/rsrparser.go:242.63,245.5 1 1
github.com/cgrates/cgrates/config/rsrparser.go:251.25,254.3 2 1
github.com/cgrates/cgrates/config/rsrparser.go:259.24,260.41 1 1
github.com/cgrates/cgrates/config/rsrparser.go:260.41,262.28 2 1
github.com/cgrates/cgrates/config/rsrparser.go:265.4,266.65 2 1
github.com/cgrates/cgrates/config/rsrparser.go:269.4,272.6 1 1
github.com/cgrates/cgrates/config/rsrparser.go:262.28,264.5 1 1
github.com/cgrates/cgrates/config/rsrparser.go:266.65,268.5 1 1
github.com/cgrates/cgrates/config/rsrparser.go:279.45,280.39 1 1
github.com/cgrates/cgrates/config/rsrparser.go:285.2,285.14 1 1
github.com/cgrates/cgrates/config/rsrparser.go:280.39,281.21 1 1
github.com/cgrates/cgrates/config/rsrparser.go:281.21,283.4 1 1
github.com/cgrates/cgrates/config/rsrparser.go:289.73,290.39 1 1
github.com/cgrates/cgrates/config/rsrparser.go:293.2,293.45 1 1
github.com/cgrates/cgrates/config/rsrparser.go:290.39,292.3 1 1
github.com/cgrates/cgrates/config/rsrparser.go:297.78,300.51 2 1
github.com/cgrates/cgrates/config/rsrparser.go:303.2,303.29 1 1
github.com/cgrates/cgrates/config/rsrparser.go:300.51,302.3 1 1
github.com/cgrates/cgrates/config/rsrparser.go:306.89,307.26 1 1
github.com/cgrates/cgrates/config/rsrparser.go:318.2,319.68 2 1
github.com/cgrates/cgrates/config/rsrparser.go:322.2,322.32 1 1
github.com/cgrates/cgrates/config/rsrparser.go:307.26,309.69 2 1
github.com/cgrates/cgrates/config/rsrparser.go:312.3,313.116 2 1
github.com/cgrates/cgrates/config/rsrparser.go:316.3,316.38 1 1
github.com/cgrates/cgrates/config/rsrparser.go:309.69,311.4 1 1
github.com/cgrates/cgrates/config/rsrparser.go:313.116,315.4 1 1
github.com/cgrates/cgrates/config/rsrparser.go:319.68,321.3 1 1
github.com/cgrates/cgrates/config/rsrparser.go:325.103,326.26 1 1
github.com/cgrates/cgrates/config/rsrparser.go:337.2,338.73 2 1
github.com/cgrates/cgrates/config/rsrparser.go:341.2,341.55 1 1
github.com/cgrates/cgrates/config/rsrparser.go:326.26,328.69 2 1
github.com/cgrates/cgrates/config/rsrparser.go:331.3,332.116 2 1
github.com/cgrates/cgrates/config/rsrparser.go:335.3,335.52 1 1
github.com/cgrates/cgrates/config/rsrparser.go:328.69,330.4 1 1
github.com/cgrates/cgrates/config/rsrparser.go:332.116,334.4 1 1
github.com/cgrates/cgrates/config/rsrparser.go:338.73,340.3 1 1
github.com/cgrates/cgrates/config/rsrparser.go:344.84,345.26 1 1
github.com/cgrates/cgrates/config/rsrparser.go:348.2,349.68 2 1
github.com/cgrates/cgrates/config/rsrparser.go:352.2,352.83 1 1
github.com/cgrates/cgrates/config/rsrparser.go:345.26,347.3 1 1
github.com/cgrates/cgrates/config/rsrparser.go:349.68,351.3 1 1
github.com/cgrates/cgrates/config/schedulercfg.go:33.78,34.19 1 1
github.com/cgrates/cgrates/config/schedulercfg.go:37.2,37.27 1 1
github.com/cgrates/cgrates/config/schedulercfg.go:40.2,40.30 1 1
github.com/cgrates/cgrates/config/schedulercfg.go:51.2,51.27 1 1
github.com/cgrates/cgrates/config/schedulercfg.go:57.2,57.12 1 1
github.com/cgrates/cgrates/config/schedulercfg.go:34.19,36.3 1 1
github.com/cgrates/cgrates/config/schedulercfg.go:37.27,39.3 1 1
github.com/cgrates/cgrates/config/schedulercfg.go:40.30,42.45 2 1
github.com/cgrates/cgrates/config/schedulercfg.go:42.45,44.34 1 1
github.com/cgrates/cgrates/config/schedulercfg.go:44.34,46.5 1 1
github.com/cgrates/cgrates/config/schedulercfg.go:46.10,48.5 1 0
github.com/cgrates/cgrates/config/schedulercfg.go:51.27,53.40 2 1
github.com/cgrates/cgrates/config/schedulercfg.go:53.40,55.4 1 0
github.com/cgrates/cgrates/config/schedulercfg.go:60.82,65.30 2 1
github.com/cgrates/cgrates/config/schedulercfg.go:76.2,76.8 1 1
github.com/cgrates/cgrates/config/schedulercfg.go:65.30,67.42 2 1
github.com/cgrates/cgrates/config/schedulercfg.go:74.3,74.44 1 1
github.com/cgrates/cgrates/config/schedulercfg.go:67.42,68.73 1 1
github.com/cgrates/cgrates/config/schedulercfg.go:68.73,70.5 1 1
github.com/cgrates/cgrates/config/schedulercfg.go:70.10,72.5 1 0
github.com/cgrates/cgrates/config/statscfg.go:40.74,41.19 1 1
github.com/cgrates/cgrates/config/statscfg.go:44.2,44.27 1 1
github.com/cgrates/cgrates/config/statscfg.go:47.2,47.35 1 1
github.com/cgrates/cgrates/config/statscfg.go:50.2,50.34 1 1
github.com/cgrates/cgrates/config/statscfg.go:55.2,55.44 1 1
github.com/cgrates/cgrates/config/statscfg.go:58.2,58.36 1 1
github.com/cgrates/cgrates/config/statscfg.go:69.2,69.41 1 1
github.com/cgrates/cgrates/config/statscfg.go:76.2,76.41 1 1
github.com/cgrates/cgrates/config/statscfg.go:83.2,83.41 1 1
github.com/cgrates/cgrates/config/statscfg.go:90.2,90.33 1 1
github.com/cgrates/cgrates/config/statscfg.go:93.2,93.12 1 1
github.com/cgrates/cgrates/config/statscfg.go:41.19,43.3 1 1
github.com/cgrates/cgrates/config/statscfg.go:44.27,46.3 1 1
github.com/cgrates/cgrates/config/statscfg.go:47.35,49.3 1 1
github.com/cgrates/cgrates/config/statscfg.go:50.34,51.98 1 1
github.com/cgrates/cgrates/config/statscfg.go:51.98,53.4 1 0
github.com/cgrates/cgrates/config/statscfg.go:55.44,57.3 1 1
github.com/cgrates/cgrates/config/statscfg.go:58.36,60.51 2 1
github.com/cgrates/cgrates/config/statscfg.go:60.51,62.34 1 1
github.com/cgrates/cgrates/config/statscfg.go:62.34,64.5 1 1
github.com/cgrates/cgrates/config/statscfg.go:64.10,66.5 1 0
github.com/cgrates/cgrates/config/statscfg.go:69.41,71.53 2 0
github.com/cgrates/cgrates/config/statscfg.go:74.3,74.32 1 0
github.com/cgrates/cgrates/config/statscfg.go:71.53,73.4 1 0
github.com/cgrates/cgrates/config/statscfg.go:76.41,78.53 2 1
github.com/cgrates/cgrates/config/statscfg.go:81.3,81.32 1 1
github.com/cgrates/cgrates/config/statscfg.go:78.53,80.4 1 1
github.com/cgrates/cgrates/config/statscfg.go:83.41,85.53 2 1
github.com/cgrates/cgrates/config/statscfg.go:88.3,88.32 1 1
github.com/cgrates/cgrates/config/statscfg.go:85.53,87.4 1 1
github.com/cgrates/cgrates/config/statscfg.go:90.33,92.3 1 1
github.com/cgrates/cgrates/config/statscfg.go:96.73,103.27 2 1
github.com/cgrates/cgrates/config/statscfg.go:108.2,108.35 1 1
github.com/cgrates/cgrates/config/statscfg.go:116.2,116.35 1 1
github.com/cgrates/cgrates/config/statscfg.go:124.2,124.35 1 1
github.com/cgrates/cgrates/config/statscfg.go:132.2,132.31 1 1
github.com/cgrates/cgrates/config/statscfg.go:143.2,143.8 1 1
github.com/cgrates/cgrates/config/statscfg.go:103.27,105.3 1 1
github.com/cgrates/cgrates/config/statscfg.go:105.8,107.3 1 1
github.com/cgrates/cgrates/config/statscfg.go:108.35,110.48 2 0
github.com/cgrates/cgrates/config/statscfg.go:114.3,114.64 1 0
github.com/cgrates/cgrates/config/statscfg.go:110.48,112.4 1 0
github.com/cgrates/cgrates/config/statscfg.go:116.35,118.48 2 1
github.com/cgrates/cgrates/config/statscfg.go:122.3,122.64 1 1
github.com/cgrates/cgrates/config/statscfg.go:118.48,120.4 1 1
github.com/cgrates/cgrates/config/statscfg.go:124.35,126.48 2 1
github.com/cgrates/cgrates/config/statscfg.go:129.3,129.64 1 1
github.com/cgrates/cgrates/config/statscfg.go:126.48,128.4 1 1
github.com/cgrates/cgrates/config/statscfg.go:132.31,134.43 2 1
github.com/cgrates/cgrates/config/statscfg.go:141.3,141.56 1 1
github.com/cgrates/cgrates/config/statscfg.go:134.43,135.79 1 1
github.com/cgrates/cgrates/config/statscfg.go:135.79,137.5 1 1
github.com/cgrates/cgrates/config/statscfg.go:137.10,139.5 1 0
github.com/cgrates/cgrates/config/tlscfg.go:34.68,35.19 1 1
github.com/cgrates/cgrates/config/tlscfg.go:38.2,38.38 1 1
github.com/cgrates/cgrates/config/tlscfg.go:41.2,41.30 1 1
github.com/cgrates/cgrates/config/tlscfg.go:44.2,44.38 1 1
github.com/cgrates/cgrates/config/tlscfg.go:47.2,47.30 1 1
github.com/cgrates/cgrates/config/tlscfg.go:50.2,50.34 1 1
github.com/cgrates/cgrates/config/tlscfg.go:53.2,53.31 1 1
github.com/cgrates/cgrates/config/tlscfg.go:56.2,56.33 1 1
github.com/cgrates/cgrates/config/tlscfg.go:59.2,59.8 1 1
github.com/cgrates/cgrates/config/tlscfg.go:35.19,37.3 1 1
github.com/cgrates/cgrates/config/tlscfg.go:38.38,40.3 1 1
github.com/cgrates/cgrates/config/tlscfg.go:41.30,43.3 1 1
github.com/cgrates/cgrates/config/tlscfg.go:44.38,46.3 1 1
github.com/cgrates/cgrates/config/tlscfg.go:47.30,49.3 1 1
github.com/cgrates/cgrates/config/tlscfg.go:50.34,52.3 1 1
github.com/cgrates/cgrates/config/tlscfg.go:53.31,55.3 1 1
github.com/cgrates/cgrates/config/tlscfg.go:56.33,58.3 1 1
github.com/cgrates/cgrates/config/tlscfg.go:62.60,73.2 1 1
github.com/cgrates/cgrates/config/attributescfg.go:34.82,35.19 1 1
github.com/cgrates/cgrates/config/attributescfg.go:38.2,38.27 1 1
github.com/cgrates/cgrates/config/attributescfg.go:41.2,41.35 1 1
github.com/cgrates/cgrates/config/attributescfg.go:44.2,44.41 1 1
github.com/cgrates/cgrates/config/attributescfg.go:51.2,51.41 1 1
github.com/cgrates/cgrates/config/attributescfg.go:58.2,58.41 1 1
github.com/cgrates/cgrates/config/attributescfg.go:65.2,65.32 1 1
github.com/cgrates/cgrates/config/attributescfg.go:68.2,68.33 1 1
github.com/cgrates/cgrates/config/attributescfg.go:71.2,71.8 1 1
github.com/cgrates/cgrates/config/attributescfg.go:35.19,37.3 1 1
github.com/cgrates/cgrates/config/attributescfg.go:38.27,40.3 1 1
github.com/cgrates/cgrates/config/attributescfg.go:41.35,43.3 1 1
github.com/cgrates/cgrates/config/attributescfg.go:44.41,46.53 2 1
github.com/cgrates/cgrates/config/attributescfg.go:49.3,49.33 1 1
github.com/cgrates/cgrates/config/attributescfg.go:46.53,48.4 1 1
github.com/cgrates/cgrates/config/attributescfg.go:51.41,53.53 2 1
github.com/cgrates/cgrates/config/attributescfg.go:56.3,56.33 1 1
github.com/cgrates/cgrates/config/attributescfg.go:53.53,55.4 1 1
github.com/cgrates/cgrates/config/attributescfg.go:58.41,60.53 2 1
github.com/cgrates/cgrates/config/attributescfg.go:63.3,63.33 1 1
github.com/cgrates/cgrates/config/attributescfg.go:60.53,62.4 1 1
github.com/cgrates/cgrates/config/attributescfg.go:65.32,67.3 1 1
github.com/cgrates/cgrates/config/attributescfg.go:68.33,70.3 1 1
github.com/cgrates/cgrates/config/attributescfg.go:74.79,81.36 2 1
github.com/cgrates/cgrates/config/attributescfg.go:88.2,88.36 1 1
github.com/cgrates/cgrates/config/attributescfg.go:95.2,95.36 1 1
github.com/cgrates/cgrates/config/attributescfg.go:102.2,102.8 1 1
github.com/cgrates/cgrates/config/attributescfg.go:81.36,83.49 2 1
github.com/cgrates/cgrates/config/attributescfg.go:86.3,86.64 1 1
github.com/cgrates/cgrates/config/attributescfg.go:83.49,85.4 1 1
github.com/cgrates/cgrates/config/attributescfg.go:88.36,90.49 2 1
github.com/cgrates/cgrates/config/attributescfg.go:93.3,93.64 1 1
github.com/cgrates/cgrates/config/attributescfg.go:90.49,92.4 1 1
github.com/cgrates/cgrates/config/attributescfg.go:95.36,97.49 2 1
github.com/cgrates/cgrates/config/attributescfg.go:100.3,100.64 1 1
github.com/cgrates/cgrates/config/attributescfg.go:97.49,99.4 1 1
github.com/cgrates/cgrates/config/dnsagntcfg.go:36.89,37.19 1 1
github.com/cgrates/cgrates/config/dnsagntcfg.go:40.2,40.27 1 1
github.com/cgrates/cgrates/config/dnsagntcfg.go:43.2,43.30 1 1
github.com/cgrates/cgrates/config/dnsagntcfg.go:46.2,46.26 1 1
github.com/cgrates/cgrates/config/dnsagntcfg.go:49.2,49.28 1 1
github.com/cgrates/cgrates/config/dnsagntcfg.go:52.2,52.34 1 1
github.com/cgrates/cgrates/config/dnsagntcfg.go:63.2,63.38 1 1
github.com/cgrates/cgrates/config/dnsagntcfg.go:82.2,82.8 1 1
github.com/cgrates/cgrates/config/dnsagntcfg.go:37.19,39.3 1 1
github.com/cgrates/cgrates/config/dnsagntcfg.go:40.27,42.3 1 1
github.com/cgrates/cgrates/config/dnsagntcfg.go:43.30,45.3 1 1
github.com/cgrates/cgrates/config/dnsagntcfg.go:46.26,48.3 1 1
github.com/cgrates/cgrates/config/dnsagntcfg.go:49.28,51.3 1 1
github.com/cgrates/cgrates/config/dnsagntcfg.go:52.34,54.51 2 1
github.com/cgrates/cgrates/config/dnsagntcfg.go:54.51,56.36 1 1
github.com/cgrates/cgrates/config/dnsagntcfg.go:56.36,58.5 1 1
github.com/cgrates/cgrates/config/dnsagntcfg.go:58.10,60.5 1 1
github.com/cgrates/cgrates/config/dnsagntcfg.go:63.38,64.57 1 1
github.com/cgrates/cgrates/config/dnsagntcfg.go:64.57,67.47 3 1
github.com/cgrates/cgrates/config/dnsagntcfg.go:74.4,74.61 1 1
github.com/cgrates/cgrates/config/dnsagntcfg.go:77.4,77.15 1 1
github.com/cgrates/cgrates/config/dnsagntcfg.go:67.47,68.59 1 0
github.com/cgrates/cgrates/config/dnsagntcfg.go:68.59,71.11 3 0
github.com/cgrates/cgrates/config/dnsagntcfg.go:74.61,76.5 1 0
github.com/cgrates/cgrates/config/dnsagntcfg.go:77.15,79.5 1 1
github.com/cgrates/cgrates/config/dnsagntcfg.go:85.92,94.44 3 1
github.com/cgrates/cgrates/config/dnsagntcfg.go:97.2,99.29 2 1
github.com/cgrates/cgrates/config/dnsagntcfg.go:110.2,110.8 1 1
github.com/cgrates/cgrates/config/dnsagntcfg.go:94.44,96.3 1 1
github.com/cgrates/cgrates/config/dnsagntcfg.go:99.29,101.41 2 1
github.com/cgrates/cgrates/config/dnsagntcfg.go:108.3,108.52 1 1
github.com/cgrates/cgrates/config/dnsagntcfg.go:101.41,102.77 1 1
github.com/cgrates/cgrates/config/dnsagntcfg.go:102.77,104.5 1 1
github.com/cgrates/cgrates/config/dnsagntcfg.go:104.10,106.5 1 0
github.com/cgrates/cgrates/config/dnsagntcfg.go:124.97,125.19 1 1
github.com/cgrates/cgrates/config/dnsagntcfg.go:128.2,128.22 1 1
github.com/cgrates/cgrates/config/dnsagntcfg.go:131.2,131.27 1 1
github.com/cgrates/cgrates/config/dnsagntcfg.go:137.2,137.25 1 1
github.com/cgrates/cgrates/config/dnsagntcfg.go:140.2,140.28 1 1
github.com/cgrates/cgrates/config/dnsagntcfg.go:143.2,143.26 1 1
github.com/cgrates/cgrates/config/dnsagntcfg.go:148.2,148.34 1 1
github.com/cgrates/cgrates/config/dnsagntcfg.go:153.2,153.32 1 1
github.com/cgrates/cgrates/config/dnsagntcfg.go:158.2,158.12 1 1
github.com/cgrates/cgrates/config/dnsagntcfg.go:125.19,127.3 1 1
github.com/cgrates/cgrates/config/dnsagntcfg.go:128.22,130.3 1 1
github.com/cgrates/cgrates/config/dnsagntcfg.go:131.27,133.40 2 1
github.com/cgrates/cgrates/config/dnsagntcfg.go:133.40,135.4 1 1
github.com/cgrates/cgrates/config/dnsagntcfg.go:137.25,139.3 1 1
github.com/cgrates/cgrates/config/dnsagntcfg.go:140.28,142.3 1 1
github.com/cgrates/cgrates/config/dnsagntcfg.go:143.26,144.70 1 1
github.com/cgrates/cgrates/config/dnsagntcfg.go:144.70,146.4 1 0
github.com/cgrates/cgrates/config/dnsagntcfg.go:148.34,149.105 1 1
github.com/cgrates/cgrates/config/dnsagntcfg.go:149.105,151.4 1 0
github.com/cgrates/cgrates/config/dnsagntcfg.go:153.32,154.101 1 1
github.com/cgrates/cgrates/config/dnsagntcfg.go:154.101,156.4 1 0
github.com/cgrates/cgrates/config/dnsagntcfg.go:161.97,168.22 2 1
github.com/cgrates/cgrates/config/dnsagntcfg.go:179.2,179.29 1 1
github.com/cgrates/cgrates/config/dnsagntcfg.go:186.2,186.27 1 1
github.com/cgrates/cgrates/config/dnsagntcfg.go:193.2,193.8 1 1
github.com/cgrates/cgrates/config/dnsagntcfg.go:168.22,170.23 2 1
github.com/cgrates/cgrates/config/dnsagntcfg.go:177.3,177.38 1 1
github.com/cgrates/cgrates/config/dnsagntcfg.go:170.23,172.35 2 1
github.com/cgrates/cgrates/config/dnsagntcfg.go:175.4,175.44 1 1
github.com/cgrates/cgrates/config/dnsagntcfg.go:172.35,174.5 1 1
github.com/cgrates/cgrates/config/dnsagntcfg.go:179.29,181.41 2 1
github.com/cgrates/cgrates/config/dnsagntcfg.go:184.3,184.52 1 1
github.com/cgrates/cgrates/config/dnsagntcfg.go:181.41,183.4 1 0
github.com/cgrates/cgrates/config/dnsagntcfg.go:186.27,188.39 2 1
github.com/cgrates/cgrates/config/dnsagntcfg.go:191.3,191.48 1 1
github.com/cgrates/cgrates/config/dnsagntcfg.go:188.39,190.4 1 1
github.com/cgrates/cgrates/config/dispatcherhcfg.go:35.84,36.19 1 1
github.com/cgrates/cgrates/config/dispatcherhcfg.go:39.2,39.27 1 1
github.com/cgrates/cgrates/config/dispatcherhcfg.go:42.2,42.37 1 1
github.com/cgrates/cgrates/config/dispatcherhcfg.go:46.2,46.25 1 1
github.com/cgrates/cgrates/config/dispatcherhcfg.go:53.2,53.37 1 1
github.com/cgrates/cgrates/config/dispatcherhcfg.go:58.2,58.8 1 1
github.com/cgrates/cgrates/config/dispatcherhcfg.go:36.19,38.3 1 1
github.com/cgrates/cgrates/config/dispatcherhcfg.go:39.27,41.3 1 1
github.com/cgrates/cgrates/config/dispatcherhcfg.go:42.37,45.3 2 1
github.com/cgrates/cgrates/config/dispatcherhcfg.go:46.25,47.40 1 1
github.com/cgrates/cgrates/config/dispatcherhcfg.go:47.40,48.35 1 1
github.com/cgrates/cgrates/config/dispatcherhcfg.go:48.35,50.5 1 1
github.com/cgrates/cgrates/config/dispatcherhcfg.go:53.37,54.105 1 1
github.com/cgrates/cgrates/config/dispatcherhcfg.go:54.105,56.4 1 0
github.com/cgrates/cgrates/config/dispatcherhcfg.go:61.80,67.22 2 1
github.com/cgrates/cgrates/config/dispatcherhcfg.go:76.2,76.8 1 1
github.com/cgrates/cgrates/config/dispatcherhcfg.go:67.22,69.34 2 1
github.com/cgrates/cgrates/config/dispatcherhcfg.go:74.3,74.36 1 1
github.com/cgrates/cgrates/config/dispatcherhcfg.go:69.34,70.25 1 1
github.com/cgrates/cgrates/config/dispatcherhcfg.go:70.25,72.5 1 1
github.com/cgrates/cgrates/config/dispatcherhcfg.go:85.97,87.22 2 1
github.com/cgrates/cgrates/config/dispatcherhcfg.go:90.2,91.38 2 1
github.com/cgrates/cgrates/config/dispatcherhcfg.go:94.2,94.32 1 1
github.com/cgrates/cgrates/config/dispatcherhcfg.go:97.2,97.8 1 1
github.com/cgrates/cgrates/config/dispatcherhcfg.go:87.22,89.3 1 1
github.com/cgrates/cgrates/config/dispatcherhcfg.go:91.38,93.3 1 1
github.com/cgrates/cgrates/config/dispatcherhcfg.go:94.32,96.3 1 1
github.com/cgrates/cgrates/config/dispatcherhcfg.go:100.88,107.2 2 1
github.com/cgrates/cgrates/config/httpcfg.go:35.78,36.23 1 1
github.com/cgrates/cgrates/config/httpcfg.go:39.2,39.36 1 1
github.com/cgrates/cgrates/config/httpcfg.go:42.2,42.49 1 1
github.com/cgrates/cgrates/config/httpcfg.go:45.2,45.30 1 1
github.com/cgrates/cgrates/config/httpcfg.go:48.2,48.43 1 1
github.com/cgrates/cgrates/config/httpcfg.go:51.2,51.33 1 1
github.com/cgrates/cgrates/config/httpcfg.go:54.2,54.38 1 1
github.com/cgrates/cgrates/config/httpcfg.go:57.2,57.34 1 1
github.com/cgrates/cgrates/config/httpcfg.go:60.2,60.12 1 1
github.com/cgrates/cgrates/config/httpcfg.go:36.23,38.3 1 1
github.com/cgrates/cgrates/config/httpcfg.go:39.36,41.3 1 1
github.com/cgrates/cgrates/config/httpcfg.go:42.49,44.3 1 1
github.com/cgrates/cgrates/config/httpcfg.go:45.30,47.3 1 1
github.com/cgrates/cgrates/config/httpcfg.go:48.43,50.3 1 1
github.com/cgrates/cgrates/config/httpcfg.go:51.33,53.3 1 1
github.com/cgrates/cgrates/config/httpcfg.go:54.38,56.3 1 1
github.com/cgrates/cgrates/config/httpcfg.go:57.34,59.3 1 1
github.com/cgrates/cgrates/config/httpcfg.go:63.77,73.34 2 1
github.com/cgrates/cgrates/config/httpcfg.go:80.2,80.8 1 1
github.com/cgrates/cgrates/config/httpcfg.go:73.34,75.48 2 1
github.com/cgrates/cgrates/config/httpcfg.go:78.3,78.48 1 1
github.com/cgrates/cgrates/config/httpcfg.go:75.48,77.4 1 1
github.com/cgrates/cgrates/config/config.go:52.33,81.2 2 1
github.com/cgrates/cgrates/config/config.go:85.73,86.36 1 1
github.com/cgrates/cgrates/config/config.go:89.2,89.33 1 1
github.com/cgrates/cgrates/config/config.go:86.36,88.3 1 0
github.com/cgrates/cgrates/config/config.go:92.66,93.36 1 1
github.com/cgrates/cgrates/config/config.go:96.2,96.22 1 1
github.com/cgrates/cgrates/config/config.go:93.36,95.3 1 0
github.com/cgrates/cgrates/config/config.go:99.66,100.36 1 1
github.com/cgrates/cgrates/config/config.go:103.2,103.24 1 1
github.com/cgrates/cgrates/config/config.go:100.36,102.3 1 0
github.com/cgrates/cgrates/config/config.go:106.73,107.36 1 1
github.com/cgrates/cgrates/config/config.go:110.2,110.33 1 1
github.com/cgrates/cgrates/config/config.go:107.36,109.3 1 1
github.com/cgrates/cgrates/config/config.go:113.73,114.36 1 1
github.com/cgrates/cgrates/config/config.go:117.2,117.33 1 1
github.com/cgrates/cgrates/config/config.go:114.36,116.3 1 0
github.com/cgrates/cgrates/config/config.go:120.13,123.2 2 1
github.com/cgrates/cgrates/config/config.go:126.29,128.2 1 1
github.com/cgrates/cgrates/config/config.go:131.35,133.2 1 1
github.com/cgrates/cgrates/config/config.go:135.56,199.84 61 1
github.com/cgrates/cgrates/config/config.go:202.2,202.55 1 1
github.com/cgrates/cgrates/config/config.go:207.2,207.44 1 1
github.com/cgrates/cgrates/config/config.go:214.2,214.46 1 1
github.com/cgrates/cgrates/config/config.go:220.2,225.8 6 1
github.com/cgrates/cgrates/config/config.go:199.84,201.3 1 0
github.com/cgrates/cgrates/config/config.go:202.55,204.3 1 0
github.com/cgrates/cgrates/config/config.go:207.44,208.37 1 1
github.com/cgrates/cgrates/config/config.go:208.37,210.9 2 1
github.com/cgrates/cgrates/config/config.go:214.46,215.37 1 1
github.com/cgrates/cgrates/config/config.go:215.37,217.9 2 1
github.com/cgrates/cgrates/config/config.go:228.92,231.79 3 1
github.com/cgrates/cgrates/config/config.go:236.2,236.8 1 1
github.com/cgrates/cgrates/config/config.go:231.79,233.3 1 0
github.com/cgrates/cgrates/config/config.go:233.8,233.58 1 1
github.com/cgrates/cgrates/config/config.go:233.58,235.3 1 0
github.com/cgrates/cgrates/config/config.go:240.68,241.50 1 1
github.com/cgrates/cgrates/config/config.go:244.2,246.100 2 1
github.com/cgrates/cgrates/config/config.go:249.2,250.8 2 0
github.com/cgrates/cgrates/config/config.go:241.50,243.3 1 0
github.com/cgrates/cgrates/config/config.go:246.100,248.3 1 1
github.com/cgrates/cgrates/config/config.go:253.37,254.41 1 0
github.com/cgrates/cgrates/config/config.go:257.2,257.41 1 0
github.com/cgrates/cgrates/config/config.go:254.41,256.3 1 0
github.com/cgrates/cgrates/config/config.go:334.41,335.53 1 0
github.com/cgrates/cgrates/config/config.go:351.2,351.48 1 0
github.com/cgrates/cgrates/config/config.go:335.53,336.43 1 0
github.com/cgrates/cgrates/config/config.go:336.43,337.91 1 0
github.com/cgrates/cgrates/config/config.go:337.91,339.39 2 0
github.com/cgrates/cgrates/config/config.go:342.5,343.82 2 0
github.com/cgrates/cgrates/config/config.go:339.39,341.6 1 0
github.com/cgrates/cgrates/config/config.go:343.82,344.38 1 0
github.com/cgrates/cgrates/config/config.go:344.38,346.7 1 0
github.com/cgrates/cgrates/config/config.go:351.48,352.84 1 0
github.com/cgrates/cgrates/config/config.go:352.84,354.44 2 0
github.com/cgrates/cgrates/config/config.go:357.4,358.81 2 0
github.com/cgrates/cgrates/config/config.go:354.44,356.5 1 0
github.com/cgrates/cgrates/config/config.go:358.81,359.37 1 0
github.com/cgrates/cgrates/config/config.go:359.37,361.6 1 0
github.com/cgrates/cgrates/config/config.go:368.71,385.45 1 1
github.com/cgrates/cgrates/config/config.go:390.2,390.8 1 1
github.com/cgrates/cgrates/config/config.go:385.45,386.41 1 1
github.com/cgrates/cgrates/config/config.go:386.41,388.4 1 0
github.com/cgrates/cgrates/config/config.go:394.68,396.60 2 1
github.com/cgrates/cgrates/config/config.go:400.2,407.36 2 1
github.com/cgrates/cgrates/config/config.go:413.2,413.8 1 1
github.com/cgrates/cgrates/config/config.go:396.60,398.3 1 0
github.com/cgrates/cgrates/config/config.go:407.36,409.63 2 1
github.com/cgrates/cgrates/config/config.go:409.63,411.4 1 0
github.com/cgrates/cgrates/config/config.go:417.70,419.62 2 1
github.com/cgrates/cgrates/config/config.go:422.2,422.54 1 1
github.com/cgrates/cgrates/config/config.go:419.62,421.3 1 0
github.com/cgrates/cgrates/config/config.go:426.68,428.58 2 1
github.com/cgrates/cgrates/config/config.go:431.2,431.50 1 1
github.com/cgrates/cgrates/config/config.go:428.58,430.3 1 0
github.com/cgrates/cgrates/config/config.go:435.69,437.60 2 1
github.com/cgrates/cgrates/config/config.go:440.2,440.52 1 1
github.com/cgrates/cgrates/config/config.go:437.60,439.3 1 0
github.com/cgrates/cgrates/config/config.go:444.67,446.56 2 1
github.com/cgrates/cgrates/config/config.go:449.2,449.48 1 1
github.com/cgrates/cgrates/config/config.go:446.56,448.3 1 0
github.com/cgrates/cgrates/config/config.go:453.69,455.66 2 1
github.com/cgrates/cgrates/config/config.go:458.2,458.67 1 1
github.com/cgrates/cgrates/config/config.go:461.2,461.8 1 1
github.com/cgrates/cgrates/config/config.go:455.66,457.3 1 0
github.com/cgrates/cgrates/config/config.go:458.67,460.3 1 0
github.com/cgrates/cgrates/config/config.go:466.69,468.66 2 1
github.com/cgrates/cgrates/config/config.go:471.2,471.52 1 1
github.com/cgrates/cgrates/config/config.go:468.66,470.3 1 0
github.com/cgrates/cgrates/config/config.go:475.70,477.62 2 1
github.com/cgrates/cgrates/config/config.go:480.2,480.54 1 1
github.com/cgrates/cgrates/config/config.go:477.62,479.3 1 0
github.com/cgrates/cgrates/config/config.go:484.67,486.56 2 1
github.com/cgrates/cgrates/config/config.go:489.2,489.48 1 1
github.com/cgrates/cgrates/config/config.go:486.56,488.3 1 0
github.com/cgrates/cgrates/config/config.go:493.72,495.62 2 1
github.com/cgrates/cgrates/config/config.go:498.2,498.54 1 1
github.com/cgrates/cgrates/config/config.go:495.62,497.3 1 0
github.com/cgrates/cgrates/config/config.go:502.67,504.56 2 1
github.com/cgrates/cgrates/config/config.go:507.2,507.48 1 1
github.com/cgrates/cgrates/config/config.go:504.56,506.3 1 0
github.com/cgrates/cgrates/config/config.go:511.71,513.64 2 1
github.com/cgrates/cgrates/config/config.go:516.2,516.56 1 1
github.com/cgrates/cgrates/config/config.go:513.64,515.3 1 0
github.com/cgrates/cgrates/config/config.go:520.78,522.67 2 1
github.com/cgrates/cgrates/config/config.go:525.2,525.51 1 1
github.com/cgrates/cgrates/config/config.go:522.67,524.3 1 0
github.com/cgrates/cgrates/config/config.go:529.71,531.64 2 1
github.com/cgrates/cgrates/config/config.go:534.2,534.56 1 1
github.com/cgrates/cgrates/config/config.go:531.64,533.3 1 0
github.com/cgrates/cgrates/config/config.go:538.76,540.66 2 1
github.com/cgrates/cgrates/config/config.go:543.2,543.58 1 1
github.com/cgrates/cgrates/config/config.go:540.66,542.3 1 0
github.com/cgrates/cgrates/config/config.go:547.76,549.63 2 1
github.com/cgrates/cgrates/config/config.go:552.2,552.78 1 1
github.com/cgrates/cgrates/config/config.go:549.63,551.3 1 0
github.com/cgrates/cgrates/config/config.go:556.74,558.61 2 1
github.com/cgrates/cgrates/config/config.go:561.2,561.76 1 1
github.com/cgrates/cgrates/config/config.go:558.61,560.3 1 0
github.com/cgrates/cgrates/config/config.go:565.71,567.59 2 1
github.com/cgrates/cgrates/config/config.go:570.2,570.74 1 1
github.com/cgrates/cgrates/config/config.go:567.59,569.3 1 0
github.com/cgrates/cgrates/config/config.go:574.72,576.65 2 1
github.com/cgrates/cgrates/config/config.go:579.2,579.80 1 1
github.com/cgrates/cgrates/config/config.go:576.65,578.3 1 0
github.com/cgrates/cgrates/config/config.go:583.73,585.71 2 1
github.com/cgrates/cgrates/config/config.go:588.2,588.60 1 1
github.com/cgrates/cgrates/config/config.go:585.71,587.3 1 0
github.com/cgrates/cgrates/config/config.go:592.71,594.67 2 1
github.com/cgrates/cgrates/config/config.go:597.2,597.56 1 1
github.com/cgrates/cgrates/config/config.go:594.67,596.3 1 0
github.com/cgrates/cgrates/config/config.go:601.72,603.60 2 1
github.com/cgrates/cgrates/config/config.go:606.2,606.52 1 1
github.com/cgrates/cgrates/config/config.go:603.60,605.3 1 0
github.com/cgrates/cgrates/config/config.go:610.68,612.58 2 1
github.com/cgrates/cgrates/config/config.go:615.2,615.50 1 1
github.com/cgrates/cgrates/config/config.go:612.58,614.3 1 0
github.com/cgrates/cgrates/config/config.go:619.73,621.68 2 1
github.com/cgrates/cgrates/config/config.go:624.2,624.60 1 1
github.com/cgrates/cgrates/config/config.go:621.68,623.3 1 0
github.com/cgrates/cgrates/config/config.go:628.69,630.60 2 1
github.com/cgrates/cgrates/config/config.go:633.2,633.52 1 1
github.com/cgrates/cgrates/config/config.go:630.60,632.3 1 0
github.com/cgrates/cgrates/config/config.go:637.70,639.60 2 1
github.com/cgrates/cgrates/config/config.go:642.2,642.25 1 1
github.com/cgrates/cgrates/config/config.go:650.2,650.8 1 1
github.com/cgrates/cgrates/config/config.go:639.60,641.3 1 0
github.com/cgrates/cgrates/config/config.go:642.25,644.40 1 1
github.com/cgrates/cgrates/config/config.go:644.40,648.4 3 1
github.com/cgrates/cgrates/config/config.go:654.69,656.60 2 1
github.com/cgrates/cgrates/config/config.go:659.2,659.52 1 1
github.com/cgrates/cgrates/config/config.go:656.60,658.3 1 0
github.com/cgrates/cgrates/config/config.go:663.70,665.62 2 1
github.com/cgrates/cgrates/config/config.go:668.2,668.54 1 1
github.com/cgrates/cgrates/config/config.go:665.62,667.3 1 0
github.com/cgrates/cgrates/config/config.go:672.74,674.70 2 1
github.com/cgrates/cgrates/config/config.go:677.2,677.62 1 1
github.com/cgrates/cgrates/config/config.go:674.70,676.3 1 0
github.com/cgrates/cgrates/config/config.go:681.74,683.70 2 1
github.com/cgrates/cgrates/config/config.go:686.2,686.62 1 1
github.com/cgrates/cgrates/config/config.go:683.70,685.3 1 0
github.com/cgrates/cgrates/config/config.go:690.72,692.63 2 1
github.com/cgrates/cgrates/config/config.go:695.2,695.58 1 1
github.com/cgrates/cgrates/config/config.go:692.63,694.3 1 0
github.com/cgrates/cgrates/config/config.go:699.74,701.67 2 1
github.com/cgrates/cgrates/config/config.go:704.2,704.62 1 1
github.com/cgrates/cgrates/config/config.go:701.67,703.3 1 0
github.com/cgrates/cgrates/config/config.go:708.69,710.57 2 1
github.com/cgrates/cgrates/config/config.go:713.2,713.49 1 1
github.com/cgrates/cgrates/config/config.go:710.57,712.3 1 0
github.com/cgrates/cgrates/config/config.go:717.74,719.67 2 1
github.com/cgrates/cgrates/config/config.go:722.2,722.60 1 1
github.com/cgrates/cgrates/config/config.go:719.67,721.3 1 0
github.com/cgrates/cgrates/config/config.go:726.72,728.65 2 1
github.com/cgrates/cgrates/config/config.go:731.2,731.57 1 1
github.com/cgrates/cgrates/config/config.go:728.65,730.3 1 0
github.com/cgrates/cgrates/config/config.go:735.68,737.58 2 1
github.com/cgrates/cgrates/config/config.go:740.2,740.47 1 1
github.com/cgrates/cgrates/config/config.go:737.58,739.3 1 0
github.com/cgrates/cgrates/config/config.go:744.66,746.54 2 1
github.com/cgrates/cgrates/config/config.go:749.2,749.122 1 1
github.com/cgrates/cgrates/config/config.go:746.54,748.3 1 0
github.com/cgrates/cgrates/config/config.go:753.66,755.54 2 1
github.com/cgrates/cgrates/config/config.go:758.2,758.99 1 1
github.com/cgrates/cgrates/config/config.go:755.54,757.3 1 0
github.com/cgrates/cgrates/config/config.go:762.68,764.56 2 1
github.com/cgrates/cgrates/config/config.go:767.2,767.49 1 1
github.com/cgrates/cgrates/config/config.go:764.56,766.3 1 0
github.com/cgrates/cgrates/config/config.go:771.71,773.64 2 1
github.com/cgrates/cgrates/config/config.go:776.2,776.79 1 1
github.com/cgrates/cgrates/config/config.go:773.64,775.3 1 0
github.com/cgrates/cgrates/config/config.go:780.72,782.65 2 1
github.com/cgrates/cgrates/config/config.go:785.2,785.27 1 1
github.com/cgrates/cgrates/config/config.go:792.2,792.8 1 1
github.com/cgrates/cgrates/config/config.go:782.65,784.3 1 0
github.com/cgrates/cgrates/config/config.go:785.27,786.38 1 1
github.com/cgrates/cgrates/config/config.go:786.38,787.105 1 1
github.com/cgrates/cgrates/config/config.go:787.105,789.5 1 0
github.com/cgrates/cgrates/config/config.go:795.70,797.62 2 1
github.com/cgrates/cgrates/config/config.go:800.2,800.54 1 1
github.com/cgrates/cgrates/config/config.go:797.62,799.3 1 0
github.com/cgrates/cgrates/config/config.go:804.48,808.2 3 0
github.com/cgrates/cgrates/config/config.go:811.60,815.2 3 0
github.com/cgrates/cgrates/config/config.go:818.56,822.2 3 0
github.com/cgrates/cgrates/config/config.go:825.50,829.2 3 0
github.com/cgrates/cgrates/config/config.go:832.54,836.2 3 0
github.com/cgrates/cgrates/config/config.go:839.50,843.2 3 0
github.com/cgrates/cgrates/config/config.go:846.55,850.2 3 0
github.com/cgrates/cgrates/config/config.go:853.44,857.2 3 0
github.com/cgrates/cgrates/config/config.go:860.54,864.2 3 0
github.com/cgrates/cgrates/config/config.go:867.46,871.2 3 0
github.com/cgrates/cgrates/config/config.go:874.50,878.2 3 0
github.com/cgrates/cgrates/config/config.go:881.48,885.2 3 0
github.com/cgrates/cgrates/config/config.go:888.50,892.2 3 0
github.com/cgrates/cgrates/config/config.go:895.60,899.2 3 0
github.com/cgrates/cgrates/config/config.go:902.54,906.2 3 1
github.com/cgrates/cgrates/config/config.go:909.48,913.2 3 0
github.com/cgrates/cgrates/config/config.go:916.44,920.2 3 1
github.com/cgrates/cgrates/config/config.go:923.47,927.2 3 0
github.com/cgrates/cgrates/config/config.go:930.52,934.2 3 1
github.com/cgrates/cgrates/config/config.go:937.56,941.2 3 0
github.com/cgrates/cgrates/config/config.go:944.56,948.2 3 0
github.com/cgrates/cgrates/config/config.go:951.56,955.2 3 1
github.com/cgrates/cgrates/config/config.go:958.52,962.2 3 0
github.com/cgrates/cgrates/config/config.go:965.46,969.2 3 1
github.com/cgrates/cgrates/config/config.go:972.46,976.2 3 1
github.com/cgrates/cgrates/config/config.go:979.48,983.2 3 1
github.com/cgrates/cgrates/config/config.go:986.40,990.2 3 1
github.com/cgrates/cgrates/config/config.go:993.46,997.2 3 1
github.com/cgrates/cgrates/config/config.go:1000.42,1004.2 3 1
github.com/cgrates/cgrates/config/config.go:1007.42,1011.2 3 1
github.com/cgrates/cgrates/config/config.go:1014.42,1018.2 3 1
github.com/cgrates/cgrates/config/config.go:1021.46,1025.2 3 1
github.com/cgrates/cgrates/config/config.go:1028.52,1032.2 3 0
github.com/cgrates/cgrates/config/config.go:1035.44,1039.2 3 0
github.com/cgrates/cgrates/config/config.go:1042.40,1046.2 3 0
github.com/cgrates/cgrates/config/config.go:1049.40,1053.2 3 0
github.com/cgrates/cgrates/config/config.go:1056.45,1058.2 1 0
github.com/cgrates/cgrates/config/config.go:1060.44,1064.2 3 0
github.com/cgrates/cgrates/config/config.go:1067.50,1071.2 3 0
github.com/cgrates/cgrates/config/config.go:1074.54,1078.2 3 0
github.com/cgrates/cgrates/config/config.go:1081.63,1085.2 3 0
github.com/cgrates/cgrates/config/config.go:1088.48,1092.2 3 0
github.com/cgrates/cgrates/config/config.go:1095.46,1099.2 3 0
github.com/cgrates/cgrates/config/config.go:1102.66,1104.2 1 0
github.com/cgrates/cgrates/config/config.go:1108.45,1110.2 1 0
github.com/cgrates/cgrates/config/config.go:1120.108,1122.22 2 1
github.com/cgrates/cgrates/config/config.go:1202.2,1203.8 2 1
github.com/cgrates/cgrates/config/config.go:1123.19,1124.46 1 0
github.com/cgrates/cgrates/config/config.go:1125.18,1126.45 1 0
github.com/cgrates/cgrates/config/config.go:1127.18,1128.45 1 0
github.com/cgrates/cgrates/config/config.go:1129.18,1130.42 1 0
github.com/cgrates/cgrates/config/config.go:1131.17,1132.44 1 0
github.com/cgrates/cgrates/config/config.go:1133.18,1134.45 1 1
github.com/cgrates/cgrates/config/config.go:1135.16,1136.43 1 0
github.com/cgrates/cgrates/config/config.go:1137.18,1138.46 1 0
github.com/cgrates/cgrates/config/config.go:1139.16,1140.43 1 0
github.com/cgrates/cgrates/config/config.go:1141.21,1142.48 1 0
github.com/cgrates/cgrates/config/config.go:1143.16,1144.43 1 0
github.com/cgrates/cgrates/config/config.go:1145.20,1146.47 1 0
github.com/cgrates/cgrates/config/config.go:1147.26,1148.46 1 0
github.com/cgrates/cgrates/config/config.go:1149.24,1150.47 1 0
github.com/cgrates/cgrates/config/config.go:1151.24,1152.52 1 0
github.com/cgrates/cgrates/config/config.go:1153.14,1154.52 1 0
github.com/cgrates/cgrates/config/config.go:1155.14,1156.50 1 0
github.com/cgrates/cgrates/config/config.go:1157.20,1158.47 1 0
github.com/cgrates/cgrates/config/config.go:1159.21,1160.49 1 0
github.com/cgrates/cgrates/config/config.go:1161.23,1162.47 1 0
github.com/cgrates/cgrates/config/config.go:1163.22,1164.48 1 0
github.com/cgrates/cgrates/config/config.go:1165.18,1166.44 1 0
github.com/cgrates/cgrates/config/config.go:1167.23,1168.49 1 0
github.com/cgrates/cgrates/config/config.go:1169.18,1170.45 1 0
github.com/cgrates/cgrates/config/config.go:1171.20,1172.46 1 0
github.com/cgrates/cgrates/config/config.go:1173.23,1174.50 1 0
github.com/cgrates/cgrates/config/config.go:1175.23,1176.50 1 0
github.com/cgrates/cgrates/config/config.go:1177.18,1178.45 1 0
github.com/cgrates/cgrates/config/config.go:1179.24,1180.48 1 0
github.com/cgrates/cgrates/config/config.go:1181.26,1182.50 1 0
github.com/cgrates/cgrates/config/config.go:1183.14,1184.44 1 0
github.com/cgrates/cgrates/config/config.go:1185.15,1186.42 1 0
github.com/cgrates/cgrates/config/config.go:1187.15,1188.42 1 0
github.com/cgrates/cgrates/config/config.go:1189.24,1190.44 1 0
github.com/cgrates/cgrates/config/config.go:1191.20,1192.47 1 0
github.com/cgrates/cgrates/config/config.go:1193.21,1194.48 1 0
github.com/cgrates/cgrates/config/config.go:1195.19,1196.46 1 0
github.com/cgrates/cgrates/config/config.go:1197.21,1198.45 1 0
github.com/cgrates/cgrates/config/config.go:1199.10,1200.39 1 0
github.com/cgrates/cgrates/config/config.go:1213.39,1214.29 1 0
github.com/cgrates/cgrates/config/config.go:1214.29,1216.3 1 0
github.com/cgrates/cgrates/config/config.go:1219.41,1220.29 1 0
github.com/cgrates/cgrates/config/config.go:1220.29,1222.3 1 0
github.com/cgrates/cgrates/config/config.go:1225.38,1226.29 1 0
github.com/cgrates/cgrates/config/config.go:1226.29,1228.3 1 0
github.com/cgrates/cgrates/config/config.go:1231.40,1232.29 1 0
github.com/cgrates/cgrates/config/config.go:1232.29,1234.3 1 0
github.com/cgrates/cgrates/config/config.go:1239.47,1240.29 1 0
github.com/cgrates/cgrates/config/config.go:1240.29,1242.3 1 0
github.com/cgrates/cgrates/config/config.go:1247.49,1248.29 1 0
github.com/cgrates/cgrates/config/config.go:1248.29,1250.3 1 0
github.com/cgrates/cgrates/config/config.go:1254.101,1255.85 1 0
github.com/cgrates/cgrates/config/config.go:1258.2,1258.69 1 0
github.com/cgrates/cgrates/config/config.go:1262.2,1268.16 4 0
github.com/cgrates/cgrates/config/config.go:1272.2,1272.72 1 0
github.com/cgrates/cgrates/config/config.go:1277.2,1277.16 1 0
github.com/cgrates/cgrates/config/config.go:1280.2,1281.8 2 0
github.com/cgrates/cgrates/config/config.go:1255.85,1257.3 1 0
github.com/cgrates/cgrates/config/config.go:1258.69,1260.3 1 0
github.com/cgrates/cgrates/config/config.go:1268.16,1270.3 1 0
github.com/cgrates/cgrates/config/config.go:1272.72,1274.3 1 0
github.com/cgrates/cgrates/config/config.go:1274.8,1276.3 1 0
github.com/cgrates/cgrates/config/config.go:1277.16,1279.3 1 0
github.com/cgrates/cgrates/config/config.go:1284.77,1329.2 1 0
github.com/cgrates/cgrates/config/config.go:1331.74,1334.62 3 0
github.com/cgrates/cgrates/config/config.go:1347.2,1347.48 1 0
github.com/cgrates/cgrates/config/config.go:1334.62,1335.41 1 0
github.com/cgrates/cgrates/config/config.go:1335.41,1339.4 3 0
github.com/cgrates/cgrates/config/config.go:1340.8,1340.48 1 0
github.com/cgrates/cgrates/config/config.go:1340.48,1342.3 1 0
github.com/cgrates/cgrates/config/config.go:1342.8,1346.3 3 0
github.com/cgrates/cgrates/config/config.go:1350.111,1353.45 3 1
github.com/cgrates/cgrates/config/config.go:1356.2,1357.42 2 1
github.com/cgrates/cgrates/config/config.go:1360.2,1360.37 1 0
github.com/cgrates/cgrates/config/config.go:1365.2,1365.8 1 0
github.com/cgrates/cgrates/config/config.go:1353.45,1355.3 1 0
github.com/cgrates/cgrates/config/config.go:1357.42,1359.3 1 1
github.com/cgrates/cgrates/config/config.go:1360.37,1361.41 1 0
github.com/cgrates/cgrates/config/config.go:1361.41,1363.4 1 0
github.com/cgrates/cgrates/config/config.go:1369.111,1370.23 1 1
github.com/cgrates/cgrates/config/config.go:1373.2,1374.41 2 1
github.com/cgrates/cgrates/config/config.go:1382.2,1382.16 1 0
github.com/cgrates/cgrates/config/config.go:1385.2,1385.8 1 0
github.com/cgrates/cgrates/config/config.go:1370.23,1372.3 1 1
github.com/cgrates/cgrates/config/config.go:1374.41,1375.25 1 1
github.com/cgrates/cgrates/config/config.go:1378.3,1378.9 1 0
github.com/cgrates/cgrates/config/config.go:1375.25,1377.4 1 1
github.com/cgrates/cgrates/config/config.go:1379.8,1379.53 1 0
github.com/cgrates/cgrates/config/config.go:1379.53,1381.3 1 0
github.com/cgrates/cgrates/config/config.go:1382.16,1384.3 1 0
github.com/cgrates/cgrates/config/config.go:1388.115,1390.93 2 0
github.com/cgrates/cgrates/config/config.go:1422.2,1422.21 1 0
github.com/cgrates/cgrates/config/config.go:1425.2,1425.8 1 0
github.com/cgrates/cgrates/config/config.go:1390.93,1391.45 1 0
github.com/cgrates/cgrates/config/config.go:1394.3,1395.81 2 0
github.com/cgrates/cgrates/config/config.go:1398.3,1398.22 1 0
github.com/cgrates/cgrates/config/config.go:1401.3,1401.22 1 0
github.com/cgrates/cgrates/config/config.go:1404.3,1404.41 1 0
github.com/cgrates/cgrates/config/config.go:1418.3,1418.9 1 0
github.com/cgrates/cgrates/config/config.go:1391.45,1393.4 1 0
github.com/cgrates/cgrates/config/config.go:1395.81,1397.4 1 0
github.com/cgrates/cgrates/config/config.go:1398.22,1400.4 1 0
github.com/cgrates/cgrates/config/config.go:1401.22,1403.4 1 0
github.com/cgrates/cgrates/config/config.go:1404.41,1407.19 3 0
github.com/cgrates/cgrates/config/config.go:1411.4,1413.19 3 0
github.com/cgrates/cgrates/config/config.go:1407.19,1409.5 1 0
github.com/cgrates/cgrates/config/config.go:1413.19,1416.5 2 0
github.com/cgrates/cgrates/config/config.go:1419.17,1421.3 1 0
github.com/cgrates/cgrates/config/config.go:1422.21,1424.3 1 0
github.com/cgrates/cgrates/config/config.go:1428.115,1429.69 1 1
github.com/cgrates/cgrates/config/config.go:1448.2,1448.8 1 0
github.com/cgrates/cgrates/config/config.go:1429.69,1430.56 1 1
github.com/cgrates/cgrates/config/config.go:1433.3,1438.17 4 1
github.com/cgrates/cgrates/config/config.go:1441.3,1443.17 3 1
github.com/cgrates/cgrates/config/config.go:1430.56,1432.4 1 0
github.com/cgrates/cgrates/config/config.go:1438.17,1440.4 1 1
github.com/cgrates/cgrates/config/config.go:1443.17,1446.4 2 1
github.com/cgrates/cgrates/config/config.go:1452.37,1455.44 3 1
github.com/cgrates/cgrates/config/config.go:1455.44,1458.3 2 1
github.com/cgrates/cgrates/config/config.go:1469.99,1470.25 1 0
github.com/cgrates/cgrates/config/config.go:1474.2,1475.33 2 0
github.com/cgrates/cgrates/config/config.go:1479.2,1480.50 2 0
github.com/cgrates/cgrates/config/config.go:1484.2,1484.82 1 0
github.com/cgrates/cgrates/config/config.go:1489.2,1496.16 5 0
github.com/cgrates/cgrates/config/config.go:1499.2,1500.8 2 0
github.com/cgrates/cgrates/config/config.go:1470.25,1473.3 2 0
github.com/cgrates/cgrates/config/config.go:1475.33,1477.3 1 0
github.com/cgrates/cgrates/config/config.go:1480.50,1482.3 1 0
github.com/cgrates/cgrates/config/config.go:1484.82,1486.3 1 0
github.com/cgrates/cgrates/config/config.go:1496.16,1498.3 1 0
github.com/cgrates/cgrates/config/config.go:1503.94,1506.35 3 0
github.com/cgrates/cgrates/config/config.go:1515.2,1515.49 1 0
github.com/cgrates/cgrates/config/config.go:1506.35,1508.11 2 0
github.com/cgrates/cgrates/config/config.go:1511.3,1513.38 3 0
github.com/cgrates/cgrates/config/config.go:1508.11,1510.4 1 0
github.com/cgrates/cgrates/config/config.go:1518.70,1526.35 5 0
github.com/cgrates/cgrates/config/config.go:1539.2,1540.35 2 0
github.com/cgrates/cgrates/config/config.go:1607.2,1607.8 1 0
github.com/cgrates/cgrates/config/config.go:1526.35,1527.60 1 0
github.com/cgrates/cgrates/config/config.go:1531.3,1531.60 1 0
github.com/cgrates/cgrates/config/config.go:1535.3,1535.33 1 0
github.com/cgrates/cgrates/config/config.go:1527.60,1530.4 2 0
github.com/cgrates/cgrates/config/config.go:1531.60,1534.4 2 0
github.com/cgrates/cgrates/config/config.go:1535.33,1536.9 1 0
github.com/cgrates/cgrates/config/config.go:1540.35,1541.18 1 0
github.com/cgrates/cgrates/config/config.go:1605.3,1605.9 1 0
github.com/cgrates/cgrates/config/config.go:1542.11,1543.55 1 0
github.com/cgrates/cgrates/config/config.go:1544.20,1544.20 0 0
github.com/cgrates/cgrates/config/config.go:1545.25,1546.48 1 0
github.com/cgrates/cgrates/config/config.go:1547.19,1547.19 0 0
github.com/cgrates/cgrates/config/config.go:1548.19,1548.19 0 0
github.com/cgrates/cgrates/config/config.go:1549.19,1549.19 0 0
github.com/cgrates/cgrates/config/config.go:1550.19,1550.19 0 0
github.com/cgrates/cgrates/config/config.go:1551.22,1551.22 0 0
github.com/cgrates/cgrates/config/config.go:1552.17,1552.17 0 0
github.com/cgrates/cgrates/config/config.go:1553.22,1554.45 1 0
github.com/cgrates/cgrates/config/config.go:1555.17,1556.40 1 0
github.com/cgrates/cgrates/config/config.go:1557.17,1558.40 1 0
github.com/cgrates/cgrates/config/config.go:1559.16,1560.39 1 0
github.com/cgrates/cgrates/config/config.go:1561.21,1562.44 1 0
github.com/cgrates/cgrates/config/config.go:1563.25,1564.48 1 0
github.com/cgrates/cgrates/config/config.go:1565.27,1566.50 1 0
github.com/cgrates/cgrates/config/config.go:1567.25,1568.48 1 0
github.com/cgrates/cgrates/config/config.go:1569.15,1570.38 1 0
github.com/cgrates/cgrates/config/config.go:1571.15,1572.38 1 0
github.com/cgrates/cgrates/config/config.go:1573.22,1574.45 1 0
github.com/cgrates/cgrates/config/config.go:1575.21,1576.44 1 0
github.com/cgrates/cgrates/config/config.go:1577.22,1578.45 1 0
github.com/cgrates/cgrates/config/config.go:1579.24,1580.47 1 0
github.com/cgrates/cgrates/config/config.go:1581.23,1582.46 1 0
github.com/cgrates/cgrates/config/config.go:1583.19,1584.42 1 0
github.com/cgrates/cgrates/config/config.go:1585.24,1586.47 1 0
github.com/cgrates/cgrates/config/config.go:1587.19,1588.42 1 0
github.com/cgrates/cgrates/config/config.go:1589.19,1590.42 1 0
github.com/cgrates/cgrates/config/config.go:1591.24,1592.47 1 0
github.com/cgrates/cgrates/config/config.go:1593.24,1593.24 0 0
github.com/cgrates/cgrates/config/config.go:1594.15,1595.38 1 0
github.com/cgrates/cgrates/config/config.go:1596.16,1597.39 1 0
github.com/cgrates/cgrates/config/config.go:1598.21,1599.44 1 0
github.com/cgrates/cgrates/config/config.go:1600.18,1601.41 1 0
github.com/cgrates/cgrates/config/config.go:1602.24,1603.47 1 0
github.com/cgrates/cgrates/config/config.go:1610.79,1612.37 2 0
github.com/cgrates/cgrates/config/config.go:1616.2,1617.37 2 0
github.com/cgrates/cgrates/config/config.go:1621.2,1622.40 2 0
github.com/cgrates/cgrates/config/config.go:1626.2,1664.3 1 0
github.com/cgrates/cgrates/config/config.go:1612.37,1614.3 1 0
github.com/cgrates/cgrates/config/config.go:1617.37,1619.3 1 0
github.com/cgrates/cgrates/config/config.go:1622.40,1624.3 1 0
github.com/cgrates/cgrates/config/datadbcfg.go:44.74,45.21 1 1
github.com/cgrates/cgrates/config/datadbcfg.go:48.2,48.29 1 1
github.com/cgrates/cgrates/config/datadbcfg.go:51.2,51.29 1 1
github.com/cgrates/cgrates/config/datadbcfg.go:54.2,54.29 1 1
github.com/cgrates/cgrates/config/datadbcfg.go:61.2,61.29 1 1
github.com/cgrates/cgrates/config/datadbcfg.go:64.2,64.29 1 1
github.com/cgrates/cgrates/config/datadbcfg.go:67.2,67.33 1 1
github.com/cgrates/cgrates/config/datadbcfg.go:70.2,70.34 1 1
github.com/cgrates/cgrates/config/datadbcfg.go:80.2,80.39 1 1
github.com/cgrates/cgrates/config/datadbcfg.go:90.2,90.27 1 1
github.com/cgrates/cgrates/config/datadbcfg.go:102.2,102.26 1 1
github.com/cgrates/cgrates/config/datadbcfg.go:107.2,107.12 1 1
github.com/cgrates/cgrates/config/datadbcfg.go:45.21,47.3 1 1
github.com/cgrates/cgrates/config/datadbcfg.go:48.29,50.3 1 1
github.com/cgrates/cgrates/config/datadbcfg.go:51.29,53.3 1 1
github.com/cgrates/cgrates/config/datadbcfg.go:54.29,56.19 2 1
github.com/cgrates/cgrates/config/datadbcfg.go:59.3,59.66 1 1
github.com/cgrates/cgrates/config/datadbcfg.go:56.19,58.4 1 1
github.com/cgrates/cgrates/config/datadbcfg.go:61.29,63.3 1 1
github.com/cgrates/cgrates/config/datadbcfg.go:64.29,66.3 1 1
github.com/cgrates/cgrates/config/datadbcfg.go:67.33,69.3 1 1
github.com/cgrates/cgrates/config/datadbcfg.go:70.34,72.52 2 1
github.com/cgrates/cgrates/config/datadbcfg.go:72.52,74.37 1 1
github.com/cgrates/cgrates/config/datadbcfg.go:77.4,77.33 1 1
github.com/cgrates/cgrates/config/datadbcfg.go:74.37,76.5 1 0
github.com/cgrates/cgrates/config/datadbcfg.go:80.39,82.57 2 1
github.com/cgrates/cgrates/config/datadbcfg.go:82.57,84.37 1 1
github.com/cgrates/cgrates/config/datadbcfg.go:87.4,87.33 1 1
github.com/cgrates/cgrates/config/datadbcfg.go:84.37,86.5 1 0
github.com/cgrates/cgrates/config/datadbcfg.go:90.27,91.43 1 1
github.com/cgrates/cgrates/config/datadbcfg.go:91.43,93.26 2 1
github.com/cgrates/cgrates/config/datadbcfg.go:96.4,96.52 1 1
github.com/cgrates/cgrates/config/datadbcfg.go:99.4,99.27 1 1
github.com/cgrates/cgrates/config/datadbcfg.go:93.26,95.5 1 1
github.com/cgrates/cgrates/config/datadbcfg.go:96.52,98.5 1 0
github.com/cgrates/cgrates/config/datadbcfg.go:102.26,103.35 1 1
github.com/cgrates/cgrates/config/datadbcfg.go:103.35,105.4 1 1
github.com/cgrates/cgrates/config/datadbcfg.go:111.44,113.34 2 0
github.com/cgrates/cgrates/config/datadbcfg.go:116.2,117.31 2 0
github.com/cgrates/cgrates/config/datadbcfg.go:120.2,129.3 1 0
github.com/cgrates/cgrates/config/datadbcfg.go:113.34,115.3 1 0
github.com/cgrates/cgrates/config/datadbcfg.go:117.31,119.3 1 0
github.com/cgrates/cgrates/config/datadbcfg.go:132.88,143.24 2 1
github.com/cgrates/cgrates/config/datadbcfg.go:150.2,150.28 1 1
github.com/cgrates/cgrates/config/datadbcfg.go:157.2,157.8 1 1
github.com/cgrates/cgrates/config/datadbcfg.go:143.24,145.38 2 1
github.com/cgrates/cgrates/config/datadbcfg.go:148.3,148.36 1 1
github.com/cgrates/cgrates/config/datadbcfg.go:145.38,147.4 1 1
github.com/cgrates/cgrates/config/datadbcfg.go:150.28,152.63 2 1
github.com/cgrates/cgrates/config/datadbcfg.go:155.3,155.42 1 1
github.com/cgrates/cgrates/config/datadbcfg.go:152.63,154.4 1 0
github.com/cgrates/cgrates/config/datadbcfg.go:168.73,173.37 2 1
github.com/cgrates/cgrates/config/datadbcfg.go:176.2,176.38 1 1
github.com/cgrates/cgrates/config/datadbcfg.go:179.2,179.8 1 1
github.com/cgrates/cgrates/config/datadbcfg.go:173.37,175.3 1 1
github.com/cgrates/cgrates/config/datadbcfg.go:176.38,178.3 1 1
github.com/cgrates/cgrates/config/datadbcfg.go:182.71,183.20 1 1
github.com/cgrates/cgrates/config/datadbcfg.go:186.2,186.27 1 1
github.com/cgrates/cgrates/config/datadbcfg.go:189.2,189.30 1 1
github.com/cgrates/cgrates/config/datadbcfg.go:192.2,192.29 1 1
github.com/cgrates/cgrates/config/datadbcfg.go:195.2,195.28 1 1
github.com/cgrates/cgrates/config/datadbcfg.go:198.2,198.8 1 1
github.com/cgrates/cgrates/config/datadbcfg.go:183.20,185.3 1 0
github.com/cgrates/cgrates/config/datadbcfg.go:186.27,188.3 1 1
github.com/cgrates/cgrates/config/datadbcfg.go:189.30,191.3 1 1
github.com/cgrates/cgrates/config/datadbcfg.go:192.29,194.3 1 1
github.com/cgrates/cgrates/config/datadbcfg.go:195.28,197.3 1 1
github.com/cgrates/cgrates/config/datadbcfg.go:201.38,208.2 1 0
github.com/cgrates/cgrates/config/eescfg.go:34.149,35.19 1 1
github.com/cgrates/cgrates/config/eescfg.go:38.2,38.27 1 1
github.com/cgrates/cgrates/config/eescfg.go:41.2,41.25 1 1
github.com/cgrates/cgrates/config/eescfg.go:50.2,50.36 1 1
github.com/cgrates/cgrates/config/eescfg.go:61.2,61.80 1 1
github.com/cgrates/cgrates/config/eescfg.go:35.19,37.3 1 1
github.com/cgrates/cgrates/config/eescfg.go:38.27,40.3 1 1
github.com/cgrates/cgrates/config/eescfg.go:41.25,42.41 1 1
github.com/cgrates/cgrates/config/eescfg.go:42.41,44.52 2 1
github.com/cgrates/cgrates/config/eescfg.go:47.4,47.25 1 1
github.com/cgrates/cgrates/config/eescfg.go:44.52,46.5 1 0
github.com/cgrates/cgrates/config/eescfg.go:50.36,52.48 2 1
github.com/cgrates/cgrates/config/eescfg.go:52.48,54.33 1 1
github.com/cgrates/cgrates/config/eescfg.go:54.33,56.5 1 0
github.com/cgrates/cgrates/config/eescfg.go:56.10,58.5 1 1
github.com/cgrates/cgrates/config/eescfg.go:64.174,65.22 1 1
github.com/cgrates/cgrates/config/eescfg.go:68.2,68.36 1 1
github.com/cgrates/cgrates/config/eescfg.go:91.2,91.8 1 1
github.com/cgrates/cgrates/config/eescfg.go:65.22,67.3 1 0
github.com/cgrates/cgrates/config/eescfg.go:68.36,70.23 2 1
github.com/cgrates/cgrates/config/eescfg.go:78.3,78.17 1 1
github.com/cgrates/cgrates/config/eescfg.go:87.3,87.77 1 1
github.com/cgrates/cgrates/config/eescfg.go:70.23,71.43 1 1
github.com/cgrates/cgrates/config/eescfg.go:71.43,72.34 1 1
github.com/cgrates/cgrates/config/eescfg.go:72.34,74.11 2 1
github.com/cgrates/cgrates/config/eescfg.go:78.17,79.25 1 1
github.com/cgrates/cgrates/config/eescfg.go:85.4,85.46 1 1
github.com/cgrates/cgrates/config/eescfg.go:79.25,81.5 1 1
github.com/cgrates/cgrates/config/eescfg.go:81.10,84.5 2 1
github.com/cgrates/cgrates/config/eescfg.go:87.77,89.4 1 0
github.com/cgrates/cgrates/config/eescfg.go:95.42,99.46 4 0
github.com/cgrates/cgrates/config/eescfg.go:102.2,103.38 2 0
github.com/cgrates/cgrates/config/eescfg.go:106.2,106.8 1 0
github.com/cgrates/cgrates/config/eescfg.go:99.46,101.3 1 0
github.com/cgrates/cgrates/config/eescfg.go:103.38,105.3 1 0
github.com/cgrates/cgrates/config/eescfg.go:109.88,114.22 2 1
github.com/cgrates/cgrates/config/eescfg.go:121.2,121.26 1 1
github.com/cgrates/cgrates/config/eescfg.go:128.2,128.8 1 1
github.com/cgrates/cgrates/config/eescfg.go:114.22,116.37 2 1
github.com/cgrates/cgrates/config/eescfg.go:119.3,119.36 1 1
github.com/cgrates/cgrates/config/eescfg.go:116.37,118.4 1 1
github.com/cgrates/cgrates/config/eescfg.go:121.26,123.38 2 1
github.com/cgrates/cgrates/config/eescfg.go:126.3,126.44 1 1
github.com/cgrates/cgrates/config/eescfg.go:123.38,125.4 1 1
github.com/cgrates/cgrates/config/eescfg.go:151.145,152.19 1 1
github.com/cgrates/cgrates/config/eescfg.go:155.2,155.22 1 1
github.com/cgrates/cgrates/config/eescfg.go:158.2,158.24 1 1
github.com/cgrates/cgrates/config/eescfg.go:161.2,161.31 1 1
github.com/cgrates/cgrates/config/eescfg.go:164.2,164.26 1 1
github.com/cgrates/cgrates/config/eescfg.go:169.2,169.28 1 1
github.com/cgrates/cgrates/config/eescfg.go:172.2,172.27 1 1
github.com/cgrates/cgrates/config/eescfg.go:178.2,178.25 1 1
github.com/cgrates/cgrates/config/eescfg.go:181.2,181.37 1 1
github.com/cgrates/cgrates/config/eescfg.go:184.2,184.33 1 1
github.com/cgrates/cgrates/config/eescfg.go:190.2,190.31 1 1
github.com/cgrates/cgrates/config/eescfg.go:193.2,193.28 1 1
github.com/cgrates/cgrates/config/eescfg.go:196.2,196.35 1 1
github.com/cgrates/cgrates/config/eescfg.go:199.2,199.26 1 1
github.com/cgrates/cgrates/config/eescfg.go:226.2,226.24 1 1
github.com/cgrates/cgrates/config/eescfg.go:231.2,231.8 1 1
github.com/cgrates/cgrates/config/eescfg.go:152.19,154.3 1 0
github.com/cgrates/cgrates/config/eescfg.go:155.22,157.3 1 1
github.com/cgrates/cgrates/config/eescfg.go:158.24,160.3 1 1
github.com/cgrates/cgrates/config/eescfg.go:161.31,163.3 1 1
github.com/cgrates/cgrates/config/eescfg.go:164.26,165.77 1 1
github.com/cgrates/cgrates/config/eescfg.go:165.77,167.4 1 0
github.com/cgrates/cgrates/config/eescfg.go:169.28,171.3 1 1
github.com/cgrates/cgrates/config/eescfg.go:172.27,174.40 2 1
github.com/cgrates/cgrates/config/eescfg.go:174.40,176.4 1 0
github.com/cgrates/cgrates/config/eescfg.go:178.25,180.3 1 1
github.com/cgrates/cgrates/config/eescfg.go:181.37,183.3 1 1
github.com/cgrates/cgrates/config/eescfg.go:184.33,186.46 2 1
github.com/cgrates/cgrates/config/eescfg.go:186.46,188.4 1 0
github.com/cgrates/cgrates/config/eescfg.go:190.31,192.3 1 1
github.com/cgrates/cgrates/config/eescfg.go:193.28,195.3 1 1
github.com/cgrates/cgrates/config/eescfg.go:196.35,198.3 1 1
github.com/cgrates/cgrates/config/eescfg.go:199.26,204.17 5 1
github.com/cgrates/cgrates/config/eescfg.go:207.3,207.74 1 1
github.com/cgrates/cgrates/config/eescfg.go:212.3,212.36 1 1
github.com/cgrates/cgrates/config/eescfg.go:204.17,206.4 1 0
github.com/cgrates/cgrates/config/eescfg.go:207.74,209.4 1 0
github.com/cgrates/cgrates/config/eescfg.go:209.9,209.25 1 1
github.com/cgrates/cgrates/config/eescfg.go:209.25,211.4 1 0
github.com/cgrates/cgrates/config/eescfg.go:212.36,213.35 1 1
github.com/cgrates/cgrates/config/eescfg.go:221.4,221.65 1 1
github.com/cgrates/cgrates/config/eescfg.go:214.23,215.55 1 0
github.com/cgrates/cgrates/config/eescfg.go:216.23,217.57 1 1
github.com/cgrates/cgrates/config/eescfg.go:218.23,219.57 1 0
github.com/cgrates/cgrates/config/eescfg.go:221.65,223.5 1 0
github.com/cgrates/cgrates/config/eescfg.go:226.24,227.33 1 1
github.com/cgrates/cgrates/config/eescfg.go:227.33,229.4 1 0
github.com/cgrates/cgrates/config/eescfg.go:234.59,236.2 1 0
github.com/cgrates/cgrates/config/eescfg.go:238.60,240.2 1 0
github.com/cgrates/cgrates/config/eescfg.go:242.60,244.2 1 0
github.com/cgrates/cgrates/config/eescfg.go:246.62,251.26 5 1
github.com/cgrates/cgrates/config/eescfg.go:258.2,259.27 2 1
github.com/cgrates/cgrates/config/eescfg.go:265.2,267.33 3 1
github.com/cgrates/cgrates/config/eescfg.go:273.2,278.35 5 1
github.com/cgrates/cgrates/config/eescfg.go:281.2,282.41 2 1
github.com/cgrates/cgrates/config/eescfg.go:285.2,286.42 2 1
github.com/cgrates/cgrates/config/eescfg.go:289.2,290.42 2 1
github.com/cgrates/cgrates/config/eescfg.go:293.2,294.29 2 1
github.com/cgrates/cgrates/config/eescfg.go:297.2,297.8 1 1
github.com/cgrates/cgrates/config/eescfg.go:251.26,253.36 2 1
github.com/cgrates/cgrates/config/eescfg.go:253.36,256.4 2 1
github.com/cgrates/cgrates/config/eescfg.go:259.27,261.37 2 1
github.com/cgrates/cgrates/config/eescfg.go:261.37,263.4 1 1
github.com/cgrates/cgrates/config/eescfg.go:267.33,269.43 2 0
github.com/cgrates/cgrates/config/eescfg.go:269.43,271.4 1 0
github.com/cgrates/cgrates/config/eescfg.go:278.35,280.3 1 1
github.com/cgrates/cgrates/config/eescfg.go:282.41,284.3 1 0
github.com/cgrates/cgrates/config/eescfg.go:286.42,288.3 1 1
github.com/cgrates/cgrates/config/eescfg.go:290.42,292.3 1 0
github.com/cgrates/cgrates/config/eescfg.go:294.29,296.3 1 0
github.com/cgrates/cgrates/config/eescfg.go:300.98,316.23 2 1
github.com/cgrates/cgrates/config/eescfg.go:326.2,326.23 1 1
github.com/cgrates/cgrates/config/eescfg.go:333.2,333.8 1 1
github.com/cgrates/cgrates/config/eescfg.go:316.23,319.35 3 0
github.com/cgrates/cgrates/config/eescfg.go:322.3,323.38 2 0
github.com/cgrates/cgrates/config/eescfg.go:319.35,321.4 1 0
github.com/cgrates/cgrates/config/eescfg.go:326.23,328.34 2 1
github.com/cgrates/cgrates/config/eescfg.go:331.3,331.38 1 1
github.com/cgrates/cgrates/config/eescfg.go:328.34,330.4 1 1
github.com/cgrates/cgrates/config/fwvdp.go:31.60,34.2 2 0
github.com/cgrates/cgrates/config/fwvdp.go:44.40,46.2 1 0
github.com/cgrates/cgrates/config/fwvdp.go:49.89,50.23 1 0
github.com/cgrates/cgrates/config/fwvdp.go:53.2,55.28 2 0
github.com/cgrates/cgrates/config/fwvdp.go:58.2,60.23 3 0
github.com/cgrates/cgrates/config/fwvdp.go:63.2,64.16 2 0
[...]
github.com/cgrates/cgrates/config/configsanity.go:286.4,286.94 1 1
github.com/cgrates/cgrates/config/configsanity.go:283.81,285.5 1 1
github.com/cgrates/cgrates/config/configsanity.go:286.94,288.5 1 1
github.com/cgrates/cgrates/config/configsanity.go:290.39,291.30 1 0
github.com/cgrates/cgrates/config/configsanity.go:291.30,292.73 1 0
github.com/cgrates/cgrates/config/configsanity.go:292.73,294.6 1 0
github.com/cgrates/cgrates/config/configsanity.go:297.62,298.44 1 0
github.com/cgrates/cgrates/config/configsanity.go:305.4,305.42 1 0
github.com/cgrates/cgrates/config/configsanity.go:298.44,301.38 1 0
github.com/cgrates/cgrates/config/configsanity.go:301.38,303.6 1 0
github.com/cgrates/cgrates/config/configsanity.go:305.42,308.38 1 0
github.com/cgrates/cgrates/config/configsanity.go:308.38,310.6 1 0
github.com/cgrates/cgrates/config/configsanity.go:315.32,316.49 1 1
github.com/cgrates/cgrates/config/configsanity.go:320.3,320.59 1 1
github.com/cgrates/cgrates/config/configsanity.go:328.3,328.60 1 0
github.com/cgrates/cgrates/config/configsanity.go:316.49,319.4 1 1
github.com/cgrates/cgrates/config/configsanity.go:320.59,321.81 1 1
github.com/cgrates/cgrates/config/configsanity.go:324.4,324.94 1 1
github.com/cgrates/cgrates/config/configsanity.go:321.81,323.5 1 1
github.com/cgrates/cgrates/config/configsanity.go:324.94,326.5 1 1
github.com/cgrates/cgrates/config/configsanity.go:328.60,329.44 1 0
github.com/cgrates/cgrates/config/configsanity.go:334.4,334.42 1 0
github.com/cgrates/cgrates/config/configsanity.go:329.44,330.73 1 0
github.com/cgrates/cgrates/config/configsanity.go:330.73,332.6 1 0
github.com/cgrates/cgrates/config/configsanity.go:334.42,335.73 1 0
github.com/cgrates/cgrates/config/configsanity.go:335.73,337.6 1 0
github.com/cgrates/cgrates/config/configsanity.go:342.29,343.46 1 1
github.com/cgrates/cgrates/config/configsanity.go:347.3,347.56 1 1
github.com/cgrates/cgrates/config/configsanity.go:355.3,355.57 1 0
github.com/cgrates/cgrates/config/configsanity.go:343.46,346.4 1 1
github.com/cgrates/cgrates/config/configsanity.go:347.56,348.81 1 1
github.com/cgrates/cgrates/config/configsanity.go:351.4,351.94 1 1
github.com/cgrates/cgrates/config/configsanity.go:348.81,350.5 1 1
github.com/cgrates/cgrates/config/configsanity.go:351.94,353.5 1 1
github.com/cgrates/cgrates/config/configsanity.go:355.57,356.44 1 0
github.com/cgrates/cgrates/config/configsanity.go:361.4,361.42 1 0
github.com/cgrates/cgrates/config/configsanity.go:356.44,357.73 1 0
github.com/cgrates/cgrates/config/configsanity.go:357.73,359.6 1 0
github.com/cgrates/cgrates/config/configsanity.go:361.42,362.73 1 0
github.com/cgrates/cgrates/config/configsanity.go:362.73,364.6 1 0
github.com/cgrates/cgrates/config/configsanity.go:369.48,371.53 1 1
github.com/cgrates/cgrates/config/configsanity.go:379.3,379.97 1 1
github.com/cgrates/cgrates/config/configsanity.go:382.3,382.101 1 1
github.com/cgrates/cgrates/config/configsanity.go:385.3,385.54 1 1
github.com/cgrates/cgrates/config/configsanity.go:371.53,372.81 1 1
github.com/cgrates/cgrates/config/configsanity.go:375.4,375.94 1 1
github.com/cgrates/cgrates/config/configsanity.go:372.81,374.5 1 1
github.com/cgrates/cgrates/config/configsanity.go:375.94,377.5 1 1
github.com/cgrates/cgrates/config/configsanity.go:379.97,381.4 1 1
github.com/cgrates/cgrates/config/configsanity.go:382.101,384.4 1 1
github.com/cgrates/cgrates/config/configsanity.go:385.54,386.44 1 0
github.com/cgrates/cgrates/config/configsanity.go:391.4,391.42 1 0
github.com/cgrates/cgrates/config/configsanity.go:386.44,387.73 1 0
github.com/cgrates/cgrates/config/configsanity.go:387.73,389.6 1 0
github.com/cgrates/cgrates/config/configsanity.go:391.42,392.73 1 0
github.com/cgrates/cgrates/config/configsanity.go:392.73,394.6 1 0
github.com/cgrates/cgrates/config/configsanity.go:400.29,401.46 1 0
github.com/cgrates/cgrates/config/configsanity.go:405.3,405.56 1 0
github.com/cgrates/cgrates/config/configsanity.go:413.3,413.57 1 0
github.com/cgrates/cgrates/config/configsanity.go:401.46,404.4 1 0
github.com/cgrates/cgrates/config/configsanity.go:405.56,406.81 1 0
github.com/cgrates/cgrates/config/configsanity.go:409.4,409.94 1 0
github.com/cgrates/cgrates/config/configsanity.go:406.81,408.5 1 0
github.com/cgrates/cgrates/config/configsanity.go:409.94,411.5 1 0
github.com/cgrates/cgrates/config/configsanity.go:413.57,414.44 1 0
github.com/cgrates/cgrates/config/configsanity.go:419.4,419.42 1 0
github.com/cgrates/cgrates/config/configsanity.go:414.44,415.73 1 0
github.com/cgrates/cgrates/config/configsanity.go:415.73,417.6 1 0
github.com/cgrates/cgrates/config/configsanity.go:419.42,420.73 1 0
github.com/cgrates/cgrates/config/configsanity.go:420.73,422.6 1 0
github.com/cgrates/cgrates/config/configsanity.go:427.31,428.40 1 1
github.com/cgrates/cgrates/config/configsanity.go:428.40,430.4 1 1
github.com/cgrates/cgrates/config/configsanity.go:432.29,433.58 1 1
github.com/cgrates/cgrates/config/configsanity.go:433.58,434.83 1 1
github.com/cgrates/cgrates/config/configsanity.go:437.4,437.94 1 1
github.com/cgrates/cgrates/config/configsanity.go:434.83,436.5 1 1
github.com/cgrates/cgrates/config/configsanity.go:437.94,439.5 1 1
github.com/cgrates/cgrates/config/configsanity.go:443.30,444.59 1 1
github.com/cgrates/cgrates/config/configsanity.go:444.59,445.83 1 1
github.com/cgrates/cgrates/config/configsanity.go:448.4,448.94 1 1
github.com/cgrates/cgrates/config/configsanity.go:445.83,447.5 1 1
github.com/cgrates/cgrates/config/configsanity.go:448.94,450.5 1 1
github.com/cgrates/cgrates/config/configsanity.go:454.26,455.55 1 1
github.com/cgrates/cgrates/config/configsanity.go:455.55,456.83 1 1
github.com/cgrates/cgrates/config/configsanity.go:459.4,459.94 1 1
github.com/cgrates/cgrates/config/configsanity.go:456.83,458.5 1 1
github.com/cgrates/cgrates/config/configsanity.go:459.94,461.5 1 1
github.com/cgrates/cgrates/config/configsanity.go:465.27,466.56 1 1
github.com/cgrates/cgrates/config/configsanity.go:474.3,474.51 1 1
github.com/cgrates/cgrates/config/configsanity.go:482.3,482.55 1 1
github.com/cgrates/cgrates/config/configsanity.go:490.3,490.50 1 0
github.com/cgrates/cgrates/config/configsanity.go:466.56,467.83 1 1
github.com/cgrates/cgrates/config/configsanity.go:470.4,470.94 1 1
github.com/cgrates/cgrates/config/configsanity.go:467.83,469.5 1 1
github.com/cgrates/cgrates/config/configsanity.go:470.94,472.5 1 1
github.com/cgrates/cgrates/config/configsanity.go:474.51,475.78 1 1
github.com/cgrates/cgrates/config/configsanity.go:478.4,478.94 1 1
github.com/cgrates/cgrates/config/configsanity.go:475.78,477.5 1 1
github.com/cgrates/cgrates/config/configsanity.go:478.94,480.5 1 1
github.com/cgrates/cgrates/config/configsanity.go:482.55,483.82 1 1
github.com/cgrates/cgrates/config/configsanity.go:486.4,486.94 1 1
github.com/cgrates/cgrates/config/configsanity.go:483.82,485.5 1 1
github.com/cgrates/cgrates/config/configsanity.go:486.94,488.5 1 1
github.com/cgrates/cgrates/config/configsanity.go:490.50,491.77 1 0
github.com/cgrates/cgrates/config/configsanity.go:494.4,494.94 1 0
github.com/cgrates/cgrates/config/configsanity.go:491.77,493.5 1 0
github.com/cgrates/cgrates/config/configsanity.go:494.94,496.5 1 0
github.com/cgrates/cgrates/config/configsanity.go:500.30,501.53 1 1
github.com/cgrates/cgrates/config/configsanity.go:501.53,502.77 1 1
github.com/cgrates/cgrates/config/configsanity.go:505.4,505.94 1 1
github.com/cgrates/cgrates/config/configsanity.go:502.77,504.5 1 1
github.com/cgrates/cgrates/config/configsanity.go:505.94,507.5 1 1
github.com/cgrates/cgrates/config/configsanity.go:511.24,512.51 1 1
github.com/cgrates/cgrates/config/configsanity.go:520.3,520.42 1 1
github.com/cgrates/cgrates/config/configsanity.go:512.51,513.81 1 1
github.com/cgrates/cgrates/config/configsanity.go:516.4,516.94 1 1
github.com/cgrates/cgrates/config/configsanity.go:513.81,515.5 1 1
github.com/cgrates/cgrates/config/configsanity.go:516.94,518.5 1 1
github.com/cgrates/cgrates/config/configsanity.go:520.42,521.42 1 1
github.com/cgrates/cgrates/config/configsanity.go:525.4,525.20 1 1
github.com/cgrates/cgrates/config/configsanity.go:546.4,546.46 1 0
github.com/cgrates/cgrates/config/configsanity.go:551.4,551.37 1 0
github.com/cgrates/cgrates/config/configsanity.go:521.42,523.5 1 1
github.com/cgrates/cgrates/config/configsanity.go:526.70,527.69 1 1
github.com/cgrates/cgrates/config/configsanity.go:532.5,532.42 1 1
github.com/cgrates/cgrates/config/configsanity.go:535.32,536.25 1 1
github.com/cgrates/cgrates/config/configsanity.go:539.62,540.69 1 1
github.com/cgrates/cgrates/config/configsanity.go:527.69,528.66 1 1
github.com/cgrates/cgrates/config/configsanity.go:528.66,530.7 1 1
github.com/cgrates/cgrates/config/configsanity.go:532.42,534.6 1 1
github.com/cgrates/cgrates/config/configsanity.go:536.25,538.6 1 1
github.com/cgrates/cgrates/config/configsanity.go:540.69,541.66 1 1
github.com/cgrates/cgrates/config/configsanity.go:541.66,543.7 1 1
github.com/cgrates/cgrates/config/configsanity.go:546.46,547.73 1 0
github.com/cgrates/cgrates/config/configsanity.go:547.73,549.6 1 0
github.com/cgrates/cgrates/config/configsanity.go:551.37,552.73 1 0
github.com/cgrates/cgrates/config/configsanity.go:552.73,554.6 1 0
github.com/cgrates/cgrates/config/configsanity.go:559.24,560.53 1 0
github.com/cgrates/cgrates/config/configsanity.go:568.3,568.44 1 0
github.com/cgrates/cgrates/config/configsanity.go:560.53,561.83 1 0
github.com/cgrates/cgrates/config/configsanity.go:564.4,564.94 1 0
github.com/cgrates/cgrates/config/configsanity.go:561.83,563.5 1 0
github.com/cgrates/cgrates/config/configsanity.go:564.94,566.5 1 0
github.com/cgrates/cgrates/config/configsanity.go:568.44,569.44 1 0
github.com/cgrates/cgrates/config/configsanity.go:573.4,573.20 1 0
github.com/cgrates/cgrates/config/configsanity.go:590.4,590.37 1 0
github.com/cgrates/cgrates/config/configsanity.go:569.44,571.5 1 0
github.com/cgrates/cgrates/config/configsanity.go:574.27,575.50 1 0
github.com/cgrates/cgrates/config/configsanity.go:580.5,580.42 1 0
github.com/cgrates/cgrates/config/configsanity.go:583.27,584.50 1 0
github.com/cgrates/cgrates/config/configsanity.go:575.50,576.66 1 0
github.com/cgrates/cgrates/config/configsanity.go:576.66,578.7 1 0
github.com/cgrates/cgrates/config/configsanity.go:580.42,582.6 1 0
github.com/cgrates/cgrates/config/configsanity.go:584.50,585.66 1 0
github.com/cgrates/cgrates/config/configsanity.go:585.66,587.7 1 0
github.com/cgrates/cgrates/config/configsanity.go:590.37,591.73 1 0
github.com/cgrates/cgrates/config/configsanity.go:591.73,593.6 1 0
github.com/cgrates/cgrates/config/configsanity.go:598.42,601.98 1 1
github.com/cgrates/cgrates/config/configsanity.go:601.98,603.4 1 1
github.com/cgrates/cgrates/config/configsanity.go:606.48,607.79 1 1
github.com/cgrates/cgrates/config/configsanity.go:610.3,610.71 1 1
github.com/cgrates/cgrates/config/configsanity.go:613.3,613.81 1 1
github.com/cgrates/cgrates/config/configsanity.go:607.79,609.4 1 1
github.com/cgrates/cgrates/config/configsanity.go:610.71,612.4 1 1
github.com/cgrates/cgrates/config/configsanity.go:613.81,615.4 1 1
github.com/cgrates/cgrates/config/configsanity.go:617.45,618.61 1 1
github.com/cgrates/cgrates/config/configsanity.go:621.3,621.64 1 1
github.com/cgrates/cgrates/config/configsanity.go:618.61,620.4 1 1
github.com/cgrates/cgrates/config/configsanity.go:621.64,623.4 1 1
github.com/cgrates/cgrates/config/configsanity.go:626.51,627.82 1 1
github.com/cgrates/cgrates/config/configsanity.go:630.3,630.93 1 1
github.com/cgrates/cgrates/config/configsanity.go:627.82,629.4 1 1
github.com/cgrates/cgrates/config/configsanity.go:630.93,632.4 1 1
github.com/cgrates/cgrates/config/configsanity.go:634.50,635.81 1 1
github.com/cgrates/cgrates/config/configsanity.go:638.3,638.93 1 1
github.com/cgrates/cgrates/config/configsanity.go:635.81,637.4 1 1
github.com/cgrates/cgrates/config/configsanity.go:638.93,640.4 1 1
github.com/cgrates/cgrates/config/configsanity.go:643.32,644.61 1 1
github.com/cgrates/cgrates/config/configsanity.go:644.61,645.83 1 1
github.com/cgrates/cgrates/config/configsanity.go:648.4,648.94 1 1
github.com/cgrates/cgrates/config/configsanity.go:645.83,647.5 1 1
github.com/cgrates/cgrates/config/configsanity.go:648.94,650.5 1 1
github.com/cgrates/cgrates/config/configsanity.go:654.55,655.46 1 0
github.com/cgrates/cgrates/config/configsanity.go:655.46,657.4 1 0
github.com/cgrates/cgrates/config/configsanity.go:657.9,658.35 1 0
github.com/cgrates/cgrates/config/configsanity.go:658.35,659.39 1 0
github.com/cgrates/cgrates/config/configsanity.go:659.39,661.6 1 0
github.com/cgrates/cgrates/config/configsanity.go:665.47,666.42 1 1
github.com/cgrates/cgrates/config/configsanity.go:666.42,668.4 1 1
github.com/cgrates/cgrates/config/configsanity.go:671.51,672.77 1 1
github.com/cgrates/cgrates/config/configsanity.go:675.3,675.93 1 1
github.com/cgrates/cgrates/config/configsanity.go:672.77,674.4 1 1
github.com/cgrates/cgrates/config/configsanity.go:675.93,677.4 1 1
github.com/cgrates/cgrates/config/configsanity.go:679.55,680.81 1 1
github.com/cgrates/cgrates/config/configsanity.go:683.3,683.93 1 1
github.com/cgrates/cgrates/config/configsanity.go:680.81,682.4 1 1
github.com/cgrates/cgrates/config/configsanity.go:683.93,685.4 1 1
github.com/cgrates/cgrates/config/configsanity.go:687.52,688.74 1 1
github.com/cgrates/cgrates/config/configsanity.go:691.3,691.93 1 1
github.com/cgrates/cgrates/config/configsanity.go:688.74,690.4 1 1
github.com/cgrates/cgrates/config/configsanity.go:691.93,693.4 1 1
github.com/cgrates/cgrates/config/configsanity.go:696.32,697.41 1 0
github.com/cgrates/cgrates/config/configsanity.go:700.3,700.47 1 0
github.com/cgrates/cgrates/config/configsanity.go:703.3,703.52 1 0
github.com/cgrates/cgrates/config/configsanity.go:710.3,710.52 1 0
github.com/cgrates/cgrates/config/configsanity.go:713.3,713.62 1 0
github.com/cgrates/cgrates/config/configsanity.go:697.41,699.4 1 0
github.com/cgrates/cgrates/config/configsanity.go:700.47,702.4 1 0
github.com/cgrates/cgrates/config/configsanity.go:703.52,704.31 1 0
github.com/cgrates/cgrates/config/configsanity.go:704.31,705.115 1 0
github.com/cgrates/cgrates/config/configsanity.go:705.115,707.6 1 0
github.com/cgrates/cgrates/config/configsanity.go:710.52,712.4 1 0
github.com/cgrates/cgrates/config/configsanity.go:713.62,714.36 1 0
github.com/cgrates/cgrates/config/configsanity.go:717.4,718.12 2 0
github.com/cgrates/cgrates/config/configsanity.go:721.4,721.31 1 0
github.com/cgrates/cgrates/config/configsanity.go:724.4,724.56 1 0
github.com/cgrates/cgrates/config/configsanity.go:714.36,716.5 1 0
github.com/cgrates/cgrates/config/configsanity.go:718.12,720.5 1 0
github.com/cgrates/cgrates/config/configsanity.go:721.31,723.5 1 0
github.com/cgrates/cgrates/config/configsanity.go:724.56,726.5 1 0
github.com/cgrates/cgrates/config/rpcconn.go:27.38,28.27 1 1
github.com/cgrates/cgrates/config/rpcconn.go:31.2,32.17 2 0
github.com/cgrates/cgrates/config/rpcconn.go:28.27,30.3 1 1
github.com/cgrates/cgrates/config/rpcconn.go:35.32,37.2 1 1
github.com/cgrates/cgrates/config/rpcconn.go:45.70,46.19 1 1
github.com/cgrates/cgrates/config/rpcconn.go:49.2,49.28 1 1
github.com/cgrates/cgrates/config/rpcconn.go:52.2,52.28 1 1
github.com/cgrates/cgrates/config/rpcconn.go:55.2,55.25 1 1
github.com/cgrates/cgrates/config/rpcconn.go:62.2,62.8 1 1
github.com/cgrates/cgrates/config/rpcconn.go:46.19,48.3 1 0
github.com/cgrates/cgrates/config/rpcconn.go:49.28,51.3 1 0
github.com/cgrates/cgrates/config/rpcconn.go:52.28,54.3 1 1
github.com/cgrates/cgrates/config/rpcconn.go:55.25,57.44 2 1
github.com/cgrates/cgrates/config/rpcconn.go:57.44,60.4 2 1
github.com/cgrates/cgrates/config/rpcconn.go:67.71,69.29 2 1
github.com/cgrates/cgrates/config/rpcconn.go:72.2,72.8 1 1
github.com/cgrates/cgrates/config/rpcconn.go:69.29,71.3 1 1
github.com/cgrates/cgrates/config/rpcconn.go:75.72,80.21 2 1
github.com/cgrates/cgrates/config/rpcconn.go:87.2,87.8 1 1
github.com/cgrates/cgrates/config/rpcconn.go:80.21,82.33 2 1
github.com/cgrates/cgrates/config/rpcconn.go:85.3,85.33 1 1
github.com/cgrates/cgrates/config/rpcconn.go:82.33,84.4 1 1
github.com/cgrates/cgrates/config/rpcconn.go:98.71,99.19 1 1
github.com/cgrates/cgrates/config/rpcconn.go:102.2,102.27 1 1
github.com/cgrates/cgrates/config/rpcconn.go:105.2,105.29 1 1
github.com/cgrates/cgrates/config/rpcconn.go:108.2,108.31 1 1
github.com/cgrates/cgrates/config/rpcconn.go:111.2,111.23 1 1
github.com/cgrates/cgrates/config/rpcconn.go:114.2,114.12 1 1
github.com/cgrates/cgrates/config/rpcconn.go:99.19,101.3 1 1
github.com/cgrates/cgrates/config/rpcconn.go:102.27,104.3 1 1
github.com/cgrates/cgrates/config/rpcconn.go:105.29,107.3 1 1
github.com/cgrates/cgrates/config/rpcconn.go:108.31,110.3 1 1
github.com/cgrates/cgrates/config/rpcconn.go:111.23,113.3 1 1
github.com/cgrates/cgrates/config/rpcconn.go:117.63,124.2 1 1
github.com/cgrates/cgrates/config/apiercfg.go:36.73,37.19 1 1
github.com/cgrates/cgrates/config/apiercfg.go:40.2,40.27 1 1
github.com/cgrates/cgrates/config/apiercfg.go:43.2,43.32 1 1
github.com/cgrates/cgrates/config/apiercfg.go:54.2,54.35 1 1
github.com/cgrates/cgrates/config/apiercfg.go:65.2,65.36 1 1
github.com/cgrates/cgrates/config/apiercfg.go:76.2,76.29 1 1
github.com/cgrates/cgrates/config/apiercfg.go:87.2,87.12 1 1
github.com/cgrates/cgrates/config/apiercfg.go:37.19,39.3 1 1
github.com/cgrates/cgrates/config/apiercfg.go:40.27,42.3 1 1
github.com/cgrates/cgrates/config/apiercfg.go:43.32,45.47 2 1
github.com/cgrates/cgrates/config/apiercfg.go:45.47,47.34 1 1
github.com/cgrates/cgrates/config/apiercfg.go:47.34,49.5 1 1
github.com/cgrates/cgrates/config/apiercfg.go:49.10,51.5 1 1
github.com/cgrates/cgrates/config/apiercfg.go:54.35,56.50 2 1
github.com/cgrates/cgrates/config/apiercfg.go:56.50,58.34 1 1
github.com/cgrates/cgrates/config/apiercfg.go:58.34,60.5 1 1
github.com/cgrates/cgrates/config/apiercfg.go:60.10,62.5 1 1
github.com/cgrates/cgrates/config/apiercfg.go:65.36,67.51 2 1
github.com/cgrates/cgrates/config/apiercfg.go:67.51,69.34 1 1
github.com/cgrates/cgrates/config/apiercfg.go:69.34,71.5 1 1
github.com/cgrates/cgrates/config/apiercfg.go:71.10,73.5 1 1
github.com/cgrates/cgrates/config/apiercfg.go:76.29,78.46 2 1
github.com/cgrates/cgrates/config/apiercfg.go:78.46,80.36 1 1
github.com/cgrates/cgrates/config/apiercfg.go:80.36,82.5 1 1
github.com/cgrates/cgrates/config/apiercfg.go:82.10,84.5 1 1
github.com/cgrates/cgrates/config/apiercfg.go:90.76,94.29 2 1
github.com/cgrates/cgrates/config/apiercfg.go:105.2,105.32 1 1
github.com/cgrates/cgrates/config/apiercfg.go:116.2,116.33 1 1
github.com/cgrates/cgrates/config/apiercfg.go:127.2,127.26 1 1
github.com/cgrates/cgrates/config/apiercfg.go:138.2,138.8 1 1
github.com/cgrates/cgrates/config/apiercfg.go:94.29,96.41 2 1
github.com/cgrates/cgrates/config/apiercfg.go:103.3,103.49 1 1
github.com/cgrates/cgrates/config/apiercfg.go:96.41,97.75 1 1
github.com/cgrates/cgrates/config/apiercfg.go:97.75,99.5 1 1
github.com/cgrates/cgrates/config/apiercfg.go:99.10,101.5 1 1
github.com/cgrates/cgrates/config/apiercfg.go:105.32,107.44 2 1
github.com/cgrates/cgrates/config/apiercfg.go:114.3,114.55 1 1
github.com/cgrates/cgrates/config/apiercfg.go:107.44,108.78 1 1
github.com/cgrates/cgrates/config/apiercfg.go:108.78,110.5 1 1
github.com/cgrates/cgrates/config/apiercfg.go:110.10,112.5 1 1
github.com/cgrates/cgrates/config/apiercfg.go:116.33,118.45 2 1
github.com/cgrates/cgrates/config/apiercfg.go:125.3,125.57 1 1
github.com/cgrates/cgrates/config/apiercfg.go:118.45,119.79 1 1
github.com/cgrates/cgrates/config/apiercfg.go:119.79,121.5 1 1
github.com/cgrates/cgrates/config/apiercfg.go:121.10,123.5 1 1
github.com/cgrates/cgrates/config/apiercfg.go:127.26,129.38 2 1
github.com/cgrates/cgrates/config/apiercfg.go:136.3,136.43 1 1
github.com/cgrates/cgrates/config/apiercfg.go:129.38,130.72 1 1
github.com/cgrates/cgrates/config/apiercfg.go:130.72,132.5 1 1
github.com/cgrates/cgrates/config/apiercfg.go:132.10,134.5 1 1
