mode: set
github.com/cgrates/cgrates/apis/ping.go:29.78,32.2 2 1
github.com/cgrates/cgrates/apis/rates.go:28.124,29.86 1 0
github.com/cgrates/cgrates/apis/rates.go:32.2,33.30 2 0
github.com/cgrates/cgrates/apis/rates.go:36.2,37.16 2 0
github.com/cgrates/cgrates/apis/rates.go:43.2,44.12 2 0
github.com/cgrates/cgrates/apis/rates.go:29.86,31.3 1 0
github.com/cgrates/cgrates/apis/rates.go:33.30,35.3 1 0
github.com/cgrates/cgrates/apis/rates.go:37.16,38.47 1 0
github.com/cgrates/cgrates/apis/rates.go:41.3,41.13 1 0
github.com/cgrates/cgrates/apis/rates.go:38.47,40.4 1 0
github.com/cgrates/cgrates/apis/rates.go:48.124,50.30 2 0
github.com/cgrates/cgrates/apis/rates.go:53.2,55.16 3 0
github.com/cgrates/cgrates/apis/rates.go:58.2,58.20 1 0
github.com/cgrates/cgrates/apis/rates.go:61.2,62.27 2 0
github.com/cgrates/cgrates/apis/rates.go:65.2,66.12 2 0
github.com/cgrates/cgrates/apis/rates.go:50.30,52.3 1 0
github.com/cgrates/cgrates/apis/rates.go:55.16,57.3 1 0
github.com/cgrates/cgrates/apis/rates.go:58.20,60.3 1 0
github.com/cgrates/cgrates/apis/rates.go:62.27,64.3 1 0
github.com/cgrates/cgrates/apis/rates.go:71.123,73.30 2 0
github.com/cgrates/cgrates/apis/rates.go:76.2,78.74 3 0
github.com/cgrates/cgrates/apis/rates.go:81.2,81.20 1 0
github.com/cgrates/cgrates/apis/rates.go:84.2,85.8 2 0
github.com/cgrates/cgrates/apis/rates.go:73.30,75.3 1 0
github.com/cgrates/cgrates/apis/rates.go:78.74,80.3 1 0
github.com/cgrates/cgrates/apis/rates.go:81.20,83.3 1 0
github.com/cgrates/cgrates/apis/rates.go:89.108,90.99 1 0
github.com/cgrates/cgrates/apis/rates.go:93.2,93.37 1 0
github.com/cgrates/cgrates/apis/rates.go:96.2,97.16 2 0
github.com/cgrates/cgrates/apis/rates.go:100.2,100.64 1 0
github.com/cgrates/cgrates/apis/rates.go:104.2,104.114 1 0
github.com/cgrates/cgrates/apis/rates.go:107.2,108.67 1 0
github.com/cgrates/cgrates/apis/rates.go:111.2,112.12 2 0
github.com/cgrates/cgrates/apis/rates.go:90.99,92.3 1 0
github.com/cgrates/cgrates/apis/rates.go:93.37,95.3 1 0
github.com/cgrates/cgrates/apis/rates.go:97.16,99.3 1 0
github.com/cgrates/cgrates/apis/rates.go:100.64,102.3 1 0
github.com/cgrates/cgrates/apis/rates.go:104.114,106.3 1 0
github.com/cgrates/cgrates/apis/rates.go:108.67,110.3 1 0
github.com/cgrates/cgrates/apis/rates.go:116.119,117.99 1 0
github.com/cgrates/cgrates/apis/rates.go:120.2,120.37 1 0
github.com/cgrates/cgrates/apis/rates.go:123.2,124.16 2 0
github.com/cgrates/cgrates/apis/rates.go:127.2,127.68 1 0
github.com/cgrates/cgrates/apis/rates.go:131.2,131.113 1 0
github.com/cgrates/cgrates/apis/rates.go:134.2,135.67 1 0
github.com/cgrates/cgrates/apis/rates.go:138.2,139.12 2 0
github.com/cgrates/cgrates/apis/rates.go:117.99,119.3 1 0
github.com/cgrates/cgrates/apis/rates.go:120.37,122.3 1 0
github.com/cgrates/cgrates/apis/rates.go:124.16,126.3 1 0
github.com/cgrates/cgrates/apis/rates.go:127.68,129.3 1 0
github.com/cgrates/cgrates/apis/rates.go:131.113,133.3 1 0
github.com/cgrates/cgrates/apis/rates.go:135.67,137.3 1 0
github.com/cgrates/cgrates/apis/rates.go:143.124,144.87 1 0
github.com/cgrates/cgrates/apis/rates.go:147.2,148.30 2 0
github.com/cgrates/cgrates/apis/rates.go:151.2,151.94 1 0
github.com/cgrates/cgrates/apis/rates.go:155.2,155.114 1 0
github.com/cgrates/cgrates/apis/rates.go:158.2,159.76 1 0
github.com/cgrates/cgrates/apis/rates.go:162.2,163.12 2 0
github.com/cgrates/cgrates/apis/rates.go:144.87,146.3 1 0
github.com/cgrates/cgrates/apis/rates.go:148.30,150.3 1 0
github.com/cgrates/cgrates/apis/rates.go:151.94,153.3 1 0
github.com/cgrates/cgrates/apis/rates.go:155.114,157.3 1 0
github.com/cgrates/cgrates/apis/rates.go:159.76,161.3 1 0
github.com/cgrates/cgrates/apis/rates.go:167.116,168.86 1 0
github.com/cgrates/cgrates/apis/rates.go:171.2,172.30 2 0
github.com/cgrates/cgrates/apis/rates.go:175.2,176.45 1 0
github.com/cgrates/cgrates/apis/rates.go:180.2,180.114 1 0
github.com/cgrates/cgrates/apis/rates.go:183.2,184.74 1 0
github.com/cgrates/cgrates/apis/rates.go:187.2,188.12 2 0
github.com/cgrates/cgrates/apis/rates.go:168.86,170.3 1 0
github.com/cgrates/cgrates/apis/rates.go:172.30,174.3 1 0
github.com/cgrates/cgrates/apis/rates.go:176.45,178.3 1 0
github.com/cgrates/cgrates/apis/rates.go:180.114,182.3 1 0
github.com/cgrates/cgrates/apis/rates.go:184.74,186.3 1 0
github.com/cgrates/cgrates/apis/rates.go:191.46,193.2 1 0
github.com/cgrates/cgrates/apis/rates.go:202.130,204.2 1 0
github.com/cgrates/cgrates/apis/admins.go:26.104,32.2 1 0
github.com/cgrates/cgrates/apis/attributes.go:30.144,31.86 1 1
github.com/cgrates/cgrates/apis/attributes.go:34.2,35.30 2 1
github.com/cgrates/cgrates/apis/attributes.go:38.2,39.113 2 1
github.com/cgrates/cgrates/apis/attributes.go:45.2,47.12 3 1
github.com/cgrates/cgrates/apis/attributes.go:31.86,33.3 1 1
github.com/cgrates/cgrates/apis/attributes.go:35.30,37.3 1 1
github.com/cgrates/cgrates/apis/attributes.go:39.113,40.47 1 1
github.com/cgrates/cgrates/apis/attributes.go:43.3,43.9 1 1
github.com/cgrates/cgrates/apis/attributes.go:40.47,42.4 1 1
github.com/cgrates/cgrates/apis/attributes.go:51.129,53.30 2 1
github.com/cgrates/cgrates/apis/attributes.go:56.2,58.16 3 1
github.com/cgrates/cgrates/apis/attributes.go:61.2,61.20 1 1
github.com/cgrates/cgrates/apis/attributes.go:64.2,65.27 2 1
github.com/cgrates/cgrates/apis/attributes.go:68.2,69.12 2 1
github.com/cgrates/cgrates/apis/attributes.go:53.30,55.3 1 1
github.com/cgrates/cgrates/apis/attributes.go:58.16,60.3 1 1
github.com/cgrates/cgrates/apis/attributes.go:61.20,63.3 1 1
github.com/cgrates/cgrates/apis/attributes.go:65.27,67.3 1 1
github.com/cgrates/cgrates/apis/attributes.go:74.128,76.30 2 1
github.com/cgrates/cgrates/apis/attributes.go:79.2,81.74 3 1
github.com/cgrates/cgrates/apis/attributes.go:84.2,84.20 1 1
github.com/cgrates/cgrates/apis/attributes.go:87.2,88.8 2 1
github.com/cgrates/cgrates/apis/attributes.go:76.30,78.3 1 1
github.com/cgrates/cgrates/apis/attributes.go:81.74,83.3 1 1
github.com/cgrates/cgrates/apis/attributes.go:84.20,86.3 1 1
github.com/cgrates/cgrates/apis/attributes.go:92.120,93.106 1 1
github.com/cgrates/cgrates/apis/attributes.go:96.2,96.37 1 1
github.com/cgrates/cgrates/apis/attributes.go:99.2,100.16 2 1
github.com/cgrates/cgrates/apis/attributes.go:103.2,103.71 1 1
github.com/cgrates/cgrates/apis/attributes.go:107.2,108.86 1 1
github.com/cgrates/cgrates/apis/attributes.go:111.2,112.83 1 1
github.com/cgrates/cgrates/apis/attributes.go:115.2,116.12 2 1
github.com/cgrates/cgrates/apis/attributes.go:93.106,95.3 1 1
github.com/cgrates/cgrates/apis/attributes.go:96.37,98.3 1 1
github.com/cgrates/cgrates/apis/attributes.go:100.16,102.3 1 1
github.com/cgrates/cgrates/apis/attributes.go:103.71,105.3 1 1
github.com/cgrates/cgrates/apis/attributes.go:108.86,110.3 1 1
github.com/cgrates/cgrates/apis/attributes.go:112.83,114.3 1 1
github.com/cgrates/cgrates/apis/attributes.go:120.121,121.86 1 1
github.com/cgrates/cgrates/apis/attributes.go:124.2,125.30 2 1
github.com/cgrates/cgrates/apis/attributes.go:128.2,129.45 1 1
github.com/cgrates/cgrates/apis/attributes.go:133.2,133.119 1 1
github.com/cgrates/cgrates/apis/attributes.go:136.2,137.74 1 1
github.com/cgrates/cgrates/apis/attributes.go:140.2,141.12 2 1
github.com/cgrates/cgrates/apis/attributes.go:121.86,123.3 1 1
github.com/cgrates/cgrates/apis/attributes.go:125.30,127.3 1 1
github.com/cgrates/cgrates/apis/attributes.go:129.45,131.3 1 1
github.com/cgrates/cgrates/apis/attributes.go:133.119,135.3 1 1
github.com/cgrates/cgrates/apis/attributes.go:137.74,139.3 1 1
github.com/cgrates/cgrates/apis/attributes.go:145.68,147.2 1 1
github.com/cgrates/cgrates/apis/attributes.go:157.46,159.2 1 1
github.com/cgrates/cgrates/apis/attributes.go:164.46,166.2 1 1
github.com/cgrates/cgrates/apis/cache.go:36.51,38.2 1 1
github.com/cgrates/cgrates/apis/cache.go:42.25,44.2 1 1
github.com/cgrates/cgrates/apis/cache.go:48.21,50.2 1 1
github.com/cgrates/cgrates/apis/cache.go:54.26,56.2 1 0
github.com/cgrates/cgrates/apis/cache.go:60.23,62.2 1 1
github.com/cgrates/cgrates/apis/cache.go:66.23,68.2 1 1
github.com/cgrates/cgrates/apis/cache.go:72.23,74.2 1 1
github.com/cgrates/cgrates/apis/cache.go:78.46,80.2 1 0
github.com/cgrates/cgrates/apis/cache.go:83.107,85.2 1 0
github.com/cgrates/cgrates/apis/cache.go:89.26,91.2 1 0
github.com/cgrates/cgrates/apis/cache.go:95.30,97.2 1 0
github.com/cgrates/cgrates/apis/cache.go:101.28,103.2 1 0
github.com/cgrates/cgrates/apis/cache.go:106.125,108.2 1 0
github.com/cgrates/cgrates/apis/cache.go:111.123,113.2 1 0
github.com/cgrates/cgrates/apis/cache.go:116.98,118.2 1 0
github.com/cgrates/cgrates/apis/cache.go:121.104,123.2 1 0
github.com/cgrates/cgrates/apis/config.go:27.53,31.2 1 0
github.com/cgrates/cgrates/apis/config.go:41.135,43.2 1 0
github.com/cgrates/cgrates/apis/config.go:47.111,49.2 1 0
github.com/cgrates/cgrates/apis/config.go:52.111,54.2 1 0
github.com/cgrates/cgrates/apis/config.go:57.127,59.2 1 0
github.com/cgrates/cgrates/apis/config.go:63.122,65.2 1 0
github.com/cgrates/cgrates/apis/config.go:69.119,71.2 1 0
github.com/cgrates/cgrates/apis/libadmin.go:32.81,35.77 3 1
github.com/cgrates/cgrates/apis/libadmin.go:68.2,69.24 1 1
github.com/cgrates/cgrates/apis/libadmin.go:36.22,37.9 1 1
github.com/cgrates/cgrates/apis/libadmin.go:38.24,40.105 2 0
github.com/cgrates/cgrates/apis/libadmin.go:43.22,45.105 2 0
github.com/cgrates/cgrates/apis/libadmin.go:48.24,50.105 2 1
github.com/cgrates/cgrates/apis/libadmin.go:53.23,57.65 3 0
github.com/cgrates/cgrates/apis/libadmin.go:60.3,65.4 2 0
github.com/cgrates/cgrates/apis/libadmin.go:40.105,42.4 1 0
github.com/cgrates/cgrates/apis/libadmin.go:45.105,47.4 1 0
github.com/cgrates/cgrates/apis/libadmin.go:50.105,52.4 1 0
github.com/cgrates/cgrates/apis/libadmin.go:57.65,59.4 1 0
github.com/cgrates/cgrates/apis/libadmin.go:74.212,82.22 2 1
github.com/cgrates/cgrates/apis/libadmin.go:86.2,87.26 2 1
github.com/cgrates/cgrates/apis/libadmin.go:100.2,101.32 2 0
github.com/cgrates/cgrates/apis/libadmin.go:122.2,123.44 1 0
github.com/cgrates/cgrates/apis/libadmin.go:131.2,132.31 2 0
github.com/cgrates/cgrates/apis/libadmin.go:137.2,137.8 1 0
github.com/cgrates/cgrates/apis/libadmin.go:82.22,84.3 1 0
github.com/cgrates/cgrates/apis/libadmin.go:87.26,90.45 2 1
github.com/cgrates/cgrates/apis/libadmin.go:94.3,95.32 2 1
github.com/cgrates/cgrates/apis/libadmin.go:98.3,98.9 1 1
github.com/cgrates/cgrates/apis/libadmin.go:90.45,93.4 2 0
github.com/cgrates/cgrates/apis/libadmin.go:95.32,97.4 1 0
github.com/cgrates/cgrates/apis/libadmin.go:101.32,103.98 2 0
github.com/cgrates/cgrates/apis/libadmin.go:106.3,106.34 1 0
github.com/cgrates/cgrates/apis/libadmin.go:103.98,105.4 1 0
github.com/cgrates/cgrates/apis/libadmin.go:106.34,107.46 1 0
github.com/cgrates/cgrates/apis/libadmin.go:110.4,111.38 2 0
github.com/cgrates/cgrates/apis/libadmin.go:107.46,108.13 1 0
github.com/cgrates/cgrates/apis/libadmin.go:111.38,112.14 1 0
github.com/cgrates/cgrates/apis/libadmin.go:112.14,113.61 1 0
github.com/cgrates/cgrates/apis/libadmin.go:113.61,115.7 1 0
github.com/cgrates/cgrates/apis/libadmin.go:116.11,116.66 1 0
github.com/cgrates/cgrates/apis/libadmin.go:116.66,118.6 1 0
github.com/cgrates/cgrates/apis/libadmin.go:123.44,125.34 2 0
github.com/cgrates/cgrates/apis/libadmin.go:128.3,128.9 1 0
github.com/cgrates/cgrates/apis/libadmin.go:125.34,127.4 1 0
github.com/cgrates/cgrates/apis/libadmin.go:132.31,133.34 1 0
github.com/cgrates/cgrates/apis/libadmin.go:133.34,135.4 1 0
