mode: set
github.com/cgrates/cgrates/registrarc/libregistrarc.go:35.121,41.35 2 0
github.com/cgrates/cgrates/registrarc/libregistrarc.go:57.2,57.8 1 0
github.com/cgrates/cgrates/registrarc/libregistrarc.go:41.35,45.29 2 0
github.com/cgrates/cgrates/registrarc/libregistrarc.go:50.3,55.4 1 0
github.com/cgrates/cgrates/registrarc/libregistrarc.go:45.29,49.4 2 0
github.com/cgrates/cgrates/registrarc/libregistrarc.go:77.88,79.35 2 0
github.com/cgrates/cgrates/registrarc/libregistrarc.go:82.2,82.8 1 0
github.com/cgrates/cgrates/registrarc/libregistrarc.go:79.35,81.3 1 0
github.com/cgrates/cgrates/registrarc/libregistrarc.go:86.85,96.2 1 0
github.com/cgrates/cgrates/registrarc/libregistrarc.go:99.91,105.35 2 0
github.com/cgrates/cgrates/registrarc/libregistrarc.go:108.2,108.8 1 0
github.com/cgrates/cgrates/registrarc/libregistrarc.go:105.35,107.3 1 0
github.com/cgrates/cgrates/registrarc/libregistrarc.go:119.56,126.39 7 0
github.com/cgrates/cgrates/registrarc/libregistrarc.go:129.2,129.77 1 0
github.com/cgrates/cgrates/registrarc/libregistrarc.go:126.39,128.3 1 0
github.com/cgrates/cgrates/registrarc/libregistrarc.go:129.77,132.3 1 0
github.com/cgrates/cgrates/registrarc/libregistrarc.go:135.60,138.16 3 1
github.com/cgrates/cgrates/registrarc/libregistrarc.go:143.2,144.21 2 1
github.com/cgrates/cgrates/registrarc/libregistrarc.go:224.2,224.15 1 1
github.com/cgrates/cgrates/registrarc/libregistrarc.go:227.2,227.21 1 0
github.com/cgrates/cgrates/registrarc/libregistrarc.go:138.16,142.3 2 0
github.com/cgrates/cgrates/registrarc/libregistrarc.go:145.10,149.22 3 0
github.com/cgrates/cgrates/registrarc/libregistrarc.go:150.51,153.62 3 0
github.com/cgrates/cgrates/registrarc/libregistrarc.go:158.3,158.31 1 0
github.com/cgrates/cgrates/registrarc/libregistrarc.go:167.49,169.17 2 0
github.com/cgrates/cgrates/registrarc/libregistrarc.go:173.3,173.25 1 0
github.com/cgrates/cgrates/registrarc/libregistrarc.go:183.44,186.62 3 1
github.com/cgrates/cgrates/registrarc/libregistrarc.go:191.3,194.84 4 1
github.com/cgrates/cgrates/registrarc/libregistrarc.go:202.3,202.61 1 1
github.com/cgrates/cgrates/registrarc/libregistrarc.go:203.42,205.17 2 0
github.com/cgrates/cgrates/registrarc/libregistrarc.go:208.3,209.25 2 0
github.com/cgrates/cgrates/registrarc/libregistrarc.go:212.3,214.64 3 0
github.com/cgrates/cgrates/registrarc/libregistrarc.go:222.3,222.61 1 0
github.com/cgrates/cgrates/registrarc/libregistrarc.go:153.62,157.4 2 0
github.com/cgrates/cgrates/registrarc/libregistrarc.go:158.31,159.143 1 0
github.com/cgrates/cgrates/registrarc/libregistrarc.go:159.143,163.13 3 0
github.com/cgrates/cgrates/registrarc/libregistrarc.go:169.17,171.4 1 0
github.com/cgrates/cgrates/registrarc/libregistrarc.go:173.25,175.47 1 0
github.com/cgrates/cgrates/registrarc/libregistrarc.go:175.47,179.13 3 0
github.com/cgrates/cgrates/registrarc/libregistrarc.go:186.62,190.4 2 0
github.com/cgrates/cgrates/registrarc/libregistrarc.go:194.84,196.47 1 1
github.com/cgrates/cgrates/registrarc/libregistrarc.go:196.47,200.5 2 1
github.com/cgrates/cgrates/registrarc/libregistrarc.go:205.17,207.4 1 0
github.com/cgrates/cgrates/registrarc/libregistrarc.go:209.25,211.4 1 0
github.com/cgrates/cgrates/registrarc/libregistrarc.go:214.64,216.47 1 0
github.com/cgrates/cgrates/registrarc/libregistrarc.go:216.47,220.5 2 0
github.com/cgrates/cgrates/registrarc/libregistrarc.go:224.15,226.3 1 1
github.com/cgrates/cgrates/registrarc/libregistrarc.go:230.94,233.19 3 0
github.com/cgrates/cgrates/registrarc/libregistrarc.go:258.2,258.59 1 0
github.com/cgrates/cgrates/registrarc/libregistrarc.go:261.2,262.8 2 0
github.com/cgrates/cgrates/registrarc/libregistrarc.go:234.22,235.10 1 0
github.com/cgrates/cgrates/registrarc/libregistrarc.go:240.21,241.10 1 0
github.com/cgrates/cgrates/registrarc/libregistrarc.go:246.26,247.10 1 0
github.com/cgrates/cgrates/registrarc/libregistrarc.go:252.3,252.43 1 0
github.com/cgrates/cgrates/registrarc/libregistrarc.go:253.27,254.43 1 0
github.com/cgrates/cgrates/registrarc/libregistrarc.go:255.26,256.42 1 0
github.com/cgrates/cgrates/registrarc/libregistrarc.go:235.10,237.4 1 0
github.com/cgrates/cgrates/registrarc/libregistrarc.go:237.9,239.4 1 0
github.com/cgrates/cgrates/registrarc/libregistrarc.go:241.10,243.4 1 0
github.com/cgrates/cgrates/registrarc/libregistrarc.go:243.9,245.4 1 0
github.com/cgrates/cgrates/registrarc/libregistrarc.go:247.10,249.4 1 0
github.com/cgrates/cgrates/registrarc/libregistrarc.go:249.9,251.4 1 0
github.com/cgrates/cgrates/registrarc/libregistrarc.go:258.59,260.3 1 0
github.com/cgrates/cgrates/registrarc/libregistrarc.go:265.116,268.58 3 0
github.com/cgrates/cgrates/registrarc/libregistrarc.go:273.2,274.52 2 0
github.com/cgrates/cgrates/registrarc/libregistrarc.go:280.2,280.41 1 0
github.com/cgrates/cgrates/registrarc/libregistrarc.go:268.58,272.3 2 0
github.com/cgrates/cgrates/registrarc/libregistrarc.go:274.52,278.3 2 0
github.com/cgrates/cgrates/registrarc/registrarc.go:32.50,37.2 1 0
github.com/cgrates/cgrates/registrarc/registrarc.go:47.81,50.73 3 0
github.com/cgrates/cgrates/registrarc/registrarc.go:54.2,54.66 1 0
github.com/cgrates/cgrates/registrarc/registrarc.go:58.2,58.6 1 0
github.com/cgrates/cgrates/registrarc/registrarc.go:50.73,53.3 2 0
github.com/cgrates/cgrates/registrarc/registrarc.go:54.66,57.3 2 0
github.com/cgrates/cgrates/registrarc/registrarc.go:58.6,59.10 1 0
github.com/cgrates/cgrates/registrarc/registrarc.go:60.18,61.18 1 0
github.com/cgrates/cgrates/registrarc/registrarc.go:64.4,64.18 1 0
github.com/cgrates/cgrates/registrarc/registrarc.go:67.4,67.75 1 0
github.com/cgrates/cgrates/registrarc/registrarc.go:71.4,71.68 1 0
github.com/cgrates/cgrates/registrarc/registrarc.go:75.19,76.50 1 0
github.com/cgrates/cgrates/registrarc/registrarc.go:79.4,79.43 1 0
github.com/cgrates/cgrates/registrarc/registrarc.go:82.4,82.10 1 0
github.com/cgrates/cgrates/registrarc/registrarc.go:83.16,85.65 2 0
github.com/cgrates/cgrates/registrarc/registrarc.go:86.16,88.58 2 0
github.com/cgrates/cgrates/registrarc/registrarc.go:61.18,63.5 1 0
github.com/cgrates/cgrates/registrarc/registrarc.go:64.18,66.5 1 0
github.com/cgrates/cgrates/registrarc/registrarc.go:67.75,70.5 2 0
github.com/cgrates/cgrates/registrarc/registrarc.go:71.68,74.5 2 0
github.com/cgrates/cgrates/registrarc/registrarc.go:76.50,78.5 1 0
github.com/cgrates/cgrates/registrarc/registrarc.go:79.43,81.5 1 0
github.com/cgrates/cgrates/registrarc/registrarc.go:94.42,96.48 2 0
github.com/cgrates/cgrates/registrarc/registrarc.go:100.2,100.41 1 0
github.com/cgrates/cgrates/registrarc/registrarc.go:104.2,104.84 1 0
github.com/cgrates/cgrates/registrarc/registrarc.go:96.48,99.3 1 0
github.com/cgrates/cgrates/registrarc/registrarc.go:100.41,103.3 1 0
github.com/cgrates/cgrates/registrarc/registrarc.go:107.51,108.76 1 0
github.com/cgrates/cgrates/registrarc/registrarc.go:125.2,125.8 1 0
github.com/cgrates/cgrates/registrarc/registrarc.go:108.76,109.71 1 0
github.com/cgrates/cgrates/registrarc/registrarc.go:109.71,110.32 1 0
github.com/cgrates/cgrates/registrarc/registrarc.go:113.4,114.18 2 0
github.com/cgrates/cgrates/registrarc/registrarc.go:117.4,118.122 2 0
github.com/cgrates/cgrates/registrarc/registrarc.go:110.32,112.5 1 0
github.com/cgrates/cgrates/registrarc/registrarc.go:114.18,115.13 1 0
github.com/cgrates/cgrates/registrarc/registrarc.go:118.122,121.13 2 0
github.com/cgrates/cgrates/registrarc/registrarc.go:128.50,129.69 1 0
github.com/cgrates/cgrates/registrarc/registrarc.go:146.2,146.8 1 0
github.com/cgrates/cgrates/registrarc/registrarc.go:129.69,130.64 1 0
github.com/cgrates/cgrates/registrarc/registrarc.go:130.64,131.32 1 0
github.com/cgrates/cgrates/registrarc/registrarc.go:134.4,135.18 2 0
github.com/cgrates/cgrates/registrarc/registrarc.go:138.4,139.115 2 0
github.com/cgrates/cgrates/registrarc/registrarc.go:131.32,133.5 1 0
github.com/cgrates/cgrates/registrarc/registrarc.go:135.18,136.13 1 0
github.com/cgrates/cgrates/registrarc/registrarc.go:139.115,142.13 2 0
github.com/cgrates/cgrates/registrarc/registrarc.go:149.102,151.48 2 0
github.com/cgrates/cgrates/registrarc/registrarc.go:151.48,152.43 1 0
github.com/cgrates/cgrates/registrarc/registrarc.go:152.43,153.32 1 0
github.com/cgrates/cgrates/registrarc/registrarc.go:156.4,156.111 1 0
github.com/cgrates/cgrates/registrarc/registrarc.go:153.32,155.5 1 0
github.com/cgrates/cgrates/registrarc/registrarc.go:156.111,159.5 1 0
